[ 2018-03-04T21:45:43+08:00 ] 127.0.0.1 /wish1/
INFO: [ app_begin ] --START--
INFO: ReadHtmlCache Behavior ::run [ RunTime:0.002366s ]
INFO: [ app_begin ] --END-- [ RunTime:0.009345s ]
INFO: [ view_parse ] --START--
INFO: ParseTemplate Behavior ::run [ RunTime:0.052587s ]
INFO: [ view_parse ] --END-- [ RunTime:0.052815s ]
INFO: [ view_filter ] --START--
INFO: ContentReplace Behavior ::run [ RunTime:0.001498s ]
INFO: TokenBuild Behavior ::run [ RunTime:0.002561s ]
INFO: WriteHtmlCache Behavior ::run [ RunTime:0.004560s ]
INFO: ShowRuntime Behavior ::run [ RunTime:0.001785s ]
INFO: [ view_filter ] --END-- [ RunTime:0.011004s ]
INFO: [ view_end ] --START--
INFO: ShowPageTrace Behavior ::run [ RunTime:0.001714s ]
INFO: [ view_end ] --END-- [ RunTime:0.001883s ]

[ 2018-03-04T22:05:38+08:00 ] 127.0.0.1 /wish1/index.php/Index/Index/handle
INFO: [ route_check ] --START--
INFO: CheckRoute Behavior ::run [ RunTime:0.019699s ]
INFO: [ route_check ] --END-- [ RunTime:0.019986s ]
INFO: [ app_begin ] --START--
INFO: ReadHtmlCache Behavior ::run [ RunTime:0.002112s ]
INFO: [ app_begin ] --END-- [ RunTime:0.002306s ]

[ 2018-03-04T22:05:53+08:00 ] 127.0.0.1 /wish1/index.php/Index/Index/handle
INFO: [ route_check ] --START--
INFO: CheckRoute Behavior ::run [ RunTime:0.002010s ]
INFO: [ route_check ] --END-- [ RunTime:0.002298s ]
INFO: [ app_begin ] --START--
INFO: ReadHtmlCache Behavior ::run [ RunTime:0.001431s ]
INFO: [ app_begin ] --END-- [ RunTime:0.001632s ]

