[ 2018-03-03T00:05:18+08:00 ] 127.0.0.1 /wish1/
INFO: [ app_begin ] --START--
INFO: ReadHtmlCache Behavior ::run [ RunTime:0.001734s ]
INFO: [ app_begin ] --END-- [ RunTime:0.001969s ]
INFO: [ view_parse ] --START--
INFO: ParseTemplate Behavior ::run [ RunTime:0.017617s ]
INFO: [ view_parse ] --END-- [ RunTime:0.017864s ]
INFO: [ view_filter ] --START--
INFO: ContentReplace Behavior ::run [ RunTime:0.001505s ]
INFO: TokenBuild Behavior ::run [ RunTime:0.001364s ]
INFO: WriteHtmlCache Behavior ::run [ RunTime:0.001094s ]
INFO: ShowRuntime Behavior ::run [ RunTime:0.001562s ]
INFO: [ view_filter ] --END-- [ RunTime:0.006019s ]
INFO: [ view_end ] --START--
INFO: ShowPageTrace Behavior ::run [ RunTime:0.001557s ]
INFO: [ view_end ] --END-- [ RunTime:0.001725s ]

[ 2018-03-03T00:05:51+08:00 ] 127.0.0.1 /wish1/
INFO: [ app_begin ] --START--
INFO: ReadHtmlCache Behavior ::run [ RunTime:0.003568s ]
INFO: [ app_begin ] --END-- [ RunTime:0.003794s ]
ERR: 模板不存在[./App/Tpl/Index/Index/index.html]

[ 2018-03-03T00:06:25+08:00 ] 127.0.0.1 /wish1/
INFO: [ app_begin ] --START--
INFO: ReadHtmlCache Behavior ::run [ RunTime:0.001440s ]
INFO: [ app_begin ] --END-- [ RunTime:0.001674s ]
ERR: 模板不存在[./App/Tpl/Index/Index_index.html]

[ 2018-03-03T00:07:38+08:00 ] 127.0.0.1 /wish1/
INFO: [ app_begin ] --START--
INFO: ReadHtmlCache Behavior ::run [ RunTime:0.001623s ]
INFO: [ app_begin ] --END-- [ RunTime:0.001837s ]
INFO: [ view_parse ] --START--
INFO: ParseTemplate Behavior ::run [ RunTime:0.026010s ]
INFO: [ view_parse ] --END-- [ RunTime:0.026275s ]
INFO: [ view_filter ] --START--
INFO: ContentReplace Behavior ::run [ RunTime:0.001110s ]
INFO: TokenBuild Behavior ::run [ RunTime:0.000949s ]
INFO: WriteHtmlCache Behavior ::run [ RunTime:0.000739s ]
INFO: ShowRuntime Behavior ::run [ RunTime:0.001860s ]
INFO: [ view_filter ] --END-- [ RunTime:0.005289s ]
INFO: [ view_end ] --START--
INFO: ShowPageTrace Behavior ::run [ RunTime:0.001291s ]
INFO: [ view_end ] --END-- [ RunTime:0.001464s ]

[ 2018-03-03T00:12:09+08:00 ] 127.0.0.1 /wish1/
INFO: [ app_begin ] --START--
INFO: ReadHtmlCache Behavior ::run [ RunTime:0.012156s ]
INFO: [ app_begin ] --END-- [ RunTime:0.012391s ]
INFO: [ view_parse ] --START--
INFO: ParseTemplate Behavior ::run [ RunTime:0.016579s ]
INFO: [ view_parse ] --END-- [ RunTime:0.016807s ]
INFO: [ view_filter ] --START--
INFO: ContentReplace Behavior ::run [ RunTime:0.000978s ]
INFO: TokenBuild Behavior ::run [ RunTime:0.001169s ]
INFO: WriteHtmlCache Behavior ::run [ RunTime:0.005717s ]
INFO: ShowRuntime Behavior ::run [ RunTime:0.001373s ]
INFO: [ view_filter ] --END-- [ RunTime:0.009780s ]
INFO: [ view_end ] --START--
INFO: ShowPageTrace Behavior ::run [ RunTime:0.001635s ]
INFO: [ view_end ] --END-- [ RunTime:0.001819s ]

[ 2018-03-03T00:13:28+08:00 ] 127.0.0.1 /wish1/
INFO: [ app_begin ] --START--
INFO: ReadHtmlCache Behavior ::run [ RunTime:0.002304s ]
INFO: [ app_begin ] --END-- [ RunTime:0.002551s ]
INFO: [ view_parse ] --START--
INFO: ParseTemplate Behavior ::run [ RunTime:0.027331s ]
INFO: [ view_parse ] --END-- [ RunTime:0.027594s ]
INFO: [ view_filter ] --START--
INFO: ContentReplace Behavior ::run [ RunTime:0.002053s ]
INFO: TokenBuild Behavior ::run [ RunTime:0.007946s ]
INFO: WriteHtmlCache Behavior ::run [ RunTime:0.001965s ]
INFO: ShowRuntime Behavior ::run [ RunTime:0.002096s ]
INFO: [ view_filter ] --END-- [ RunTime:0.014694s ]
INFO: [ view_end ] --START--
INFO: ShowPageTrace Behavior ::run [ RunTime:0.002085s ]
INFO: [ view_end ] --END-- [ RunTime:0.002274s ]

[ 2018-03-03T00:15:24+08:00 ] 127.0.0.1 /wish1/
INFO: [ app_begin ] --START--
INFO: ReadHtmlCache Behavior ::run [ RunTime:0.001417s ]
INFO: [ app_begin ] --END-- [ RunTime:0.001627s ]
INFO: [ view_parse ] --START--
INFO: ParseTemplate Behavior ::run [ RunTime:0.016039s ]
INFO: [ view_parse ] --END-- [ RunTime:0.016275s ]
INFO: [ view_filter ] --START--
INFO: ContentReplace Behavior ::run [ RunTime:0.000982s ]
INFO: TokenBuild Behavior ::run [ RunTime:0.000975s ]
INFO: WriteHtmlCache Behavior ::run [ RunTime:0.000758s ]
INFO: ShowRuntime Behavior ::run [ RunTime:0.001146s ]
INFO: [ view_filter ] --END-- [ RunTime:0.004395s ]
INFO: [ view_end ] --START--
INFO: ShowPageTrace Behavior ::run [ RunTime:0.001222s ]
INFO: [ view_end ] --END-- [ RunTime:0.001391s ]

[ 2018-03-03T00:15:27+08:00 ] 127.0.0.1 /wish1/
INFO: [ app_begin ] --START--
INFO: ReadHtmlCache Behavior ::run [ RunTime:0.001014s ]
INFO: [ app_begin ] --END-- [ RunTime:0.001225s ]
INFO: [ view_parse ] --START--
INFO: ParseTemplate Behavior ::run [ RunTime:0.014893s ]
INFO: [ view_parse ] --END-- [ RunTime:0.015109s ]
INFO: [ view_filter ] --START--
INFO: ContentReplace Behavior ::run [ RunTime:0.000795s ]
INFO: TokenBuild Behavior ::run [ RunTime:0.000784s ]
INFO: WriteHtmlCache Behavior ::run [ RunTime:0.000572s ]
INFO: ShowRuntime Behavior ::run [ RunTime:0.001195s ]
INFO: [ view_filter ] --END-- [ RunTime:0.003813s ]
INFO: [ view_end ] --START--
INFO: ShowPageTrace Behavior ::run [ RunTime:0.001055s ]
INFO: [ view_end ] --END-- [ RunTime:0.001225s ]

[ 2018-03-03T00:15:29+08:00 ] 127.0.0.1 /wish1/
INFO: [ app_begin ] --START--
INFO: ReadHtmlCache Behavior ::run [ RunTime:0.001406s ]
INFO: [ app_begin ] --END-- [ RunTime:0.001611s ]
INFO: [ view_parse ] --START--
INFO: ParseTemplate Behavior ::run [ RunTime:0.016043s ]
INFO: [ view_parse ] --END-- [ RunTime:0.016275s ]
INFO: [ view_filter ] --START--
INFO: ContentReplace Behavior ::run [ RunTime:0.001018s ]
INFO: TokenBuild Behavior ::run [ RunTime:0.000957s ]
INFO: WriteHtmlCache Behavior ::run [ RunTime:0.000996s ]
INFO: ShowRuntime Behavior ::run [ RunTime:0.001692s ]
INFO: [ view_filter ] --END-- [ RunTime:0.005181s ]
INFO: [ view_end ] --START--
INFO: ShowPageTrace Behavior ::run [ RunTime:0.001300s ]
INFO: [ view_end ] --END-- [ RunTime:0.001473s ]

[ 2018-03-03T00:15:31+08:00 ] 127.0.0.1 /wish1/
INFO: [ app_begin ] --START--
INFO: ReadHtmlCache Behavior ::run [ RunTime:0.002237s ]
INFO: [ app_begin ] --END-- [ RunTime:0.002443s ]
INFO: [ view_parse ] --START--
INFO: ParseTemplate Behavior ::run [ RunTime:0.019017s ]
INFO: [ view_parse ] --END-- [ RunTime:0.019505s ]
INFO: [ view_filter ] --START--
INFO: ContentReplace Behavior ::run [ RunTime:0.001563s ]
INFO: TokenBuild Behavior ::run [ RunTime:0.001350s ]
INFO: WriteHtmlCache Behavior ::run [ RunTime:0.001122s ]
INFO: ShowRuntime Behavior ::run [ RunTime:0.001531s ]
INFO: [ view_filter ] --END-- [ RunTime:0.006085s ]
INFO: [ view_end ] --START--
INFO: ShowPageTrace Behavior ::run [ RunTime:0.003313s ]
INFO: [ view_end ] --END-- [ RunTime:0.003507s ]

[ 2018-03-03T00:15:33+08:00 ] 127.0.0.1 /wish1/
INFO: [ app_begin ] --START--
INFO: ReadHtmlCache Behavior ::run [ RunTime:0.001431s ]
INFO: [ app_begin ] --END-- [ RunTime:0.001640s ]
INFO: [ view_parse ] --START--
INFO: ParseTemplate Behavior ::run [ RunTime:0.015043s ]
INFO: [ view_parse ] --END-- [ RunTime:0.015273s ]
INFO: [ view_filter ] --START--
INFO: ContentReplace Behavior ::run [ RunTime:0.000979s ]
INFO: TokenBuild Behavior ::run [ RunTime:0.000970s ]
INFO: WriteHtmlCache Behavior ::run [ RunTime:0.000754s ]
INFO: ShowRuntime Behavior ::run [ RunTime:0.001538s ]
INFO: [ view_filter ] --END-- [ RunTime:0.004697s ]
INFO: [ view_end ] --START--
INFO: ShowPageTrace Behavior ::run [ RunTime:0.001244s ]
INFO: [ view_end ] --END-- [ RunTime:0.001410s ]

[ 2018-03-03T00:15:35+08:00 ] 127.0.0.1 /wish1/
INFO: [ app_begin ] --START--
INFO: ReadHtmlCache Behavior ::run [ RunTime:0.001729s ]
INFO: [ app_begin ] --END-- [ RunTime:0.001984s ]
INFO: [ view_parse ] --START--
INFO: ParseTemplate Behavior ::run [ RunTime:0.018516s ]
INFO: [ view_parse ] --END-- [ RunTime:0.018746s ]
INFO: [ view_filter ] --START--
INFO: ContentReplace Behavior ::run [ RunTime:0.001360s ]
INFO: TokenBuild Behavior ::run [ RunTime:0.001305s ]
INFO: WriteHtmlCache Behavior ::run [ RunTime:0.001085s ]
INFO: ShowRuntime Behavior ::run [ RunTime:0.001540s ]
INFO: [ view_filter ] --END-- [ RunTime:0.005753s ]
INFO: [ view_end ] --START--
INFO: ShowPageTrace Behavior ::run [ RunTime:0.001553s ]
INFO: [ view_end ] --END-- [ RunTime:0.001722s ]

[ 2018-03-03T00:15:38+08:00 ] 127.0.0.1 /wish1/
INFO: [ app_begin ] --START--
INFO: ReadHtmlCache Behavior ::run [ RunTime:0.001672s ]
INFO: [ app_begin ] --END-- [ RunTime:0.001879s ]
INFO: [ view_parse ] --START--
INFO: ParseTemplate Behavior ::run [ RunTime:0.018813s ]
INFO: [ view_parse ] --END-- [ RunTime:0.019054s ]
INFO: [ view_filter ] --START--
INFO: ContentReplace Behavior ::run [ RunTime:0.001347s ]
INFO: TokenBuild Behavior ::run [ RunTime:0.001465s ]
INFO: WriteHtmlCache Behavior ::run [ RunTime:0.001116s ]
INFO: ShowRuntime Behavior ::run [ RunTime:0.001504s ]
INFO: [ view_filter ] --END-- [ RunTime:0.005896s ]
INFO: [ view_end ] --START--
INFO: ShowPageTrace Behavior ::run [ RunTime:0.001572s ]
INFO: [ view_end ] --END-- [ RunTime:0.001763s ]

[ 2018-03-03T00:15:40+08:00 ] 127.0.0.1 /wish1/
INFO: [ app_begin ] --START--
INFO: ReadHtmlCache Behavior ::run [ RunTime:0.001427s ]
INFO: [ app_begin ] --END-- [ RunTime:0.001635s ]
INFO: [ view_parse ] --START--
INFO: ParseTemplate Behavior ::run [ RunTime:0.016507s ]
INFO: [ view_parse ] --END-- [ RunTime:0.016811s ]
INFO: [ view_filter ] --START--
INFO: ContentReplace Behavior ::run [ RunTime:0.002509s ]
INFO: TokenBuild Behavior ::run [ RunTime:0.001114s ]
INFO: WriteHtmlCache Behavior ::run [ RunTime:0.000736s ]
INFO: ShowRuntime Behavior ::run [ RunTime:0.001113s ]
INFO: [ view_filter ] --END-- [ RunTime:0.005943s ]
INFO: [ view_end ] --START--
INFO: ShowPageTrace Behavior ::run [ RunTime:0.001193s ]
INFO: [ view_end ] --END-- [ RunTime:0.001360s ]

[ 2018-03-03T00:15:42+08:00 ] 127.0.0.1 /wish1/
INFO: [ app_begin ] --START--
INFO: ReadHtmlCache Behavior ::run [ RunTime:0.001414s ]
INFO: [ app_begin ] --END-- [ RunTime:0.001622s ]
INFO: [ view_parse ] --START--
INFO: ParseTemplate Behavior ::run [ RunTime:0.015494s ]
INFO: [ view_parse ] --END-- [ RunTime:0.015728s ]
INFO: [ view_filter ] --START--
INFO: ContentReplace Behavior ::run [ RunTime:0.001123s ]
INFO: TokenBuild Behavior ::run [ RunTime:0.001018s ]
INFO: WriteHtmlCache Behavior ::run [ RunTime:0.000754s ]
INFO: ShowRuntime Behavior ::run [ RunTime:0.001163s ]
INFO: [ view_filter ] --END-- [ RunTime:0.004616s ]
INFO: [ view_end ] --START--
INFO: ShowPageTrace Behavior ::run [ RunTime:0.003107s ]
INFO: [ view_end ] --END-- [ RunTime:0.003286s ]

[ 2018-03-03T00:15:44+08:00 ] 127.0.0.1 /wish1/
INFO: [ app_begin ] --START--
INFO: ReadHtmlCache Behavior ::run [ RunTime:0.001384s ]
INFO: [ app_begin ] --END-- [ RunTime:0.001585s ]
INFO: [ view_parse ] --START--
INFO: ParseTemplate Behavior ::run [ RunTime:0.021636s ]
INFO: [ view_parse ] --END-- [ RunTime:0.021913s ]
INFO: [ view_filter ] --START--
INFO: ContentReplace Behavior ::run [ RunTime:0.001601s ]
INFO: TokenBuild Behavior ::run [ RunTime:0.001057s ]
INFO: WriteHtmlCache Behavior ::run [ RunTime:0.000749s ]
INFO: ShowRuntime Behavior ::run [ RunTime:0.001192s ]
INFO: [ view_filter ] --END-- [ RunTime:0.005126s ]
INFO: [ view_end ] --START--
INFO: ShowPageTrace Behavior ::run [ RunTime:0.001245s ]
INFO: [ view_end ] --END-- [ RunTime:0.001425s ]

[ 2018-03-03T00:15:48+08:00 ] 127.0.0.1 /wish1/
INFO: [ app_begin ] --START--
INFO: ReadHtmlCache Behavior ::run [ RunTime:0.001019s ]
INFO: [ app_begin ] --END-- [ RunTime:0.001237s ]
INFO: [ view_parse ] --START--
INFO: ParseTemplate Behavior ::run [ RunTime:0.014427s ]
INFO: [ view_parse ] --END-- [ RunTime:0.014647s ]
INFO: [ view_filter ] --START--
INFO: ContentReplace Behavior ::run [ RunTime:0.000797s ]
INFO: TokenBuild Behavior ::run [ RunTime:0.000866s ]
INFO: WriteHtmlCache Behavior ::run [ RunTime:0.000663s ]
INFO: ShowRuntime Behavior ::run [ RunTime:0.001000s ]
INFO: [ view_filter ] --END-- [ RunTime:0.003800s ]
INFO: [ view_end ] --START--
INFO: ShowPageTrace Behavior ::run [ RunTime:0.001052s ]
INFO: [ view_end ] --END-- [ RunTime:0.001253s ]

[ 2018-03-03T00:19:39+08:00 ] 127.0.0.1 /wish1/
INFO: [ app_begin ] --START--
INFO: ReadHtmlCache Behavior ::run [ RunTime:0.001364s ]
INFO: [ app_begin ] --END-- [ RunTime:0.001583s ]
INFO: [ view_parse ] --START--
INFO: ParseTemplate Behavior ::run [ RunTime:0.015972s ]
INFO: [ view_parse ] --END-- [ RunTime:0.016234s ]
INFO: [ view_filter ] --START--
INFO: ContentReplace Behavior ::run [ RunTime:0.003727s ]
INFO: TokenBuild Behavior ::run [ RunTime:0.001045s ]
INFO: WriteHtmlCache Behavior ::run [ RunTime:0.000750s ]
INFO: ShowRuntime Behavior ::run [ RunTime:0.001150s ]
INFO: [ view_filter ] --END-- [ RunTime:0.007179s ]
INFO: [ view_end ] --START--
INFO: ShowPageTrace Behavior ::run [ RunTime:0.001204s ]
INFO: [ view_end ] --END-- [ RunTime:0.001373s ]

[ 2018-03-03T00:20:14+08:00 ] 127.0.0.1 /wish1/
INFO: [ app_begin ] --START--
INFO: ReadHtmlCache Behavior ::run [ RunTime:0.001029s ]
INFO: [ app_begin ] --END-- [ RunTime:0.001256s ]
INFO: [ view_parse ] --START--
INFO: ParseTemplate Behavior ::run [ RunTime:0.015122s ]
INFO: [ view_parse ] --END-- [ RunTime:0.015365s ]
INFO: [ view_filter ] --START--
INFO: ContentReplace Behavior ::run [ RunTime:0.000894s ]
INFO: TokenBuild Behavior ::run [ RunTime:0.002082s ]
INFO: WriteHtmlCache Behavior ::run [ RunTime:0.000606s ]
INFO: ShowRuntime Behavior ::run [ RunTime:0.001015s ]
INFO: [ view_filter ] --END-- [ RunTime:0.005078s ]
INFO: [ view_end ] --START--
INFO: ShowPageTrace Behavior ::run [ RunTime:0.001206s ]
INFO: [ view_end ] --END-- [ RunTime:0.001389s ]

[ 2018-03-03T00:20:37+08:00 ] 127.0.0.1 /wish1/
INFO: [ app_begin ] --START--
INFO: ReadHtmlCache Behavior ::run [ RunTime:0.001799s ]
INFO: [ app_begin ] --END-- [ RunTime:0.002016s ]
INFO: [ view_parse ] --START--
INFO: ParseTemplate Behavior ::run [ RunTime:0.019415s ]
INFO: [ view_parse ] --END-- [ RunTime:0.019650s ]
INFO: [ view_filter ] --START--
INFO: ContentReplace Behavior ::run [ RunTime:0.001432s ]
INFO: TokenBuild Behavior ::run [ RunTime:0.001641s ]
INFO: WriteHtmlCache Behavior ::run [ RunTime:0.001146s ]
INFO: ShowRuntime Behavior ::run [ RunTime:0.001588s ]
INFO: [ view_filter ] --END-- [ RunTime:0.006315s ]
INFO: [ view_end ] --START--
INFO: ShowPageTrace Behavior ::run [ RunTime:0.002680s ]
INFO: [ view_end ] --END-- [ RunTime:0.002915s ]

[ 2018-03-03T00:21:00+08:00 ] 127.0.0.1 /wish1/
INFO: [ app_begin ] --START--
INFO: ReadHtmlCache Behavior ::run [ RunTime:0.001546s ]
INFO: [ app_begin ] --END-- [ RunTime:0.001758s ]
INFO: [ view_parse ] --START--
INFO: ParseTemplate Behavior ::run [ RunTime:0.017486s ]
INFO: [ view_parse ] --END-- [ RunTime:0.017706s ]
INFO: [ view_filter ] --START--
INFO: ContentReplace Behavior ::run [ RunTime:0.000972s ]
INFO: TokenBuild Behavior ::run [ RunTime:0.000935s ]
INFO: WriteHtmlCache Behavior ::run [ RunTime:0.000753s ]
INFO: ShowRuntime Behavior ::run [ RunTime:0.001114s ]
INFO: [ view_filter ] --END-- [ RunTime:0.004230s ]
INFO: [ view_end ] --START--
INFO: ShowPageTrace Behavior ::run [ RunTime:0.001184s ]
INFO: [ view_end ] --END-- [ RunTime:0.001350s ]

[ 2018-03-03T00:21:21+08:00 ] 127.0.0.1 /wish1/
INFO: [ app_begin ] --START--
INFO: ReadHtmlCache Behavior ::run [ RunTime:0.001640s ]
INFO: [ app_begin ] --END-- [ RunTime:0.001856s ]
INFO: [ view_parse ] --START--
INFO: ParseTemplate Behavior ::run [ RunTime:0.019739s ]
INFO: [ view_parse ] --END-- [ RunTime:0.020032s ]
INFO: [ view_filter ] --START--
INFO: ContentReplace Behavior ::run [ RunTime:0.001512s ]
INFO: TokenBuild Behavior ::run [ RunTime:0.001893s ]
INFO: WriteHtmlCache Behavior ::run [ RunTime:0.001144s ]
INFO: ShowRuntime Behavior ::run [ RunTime:0.001532s ]
INFO: [ view_filter ] --END-- [ RunTime:0.006580s ]
INFO: [ view_end ] --START--
INFO: ShowPageTrace Behavior ::run [ RunTime:0.001883s ]
INFO: [ view_end ] --END-- [ RunTime:0.002061s ]

[ 2018-03-03T00:24:11+08:00 ] 127.0.0.1 /wish1/
INFO: [ app_begin ] --START--
INFO: ReadHtmlCache Behavior ::run [ RunTime:0.009758s ]
INFO: [ app_begin ] --END-- [ RunTime:0.010011s ]
INFO: [ view_parse ] --START--
INFO: ParseTemplate Behavior ::run [ RunTime:0.026411s ]
INFO: [ view_parse ] --END-- [ RunTime:0.026687s ]
INFO: [ view_filter ] --START--
INFO: ContentReplace Behavior ::run [ RunTime:0.001376s ]
INFO: TokenBuild Behavior ::run [ RunTime:0.001313s ]
INFO: WriteHtmlCache Behavior ::run [ RunTime:0.001093s ]
INFO: ShowRuntime Behavior ::run [ RunTime:0.001489s ]
INFO: [ view_filter ] --END-- [ RunTime:0.005748s ]
INFO: [ view_end ] --START--
INFO: ShowPageTrace Behavior ::run [ RunTime:0.001570s ]
INFO: [ view_end ] --END-- [ RunTime:0.001742s ]

[ 2018-03-03T00:25:22+08:00 ] 127.0.0.1 /wish1/
INFO: [ app_begin ] --START--
INFO: ReadHtmlCache Behavior ::run [ RunTime:0.001373s ]
INFO: [ app_begin ] --END-- [ RunTime:0.001579s ]
INFO: [ view_parse ] --START--
INFO: ParseTemplate Behavior ::run [ RunTime:0.018929s ]
INFO: [ view_parse ] --END-- [ RunTime:0.019172s ]
INFO: [ view_filter ] --START--
INFO: ContentReplace Behavior ::run [ RunTime:0.000995s ]
INFO: TokenBuild Behavior ::run [ RunTime:0.000952s ]
INFO: WriteHtmlCache Behavior ::run [ RunTime:0.000735s ]
INFO: ShowRuntime Behavior ::run [ RunTime:0.001127s ]
INFO: [ view_filter ] --END-- [ RunTime:0.004284s ]
INFO: [ view_end ] --START--
INFO: ShowPageTrace Behavior ::run [ RunTime:0.001225s ]
INFO: [ view_end ] --END-- [ RunTime:0.001401s ]

[ 2018-03-03T00:27:02+08:00 ] 127.0.0.1 /wish1/
INFO: [ app_begin ] --START--
INFO: ReadHtmlCache Behavior ::run [ RunTime:0.001360s ]
INFO: [ app_begin ] --END-- [ RunTime:0.001568s ]
INFO: [ view_parse ] --START--
INFO: ParseTemplate Behavior ::run [ RunTime:0.016647s ]
INFO: [ view_parse ] --END-- [ RunTime:0.016885s ]
INFO: [ view_filter ] --START--
INFO: ContentReplace Behavior ::run [ RunTime:0.001983s ]
INFO: TokenBuild Behavior ::run [ RunTime:0.001019s ]
INFO: WriteHtmlCache Behavior ::run [ RunTime:0.000794s ]
INFO: ShowRuntime Behavior ::run [ RunTime:0.001127s ]
INFO: [ view_filter ] --END-- [ RunTime:0.005409s ]
INFO: [ view_end ] --START--
INFO: ShowPageTrace Behavior ::run [ RunTime:0.001241s ]
INFO: [ view_end ] --END-- [ RunTime:0.001412s ]

[ 2018-03-03T00:27:41+08:00 ] 127.0.0.1 /wish1/
INFO: [ app_begin ] --START--
INFO: ReadHtmlCache Behavior ::run [ RunTime:0.001674s ]
INFO: [ app_begin ] --END-- [ RunTime:0.001879s ]
INFO: [ view_parse ] --START--
INFO: ParseTemplate Behavior ::run [ RunTime:0.017800s ]
INFO: [ view_parse ] --END-- [ RunTime:0.018036s ]
INFO: [ view_filter ] --START--
INFO: ContentReplace Behavior ::run [ RunTime:0.001061s ]
INFO: TokenBuild Behavior ::run [ RunTime:0.001015s ]
INFO: WriteHtmlCache Behavior ::run [ RunTime:0.000734s ]
INFO: ShowRuntime Behavior ::run [ RunTime:0.001166s ]
INFO: [ view_filter ] --END-- [ RunTime:0.004589s ]
INFO: [ view_end ] --START--
INFO: ShowPageTrace Behavior ::run [ RunTime:0.001250s ]
INFO: [ view_end ] --END-- [ RunTime:0.001454s ]

[ 2018-03-03T00:31:09+08:00 ] 127.0.0.1 /wish1/
INFO: [ app_begin ] --START--
INFO: ReadHtmlCache Behavior ::run [ RunTime:0.001659s ]
INFO: [ app_begin ] --END-- [ RunTime:0.001876s ]
INFO: [ view_parse ] --START--
INFO: ParseTemplate Behavior ::run [ RunTime:0.019992s ]
INFO: [ view_parse ] --END-- [ RunTime:0.020229s ]
INFO: [ view_filter ] --START--
INFO: ContentReplace Behavior ::run [ RunTime:0.001320s ]
INFO: TokenBuild Behavior ::run [ RunTime:0.001715s ]
INFO: WriteHtmlCache Behavior ::run [ RunTime:0.001133s ]
INFO: ShowRuntime Behavior ::run [ RunTime:0.002064s ]
INFO: [ view_filter ] --END-- [ RunTime:0.006720s ]
INFO: [ view_end ] --START--
INFO: ShowPageTrace Behavior ::run [ RunTime:0.001853s ]
INFO: [ view_end ] --END-- [ RunTime:0.002033s ]

[ 2018-03-03T00:32:10+08:00 ] 127.0.0.1 /wish1/
INFO: [ app_begin ] --START--
INFO: ReadHtmlCache Behavior ::run [ RunTime:0.001425s ]
INFO: [ app_begin ] --END-- [ RunTime:0.001641s ]
INFO: [ view_parse ] --START--
INFO: ParseTemplate Behavior ::run [ RunTime:0.018299s ]
INFO: [ view_parse ] --END-- [ RunTime:0.018523s ]
INFO: [ view_filter ] --START--
INFO: ContentReplace Behavior ::run [ RunTime:0.000984s ]
INFO: TokenBuild Behavior ::run [ RunTime:0.000968s ]
INFO: WriteHtmlCache Behavior ::run [ RunTime:0.000801s ]
INFO: ShowRuntime Behavior ::run [ RunTime:0.001319s ]
INFO: [ view_filter ] --END-- [ RunTime:0.004537s ]
INFO: [ view_end ] --START--
INFO: ShowPageTrace Behavior ::run [ RunTime:0.001298s ]
INFO: [ view_end ] --END-- [ RunTime:0.001471s ]

[ 2018-03-03T00:35:01+08:00 ] 127.0.0.1 /wish1/
INFO: [ app_begin ] --START--
INFO: ReadHtmlCache Behavior ::run [ RunTime:0.001357s ]
INFO: [ app_begin ] --END-- [ RunTime:0.001559s ]
INFO: [ view_parse ] --START--
INFO: ParseTemplate Behavior ::run [ RunTime:0.015929s ]
INFO: [ view_parse ] --END-- [ RunTime:0.016169s ]
INFO: [ view_filter ] --START--
INFO: ContentReplace Behavior ::run [ RunTime:0.000973s ]
INFO: TokenBuild Behavior ::run [ RunTime:0.000970s ]
INFO: WriteHtmlCache Behavior ::run [ RunTime:0.000730s ]
INFO: ShowRuntime Behavior ::run [ RunTime:0.001152s ]
INFO: [ view_filter ] --END-- [ RunTime:0.004298s ]
INFO: [ view_end ] --START--
INFO: ShowPageTrace Behavior ::run [ RunTime:0.001209s ]
INFO: [ view_end ] --END-- [ RunTime:0.001380s ]

[ 2018-03-03T01:14:09+08:00 ] 127.0.0.1 /wish1/
INFO: [ app_begin ] --START--
INFO: ReadHtmlCache Behavior ::run [ RunTime:0.001637s ]
INFO: [ app_begin ] --END-- [ RunTime:0.001857s ]
INFO: [ view_parse ] --START--
INFO: ParseTemplate Behavior ::run [ RunTime:0.048923s ]
INFO: [ view_parse ] --END-- [ RunTime:0.049179s ]
INFO: [ view_filter ] --START--
INFO: ContentReplace Behavior ::run [ RunTime:0.001102s ]
INFO: TokenBuild Behavior ::run [ RunTime:0.001008s ]
INFO: WriteHtmlCache Behavior ::run [ RunTime:0.000753s ]
INFO: ShowRuntime Behavior ::run [ RunTime:0.001134s ]
INFO: [ view_filter ] --END-- [ RunTime:0.004460s ]
INFO: [ view_end ] --START--
INFO: ShowPageTrace Behavior ::run [ RunTime:0.001511s ]
INFO: [ view_end ] --END-- [ RunTime:0.001734s ]

[ 2018-03-03T01:16:34+08:00 ] 127.0.0.1 /wish1/
INFO: [ app_begin ] --START--
INFO: ReadHtmlCache Behavior ::run [ RunTime:0.001700s ]
INFO: [ app_begin ] --END-- [ RunTime:0.001917s ]
INFO: [ view_parse ] --START--
INFO: ParseTemplate Behavior ::run [ RunTime:0.019574s ]
INFO: [ view_parse ] --END-- [ RunTime:0.019802s ]
INFO: [ view_filter ] --START--
INFO: ContentReplace Behavior ::run [ RunTime:0.001852s ]
INFO: TokenBuild Behavior ::run [ RunTime:0.001359s ]
INFO: WriteHtmlCache Behavior ::run [ RunTime:0.001248s ]
INFO: ShowRuntime Behavior ::run [ RunTime:0.001563s ]
INFO: [ view_filter ] --END-- [ RunTime:0.006495s ]
INFO: [ view_end ] --START--
INFO: ShowPageTrace Behavior ::run [ RunTime:0.001753s ]
INFO: [ view_end ] --END-- [ RunTime:0.001927s ]

[ 2018-03-03T01:16:37+08:00 ] 127.0.0.1 /wish1/
INFO: [ app_begin ] --START--
INFO: ReadHtmlCache Behavior ::run [ RunTime:0.001483s ]
INFO: [ app_begin ] --END-- [ RunTime:0.001755s ]
INFO: [ view_parse ] --START--
INFO: ParseTemplate Behavior ::run [ RunTime:0.015539s ]
INFO: [ view_parse ] --END-- [ RunTime:0.015751s ]
INFO: [ view_filter ] --START--
INFO: ContentReplace Behavior ::run [ RunTime:0.000992s ]
INFO: TokenBuild Behavior ::run [ RunTime:0.000991s ]
INFO: WriteHtmlCache Behavior ::run [ RunTime:0.000797s ]
INFO: ShowRuntime Behavior ::run [ RunTime:0.001150s ]
INFO: [ view_filter ] --END-- [ RunTime:0.005364s ]
INFO: [ view_end ] --START--
INFO: ShowPageTrace Behavior ::run [ RunTime:0.002442s ]
INFO: [ view_end ] --END-- [ RunTime:0.002618s ]

[ 2018-03-03T01:17:43+08:00 ] 127.0.0.1 /wish1/
INFO: [ app_begin ] --START--
INFO: ReadHtmlCache Behavior ::run [ RunTime:0.001514s ]
INFO: [ app_begin ] --END-- [ RunTime:0.001724s ]
INFO: [ view_parse ] --START--
INFO: ParseTemplate Behavior ::run [ RunTime:0.021576s ]
INFO: [ view_parse ] --END-- [ RunTime:0.021846s ]
INFO: [ view_filter ] --START--
INFO: ContentReplace Behavior ::run [ RunTime:0.001356s ]
INFO: TokenBuild Behavior ::run [ RunTime:0.001540s ]
INFO: WriteHtmlCache Behavior ::run [ RunTime:0.001115s ]
INFO: ShowRuntime Behavior ::run [ RunTime:0.001499s ]
INFO: [ view_filter ] --END-- [ RunTime:0.005976s ]
INFO: [ view_end ] --START--
INFO: ShowPageTrace Behavior ::run [ RunTime:0.002834s ]
INFO: [ view_end ] --END-- [ RunTime:0.003018s ]

[ 2018-03-03T01:18:47+08:00 ] 127.0.0.1 /wish1/
INFO: [ app_begin ] --START--
INFO: ReadHtmlCache Behavior ::run [ RunTime:0.001501s ]
INFO: [ app_begin ] --END-- [ RunTime:0.001710s ]
INFO: [ view_parse ] --START--
INFO: ParseTemplate Behavior ::run [ RunTime:0.015618s ]
INFO: [ view_parse ] --END-- [ RunTime:0.015833s ]
INFO: [ view_filter ] --START--
INFO: ContentReplace Behavior ::run [ RunTime:0.000987s ]
INFO: TokenBuild Behavior ::run [ RunTime:0.000997s ]
INFO: WriteHtmlCache Behavior ::run [ RunTime:0.000779s ]
INFO: ShowRuntime Behavior ::run [ RunTime:0.001254s ]
INFO: [ view_filter ] --END-- [ RunTime:0.004533s ]
INFO: [ view_end ] --START--
INFO: ShowPageTrace Behavior ::run [ RunTime:0.001292s ]
INFO: [ view_end ] --END-- [ RunTime:0.001462s ]

[ 2018-03-03T01:19:52+08:00 ] 127.0.0.1 /wish1/
INFO: [ app_begin ] --START--
INFO: ReadHtmlCache Behavior ::run [ RunTime:0.001674s ]
INFO: [ app_begin ] --END-- [ RunTime:0.001877s ]
INFO: [ view_parse ] --START--
INFO: ParseTemplate Behavior ::run [ RunTime:0.018186s ]
INFO: [ view_parse ] --END-- [ RunTime:0.018405s ]
INFO: [ view_filter ] --START--
INFO: ContentReplace Behavior ::run [ RunTime:0.001317s ]
INFO: TokenBuild Behavior ::run [ RunTime:0.001329s ]
INFO: WriteHtmlCache Behavior ::run [ RunTime:0.001084s ]
INFO: ShowRuntime Behavior ::run [ RunTime:0.001615s ]
INFO: [ view_filter ] --END-- [ RunTime:0.005897s ]
INFO: [ view_end ] --START--
INFO: ShowPageTrace Behavior ::run [ RunTime:0.001658s ]
INFO: [ view_end ] --END-- [ RunTime:0.001833s ]

[ 2018-03-03T01:25:20+08:00 ] 127.0.0.1 /wish1/
INFO: [ app_begin ] --START--
INFO: ReadHtmlCache Behavior ::run [ RunTime:0.002075s ]
INFO: [ app_begin ] --END-- [ RunTime:0.002297s ]
INFO: [ view_parse ] --START--
INFO: ParseTemplate Behavior ::run [ RunTime:0.020549s ]
INFO: [ view_parse ] --END-- [ RunTime:0.020785s ]
INFO: [ view_filter ] --START--
INFO: ContentReplace Behavior ::run [ RunTime:0.001868s ]
INFO: TokenBuild Behavior ::run [ RunTime:0.002479s ]
INFO: WriteHtmlCache Behavior ::run [ RunTime:0.002680s ]
INFO: ShowRuntime Behavior ::run [ RunTime:0.002146s ]
INFO: [ view_filter ] --END-- [ RunTime:0.009764s ]
INFO: [ view_end ] --START--
INFO: ShowPageTrace Behavior ::run [ RunTime:0.005653s ]
INFO: [ view_end ] --END-- [ RunTime:0.005858s ]

[ 2018-03-03T01:26:28+08:00 ] 127.0.0.1 /wish1/index.php/Index/Index/handle
INFO: [ route_check ] --START--
INFO: CheckRoute Behavior ::run [ RunTime:0.021651s ]
INFO: [ route_check ] --END-- [ RunTime:0.022017s ]
INFO: [ app_begin ] --START--
INFO: ReadHtmlCache Behavior ::run [ RunTime:0.001250s ]
INFO: [ app_begin ] --END-- [ RunTime:0.001418s ]

[ 2018-03-03T01:26:50+08:00 ] 127.0.0.1 /wish1/index.php/Index/Index/handle
INFO: [ route_check ] --START--
INFO: CheckRoute Behavior ::run [ RunTime:0.001312s ]
INFO: [ route_check ] --END-- [ RunTime:0.001515s ]
INFO: [ app_begin ] --START--
INFO: ReadHtmlCache Behavior ::run [ RunTime:0.000958s ]
INFO: [ app_begin ] --END-- [ RunTime:0.001140s ]

[ 2018-03-03T01:28:46+08:00 ] 127.0.0.1 /wish1/
INFO: [ app_begin ] --START--
INFO: ReadHtmlCache Behavior ::run [ RunTime:0.001810s ]
INFO: [ app_begin ] --END-- [ RunTime:0.002018s ]
INFO: [ view_parse ] --START--
INFO: ParseTemplate Behavior ::run [ RunTime:0.019299s ]
INFO: [ view_parse ] --END-- [ RunTime:0.019560s ]
INFO: [ view_filter ] --START--
INFO: ContentReplace Behavior ::run [ RunTime:0.001310s ]
INFO: TokenBuild Behavior ::run [ RunTime:0.001306s ]
INFO: WriteHtmlCache Behavior ::run [ RunTime:0.001088s ]
INFO: ShowRuntime Behavior ::run [ RunTime:0.001634s ]
INFO: [ view_filter ] --END-- [ RunTime:0.005794s ]
INFO: [ view_end ] --START--
INFO: ShowPageTrace Behavior ::run [ RunTime:0.001765s ]
INFO: [ view_end ] --END-- [ RunTime:0.001933s ]

[ 2018-03-03T01:29:23+08:00 ] 127.0.0.1 /wish1/index.php/Index/Index/handle
INFO: [ route_check ] --START--
INFO: CheckRoute Behavior ::run [ RunTime:0.001651s ]
INFO: [ route_check ] --END-- [ RunTime:0.001859s ]
INFO: [ app_begin ] --START--
INFO: ReadHtmlCache Behavior ::run [ RunTime:0.001122s ]
INFO: [ app_begin ] --END-- [ RunTime:0.001300s ]

[ 2018-03-03T01:32:30+08:00 ] 127.0.0.1 /wish1/
INFO: [ app_begin ] --START--
INFO: ReadHtmlCache Behavior ::run [ RunTime:0.001748s ]
INFO: [ app_begin ] --END-- [ RunTime:0.001965s ]
INFO: [ view_parse ] --START--
INFO: ParseTemplate Behavior ::run [ RunTime:0.018781s ]
INFO: [ view_parse ] --END-- [ RunTime:0.019004s ]
INFO: [ view_filter ] --START--
INFO: ContentReplace Behavior ::run [ RunTime:0.001608s ]
INFO: TokenBuild Behavior ::run [ RunTime:0.001675s ]
INFO: WriteHtmlCache Behavior ::run [ RunTime:0.001295s ]
INFO: ShowRuntime Behavior ::run [ RunTime:0.001605s ]
INFO: [ view_filter ] --END-- [ RunTime:0.006814s ]
INFO: [ view_end ] --START--
INFO: ShowPageTrace Behavior ::run [ RunTime:0.001810s ]
INFO: [ view_end ] --END-- [ RunTime:0.002010s ]

[ 2018-03-03T01:32:58+08:00 ] 127.0.0.1 /wish1/index.php/Index/Index/handle
INFO: [ route_check ] --START--
INFO: CheckRoute Behavior ::run [ RunTime:0.001821s ]
INFO: [ route_check ] --END-- [ RunTime:0.002030s ]
INFO: [ app_begin ] --START--
INFO: ReadHtmlCache Behavior ::run [ RunTime:0.002581s ]
INFO: [ app_begin ] --END-- [ RunTime:0.002791s ]

[ 2018-03-03T01:35:54+08:00 ] 127.0.0.1 /wish1/index.php/Index/Index/handle
INFO: [ route_check ] --START--
INFO: CheckRoute Behavior ::run [ RunTime:0.001967s ]
INFO: [ route_check ] --END-- [ RunTime:0.002182s ]
INFO: [ app_begin ] --START--
INFO: ReadHtmlCache Behavior ::run [ RunTime:0.001831s ]
INFO: [ app_begin ] --END-- [ RunTime:0.002038s ]

[ 2018-03-03T01:36:07+08:00 ] 127.0.0.1 /wish1/index.php/Index/Index/handle
INFO: [ route_check ] --START--
INFO: CheckRoute Behavior ::run [ RunTime:0.001841s ]
INFO: [ route_check ] --END-- [ RunTime:0.002049s ]
INFO: [ app_begin ] --START--
INFO: ReadHtmlCache Behavior ::run [ RunTime:0.001365s ]
INFO: [ app_begin ] --END-- [ RunTime:0.001532s ]

[ 2018-03-03T01:36:17+08:00 ] 127.0.0.1 /wish1/index.php/Index/Index/handle
INFO: [ route_check ] --START--
INFO: CheckRoute Behavior ::run [ RunTime:0.001933s ]
INFO: [ route_check ] --END-- [ RunTime:0.002144s ]
INFO: [ app_begin ] --START--
INFO: ReadHtmlCache Behavior ::run [ RunTime:0.001740s ]
INFO: [ app_begin ] --END-- [ RunTime:0.001895s ]

[ 2018-03-03T01:36:33+08:00 ] 127.0.0.1 /wish1/index.php/Index/Index/handle
INFO: [ route_check ] --START--
INFO: CheckRoute Behavior ::run [ RunTime:0.002002s ]
INFO: [ route_check ] --END-- [ RunTime:0.002705s ]
INFO: [ app_begin ] --START--
INFO: ReadHtmlCache Behavior ::run [ RunTime:0.001913s ]
INFO: [ app_begin ] --END-- [ RunTime:0.002099s ]

[ 2018-03-03T01:36:46+08:00 ] 127.0.0.1 /wish1/
INFO: [ app_begin ] --START--
INFO: ReadHtmlCache Behavior ::run [ RunTime:0.001523s ]
INFO: [ app_begin ] --END-- [ RunTime:0.001746s ]
INFO: [ view_parse ] --START--
INFO: ParseTemplate Behavior ::run [ RunTime:0.021389s ]
INFO: [ view_parse ] --END-- [ RunTime:0.021616s ]
INFO: [ view_filter ] --START--
INFO: ContentReplace Behavior ::run [ RunTime:0.001343s ]
INFO: TokenBuild Behavior ::run [ RunTime:0.001426s ]
INFO: WriteHtmlCache Behavior ::run [ RunTime:0.001127s ]
INFO: ShowRuntime Behavior ::run [ RunTime:0.002590s ]
INFO: [ view_filter ] --END-- [ RunTime:0.006978s ]
INFO: [ view_end ] --START--
INFO: ShowPageTrace Behavior ::run [ RunTime:0.001580s ]
INFO: [ view_end ] --END-- [ RunTime:0.001751s ]

[ 2018-03-03T01:37:16+08:00 ] 127.0.0.1 /wish1/index.php/Index/Index/handle
INFO: [ route_check ] --START--
INFO: CheckRoute Behavior ::run [ RunTime:0.001825s ]
INFO: [ route_check ] --END-- [ RunTime:0.002034s ]
INFO: [ app_begin ] --START--
INFO: ReadHtmlCache Behavior ::run [ RunTime:0.001791s ]
INFO: [ app_begin ] --END-- [ RunTime:0.001988s ]

[ 2018-03-03T01:40:30+08:00 ] 127.0.0.1 /wish1/
INFO: [ app_begin ] --START--
INFO: ReadHtmlCache Behavior ::run [ RunTime:0.001792s ]
INFO: [ app_begin ] --END-- [ RunTime:0.002076s ]
INFO: [ view_parse ] --START--
INFO: ParseTemplate Behavior ::run [ RunTime:0.040401s ]
INFO: [ view_parse ] --END-- [ RunTime:0.040641s ]
INFO: [ view_filter ] --START--
INFO: ContentReplace Behavior ::run [ RunTime:0.001447s ]
INFO: TokenBuild Behavior ::run [ RunTime:0.001452s ]
INFO: WriteHtmlCache Behavior ::run [ RunTime:0.001241s ]
INFO: ShowRuntime Behavior ::run [ RunTime:0.001579s ]
INFO: [ view_filter ] --END-- [ RunTime:0.006242s ]
INFO: [ view_end ] --START--
INFO: ShowPageTrace Behavior ::run [ RunTime:0.001629s ]
INFO: [ view_end ] --END-- [ RunTime:0.001809s ]

[ 2018-03-03T01:41:31+08:00 ] 127.0.0.1 /wish1/index.php/Index/Index/handle
INFO: [ route_check ] --START--
INFO: CheckRoute Behavior ::run [ RunTime:0.001832s ]
INFO: [ route_check ] --END-- [ RunTime:0.002038s ]
INFO: [ app_begin ] --START--
INFO: ReadHtmlCache Behavior ::run [ RunTime:0.002246s ]
INFO: [ app_begin ] --END-- [ RunTime:0.002464s ]

[ 2018-03-03T01:43:44+08:00 ] 127.0.0.1 /wish1/
INFO: [ app_begin ] --START--
INFO: ReadHtmlCache Behavior ::run [ RunTime:0.002228s ]
INFO: [ app_begin ] --END-- [ RunTime:0.002452s ]
INFO: [ view_parse ] --START--
INFO: ParseTemplate Behavior ::run [ RunTime:0.018033s ]
INFO: [ view_parse ] --END-- [ RunTime:0.018254s ]
INFO: [ view_filter ] --START--
INFO: ContentReplace Behavior ::run [ RunTime:0.001604s ]
INFO: TokenBuild Behavior ::run [ RunTime:0.001438s ]
INFO: WriteHtmlCache Behavior ::run [ RunTime:0.001106s ]
INFO: ShowRuntime Behavior ::run [ RunTime:0.001834s ]
INFO: [ view_filter ] --END-- [ RunTime:0.006532s ]
INFO: [ view_end ] --START--
INFO: ShowPageTrace Behavior ::run [ RunTime:0.001642s ]
INFO: [ view_end ] --END-- [ RunTime:0.001820s ]

[ 2018-03-03T01:44:15+08:00 ] 127.0.0.1 /wish1/index.php/Index/Index/handle
INFO: [ route_check ] --START--
INFO: CheckRoute Behavior ::run [ RunTime:0.001967s ]
INFO: [ route_check ] --END-- [ RunTime:0.002204s ]
INFO: [ app_begin ] --START--
INFO: ReadHtmlCache Behavior ::run [ RunTime:0.001254s ]
INFO: [ app_begin ] --END-- [ RunTime:0.001456s ]

[ 2018-03-03T08:42:40+08:00 ] 127.0.0.1 /wish1/
INFO: [ app_begin ] --START--
INFO: ReadHtmlCache Behavior ::run [ RunTime:0.002907s ]
INFO: [ app_begin ] --END-- [ RunTime:0.003180s ]
INFO: [ view_parse ] --START--
INFO: ParseTemplate Behavior ::run [ RunTime:0.074872s ]
INFO: [ view_parse ] --END-- [ RunTime:0.075111s ]
INFO: [ view_filter ] --START--
INFO: ContentReplace Behavior ::run [ RunTime:0.002092s ]
INFO: TokenBuild Behavior ::run [ RunTime:0.001965s ]
INFO: WriteHtmlCache Behavior ::run [ RunTime:0.001813s ]
INFO: ShowRuntime Behavior ::run [ RunTime:0.002083s ]
INFO: [ view_filter ] --END-- [ RunTime:0.008469s ]
INFO: [ view_end ] --START--
INFO: ShowPageTrace Behavior ::run [ RunTime:0.002076s ]
INFO: [ view_end ] --END-- [ RunTime:0.002289s ]

[ 2018-03-03T08:43:17+08:00 ] 127.0.0.1 /wish1/index.php/Index/Index/handle
INFO: [ route_check ] --START--
INFO: CheckRoute Behavior ::run [ RunTime:0.025783s ]
INFO: [ route_check ] --END-- [ RunTime:0.026036s ]
INFO: [ app_begin ] --START--
INFO: ReadHtmlCache Behavior ::run [ RunTime:0.002192s ]
INFO: [ app_begin ] --END-- [ RunTime:0.002363s ]

[ 2018-03-03T08:43:57+08:00 ] 127.0.0.1 /wish1/
INFO: [ app_begin ] --START--
INFO: ReadHtmlCache Behavior ::run [ RunTime:0.002282s ]
INFO: [ app_begin ] --END-- [ RunTime:0.002573s ]
INFO: [ view_parse ] --START--
INFO: ParseTemplate Behavior ::run [ RunTime:0.020413s ]
INFO: [ view_parse ] --END-- [ RunTime:0.020633s ]
INFO: [ view_filter ] --START--
INFO: ContentReplace Behavior ::run [ RunTime:0.001534s ]
INFO: TokenBuild Behavior ::run [ RunTime:0.001339s ]
INFO: WriteHtmlCache Behavior ::run [ RunTime:0.001168s ]
INFO: ShowRuntime Behavior ::run [ RunTime:0.001511s ]
INFO: [ view_filter ] --END-- [ RunTime:0.006021s ]
INFO: [ view_end ] --START--
INFO: ShowPageTrace Behavior ::run [ RunTime:0.001591s ]
INFO: [ view_end ] --END-- [ RunTime:0.001765s ]

[ 2018-03-03T08:44:30+08:00 ] 127.0.0.1 /wish1/index.php/Index/index/handle
INFO: [ route_check ] --START--
INFO: CheckRoute Behavior ::run [ RunTime:0.003437s ]
INFO: [ route_check ] --END-- [ RunTime:0.003686s ]
INFO: [ app_begin ] --START--
INFO: ReadHtmlCache Behavior ::run [ RunTime:0.002134s ]
INFO: [ app_begin ] --END-- [ RunTime:0.002447s ]
ERR: 无法加载模块:index

[ 2018-03-03T08:44:53+08:00 ] 127.0.0.1 /wish1/index.php/Index//handle
INFO: [ route_check ] --START--
INFO: CheckRoute Behavior ::run [ RunTime:0.002339s ]
INFO: [ route_check ] --END-- [ RunTime:0.002691s ]
INFO: [ app_begin ] --START--
INFO: ReadHtmlCache Behavior ::run [ RunTime:0.001976s ]
INFO: [ app_begin ] --END-- [ RunTime:0.002255s ]
ERR: 无法加载模块:handle

[ 2018-03-03T08:44:58+08:00 ] 127.0.0.1 /wish1/index.php/Index//handle
INFO: [ route_check ] --START--
INFO: CheckRoute Behavior ::run [ RunTime:0.001960s ]
INFO: [ route_check ] --END-- [ RunTime:0.002166s ]
INFO: [ app_begin ] --START--
INFO: ReadHtmlCache Behavior ::run [ RunTime:0.001525s ]
INFO: [ app_begin ] --END-- [ RunTime:0.001718s ]
ERR: 无法加载模块:handle

[ 2018-03-03T08:45:25+08:00 ] 127.0.0.1 /wish1/index.php/Index/Index/handle
INFO: [ route_check ] --START--
INFO: CheckRoute Behavior ::run [ RunTime:0.002469s ]
INFO: [ route_check ] --END-- [ RunTime:0.002681s ]
INFO: [ app_begin ] --START--
INFO: ReadHtmlCache Behavior ::run [ RunTime:0.002251s ]
INFO: [ app_begin ] --END-- [ RunTime:0.002476s ]

[ 2018-03-03T08:48:05+08:00 ] 127.0.0.1 /wish1/index.php/Index/Index/handle
INFO: [ route_check ] --START--
INFO: CheckRoute Behavior ::run [ RunTime:0.002020s ]
INFO: [ route_check ] --END-- [ RunTime:0.002232s ]
INFO: [ app_begin ] --START--
INFO: ReadHtmlCache Behavior ::run [ RunTime:0.003647s ]
INFO: [ app_begin ] --END-- [ RunTime:0.003952s ]
NOTIC: [2] include() [<a href='function.include'>function.include</a>]: Filename cannot be empty F:\weblx\www\phptest\wish1\ThinkPHP\Common\functions.php 第 52 行.
NOTIC: [2] include() [<a href='function.include'>function.include</a>]: Failed opening '' for inclusion (include_path='.;C:\php\pear;F:\weblx\www\phptest\wish1\ThinkPHP/Extend/Vendor/') F:\weblx\www\phptest\wish1\ThinkPHP\Common\functions.php 第 52 行.

[ 2018-03-03T08:50:10+08:00 ] 127.0.0.1 /wish1/index.php/Index/Index/handle
INFO: [ route_check ] --START--
INFO: CheckRoute Behavior ::run [ RunTime:0.002330s ]
INFO: [ route_check ] --END-- [ RunTime:0.002567s ]
INFO: [ app_begin ] --START--
INFO: ReadHtmlCache Behavior ::run [ RunTime:0.002014s ]
INFO: [ app_begin ] --END-- [ RunTime:0.002249s ]
NOTIC: [2] include() [<a href='function.include'>function.include</a>]: Filename cannot be empty F:\weblx\www\phptest\wish1\ThinkPHP\Common\functions.php 第 52 行.
NOTIC: [2] include() [<a href='function.include'>function.include</a>]: Failed opening '' for inclusion (include_path='.;C:\php\pear;F:\weblx\www\phptest\wish1\ThinkPHP/Extend/Vendor/') F:\weblx\www\phptest\wish1\ThinkPHP\Common\functions.php 第 52 行.

[ 2018-03-03T08:50:15+08:00 ] 127.0.0.1 /wish1/index.php/Index/Index/handle
INFO: [ route_check ] --START--
INFO: CheckRoute Behavior ::run [ RunTime:0.002295s ]
INFO: [ route_check ] --END-- [ RunTime:0.002509s ]
INFO: [ app_begin ] --START--
INFO: ReadHtmlCache Behavior ::run [ RunTime:0.002204s ]
INFO: [ app_begin ] --END-- [ RunTime:0.002438s ]
NOTIC: [2] include() [<a href='function.include'>function.include</a>]: Filename cannot be empty F:\weblx\www\phptest\wish1\ThinkPHP\Common\functions.php 第 52 行.
NOTIC: [2] include() [<a href='function.include'>function.include</a>]: Failed opening '' for inclusion (include_path='.;C:\php\pear;F:\weblx\www\phptest\wish1\ThinkPHP/Extend/Vendor/') F:\weblx\www\phptest\wish1\ThinkPHP\Common\functions.php 第 52 行.

[ 2018-03-03T08:51:38+08:00 ] 127.0.0.1 /wish1/index.php/Index/Index/handle
INFO: [ route_check ] --START--
INFO: CheckRoute Behavior ::run [ RunTime:0.002013s ]
INFO: [ route_check ] --END-- [ RunTime:0.002224s ]
INFO: [ app_begin ] --START--
INFO: ReadHtmlCache Behavior ::run [ RunTime:0.001547s ]
INFO: [ app_begin ] --END-- [ RunTime:0.001756s ]

[ 2018-03-03T08:51:40+08:00 ] 127.0.0.1 /wish1/index.php/Index/Index/main.css
INFO: [ route_check ] --START--
INFO: CheckRoute Behavior ::run [ RunTime:0.001987s ]
INFO: [ route_check ] --END-- [ RunTime:0.002198s ]
INFO: [ app_begin ] --START--
INFO: ReadHtmlCache Behavior ::run [ RunTime:0.001554s ]
INFO: [ app_begin ] --END-- [ RunTime:0.001766s ]
ERR: 非法操作:main.css

[ 2018-03-03T08:51:41+08:00 ] 127.0.0.1 /wish1/index.php/Index/Index/main.js
INFO: [ route_check ] --START--
INFO: CheckRoute Behavior ::run [ RunTime:0.001977s ]
INFO: [ route_check ] --END-- [ RunTime:0.002175s ]
INFO: [ app_begin ] --START--
INFO: ReadHtmlCache Behavior ::run [ RunTime:0.002146s ]
INFO: [ app_begin ] --END-- [ RunTime:0.002379s ]
ERR: 非法操作:main.js

[ 2018-03-03T08:54:15+08:00 ] 127.0.0.1 /wish1/index.php/Index/Index/handle
INFO: [ route_check ] --START--
INFO: CheckRoute Behavior ::run [ RunTime:0.002581s ]
INFO: [ route_check ] --END-- [ RunTime:0.002824s ]
INFO: [ app_begin ] --START--
INFO: ReadHtmlCache Behavior ::run [ RunTime:0.002381s ]
INFO: [ app_begin ] --END-- [ RunTime:0.002612s ]

[ 2018-03-03T08:54:18+08:00 ] 127.0.0.1 /wish1/index.php/Index/Index/main.js
INFO: [ route_check ] --START--
INFO: CheckRoute Behavior ::run [ RunTime:0.002158s ]
INFO: [ route_check ] --END-- [ RunTime:0.002369s ]
INFO: [ app_begin ] --START--
INFO: ReadHtmlCache Behavior ::run [ RunTime:0.001823s ]
INFO: [ app_begin ] --END-- [ RunTime:0.002017s ]
ERR: 非法操作:main.js

[ 2018-03-03T08:54:19+08:00 ] 127.0.0.1 /wish1/index.php/Index/Index/main.css
INFO: [ route_check ] --START--
INFO: CheckRoute Behavior ::run [ RunTime:0.002491s ]
INFO: [ route_check ] --END-- [ RunTime:0.002685s ]
INFO: [ app_begin ] --START--
INFO: ReadHtmlCache Behavior ::run [ RunTime:0.002167s ]
INFO: [ app_begin ] --END-- [ RunTime:0.002377s ]
ERR: 非法操作:main.css

[ 2018-03-03T08:59:08+08:00 ] 127.0.0.1 /wish1/index.php/Index/Index/handle
INFO: [ route_check ] --START--
INFO: CheckRoute Behavior ::run [ RunTime:0.002083s ]
INFO: [ route_check ] --END-- [ RunTime:0.002314s ]
INFO: [ app_begin ] --START--
INFO: ReadHtmlCache Behavior ::run [ RunTime:0.001796s ]
INFO: [ app_begin ] --END-- [ RunTime:0.002009s ]

[ 2018-03-03T08:59:10+08:00 ] 127.0.0.1 /wish1/index.php/Index/Index/main.js
INFO: [ route_check ] --START--
INFO: CheckRoute Behavior ::run [ RunTime:0.002509s ]
INFO: [ route_check ] --END-- [ RunTime:0.002718s ]
INFO: [ app_begin ] --START--
INFO: ReadHtmlCache Behavior ::run [ RunTime:0.002425s ]
INFO: [ app_begin ] --END-- [ RunTime:0.002621s ]
ERR: 非法操作:main.js

[ 2018-03-03T08:59:11+08:00 ] 127.0.0.1 /wish1/index.php/Index/Index/main.css
INFO: [ route_check ] --START--
INFO: CheckRoute Behavior ::run [ RunTime:0.018836s ]
INFO: [ route_check ] --END-- [ RunTime:0.019058s ]
INFO: [ app_begin ] --START--
INFO: ReadHtmlCache Behavior ::run [ RunTime:0.001838s ]
INFO: [ app_begin ] --END-- [ RunTime:0.002289s ]
ERR: 非法操作:main.css

[ 2018-03-03T08:59:14+08:00 ] 127.0.0.1 /wish1/index.php/Index/Index/handle
INFO: [ route_check ] --START--
INFO: CheckRoute Behavior ::run [ RunTime:0.002537s ]
INFO: [ route_check ] --END-- [ RunTime:0.002785s ]
INFO: [ app_begin ] --START--
INFO: ReadHtmlCache Behavior ::run [ RunTime:0.001587s ]
INFO: [ app_begin ] --END-- [ RunTime:0.001818s ]

[ 2018-03-03T08:59:26+08:00 ] 127.0.0.1 /wish1/index.php
INFO: [ app_begin ] --START--
INFO: ReadHtmlCache Behavior ::run [ RunTime:0.002564s ]
INFO: [ app_begin ] --END-- [ RunTime:0.002817s ]
INFO: [ view_parse ] --START--
INFO: ParseTemplate Behavior ::run [ RunTime:0.019732s ]
INFO: [ view_parse ] --END-- [ RunTime:0.020010s ]
INFO: [ view_filter ] --START--
INFO: ContentReplace Behavior ::run [ RunTime:0.002005s ]
INFO: TokenBuild Behavior ::run [ RunTime:0.001530s ]
INFO: WriteHtmlCache Behavior ::run [ RunTime:0.001247s ]
INFO: ShowRuntime Behavior ::run [ RunTime:0.001840s ]
INFO: [ view_filter ] --END-- [ RunTime:0.008681s ]
INFO: [ view_end ] --START--
INFO: ShowPageTrace Behavior ::run [ RunTime:0.001496s ]
INFO: [ view_end ] --END-- [ RunTime:0.001672s ]

[ 2018-03-03T09:02:52+08:00 ] 127.0.0.1 /wish1/index.php/Index/Index/handle
INFO: [ route_check ] --START--
INFO: CheckRoute Behavior ::run [ RunTime:0.003018s ]
INFO: [ route_check ] --END-- [ RunTime:0.003268s ]
INFO: [ app_begin ] --START--
INFO: ReadHtmlCache Behavior ::run [ RunTime:0.001574s ]
INFO: [ app_begin ] --END-- [ RunTime:0.001838s ]

[ 2018-03-03T09:02:55+08:00 ] 127.0.0.1 /wish1/index.php/Index/Index/main.css
INFO: [ route_check ] --START--
INFO: CheckRoute Behavior ::run [ RunTime:0.002342s ]
INFO: [ route_check ] --END-- [ RunTime:0.002621s ]
INFO: [ app_begin ] --START--
INFO: ReadHtmlCache Behavior ::run [ RunTime:0.001652s ]
INFO: [ app_begin ] --END-- [ RunTime:0.001889s ]
ERR: 非法操作:main.css

[ 2018-03-03T09:04:26+08:00 ] 127.0.0.1 /wish1/index.php/Index/Index/handle
INFO: [ route_check ] --START--
INFO: CheckRoute Behavior ::run [ RunTime:0.002860s ]
INFO: [ route_check ] --END-- [ RunTime:0.003089s ]
INFO: [ app_begin ] --START--
INFO: ReadHtmlCache Behavior ::run [ RunTime:0.002166s ]
INFO: [ app_begin ] --END-- [ RunTime:0.002372s ]

[ 2018-03-03T09:04:28+08:00 ] 127.0.0.1 /wish1/index.php/Index/Index/main.css
INFO: [ route_check ] --START--
INFO: CheckRoute Behavior ::run [ RunTime:0.002487s ]
INFO: [ route_check ] --END-- [ RunTime:0.002694s ]
INFO: [ app_begin ] --START--
INFO: ReadHtmlCache Behavior ::run [ RunTime:0.002329s ]
INFO: [ app_begin ] --END-- [ RunTime:0.002522s ]
ERR: 非法操作:main.css

[ 2018-03-03T09:04:35+08:00 ] 127.0.0.1 /wish1/index.php
INFO: [ app_begin ] --START--
INFO: ReadHtmlCache Behavior ::run [ RunTime:0.002248s ]
INFO: [ app_begin ] --END-- [ RunTime:0.002466s ]
INFO: [ view_parse ] --START--
INFO: ParseTemplate Behavior ::run [ RunTime:0.018987s ]
INFO: [ view_parse ] --END-- [ RunTime:0.019208s ]
INFO: [ view_filter ] --START--
INFO: ContentReplace Behavior ::run [ RunTime:0.001726s ]
INFO: TokenBuild Behavior ::run [ RunTime:0.001369s ]
INFO: WriteHtmlCache Behavior ::run [ RunTime:0.001130s ]
INFO: ShowRuntime Behavior ::run [ RunTime:0.001494s ]
INFO: [ view_filter ] --END-- [ RunTime:0.006220s ]
INFO: [ view_end ] --START--
INFO: ShowPageTrace Behavior ::run [ RunTime:0.001587s ]
INFO: [ view_end ] --END-- [ RunTime:0.001755s ]

[ 2018-03-03T09:07:07+08:00 ] 127.0.0.1 /wish1/index.php
INFO: [ app_begin ] --START--
INFO: ReadHtmlCache Behavior ::run [ RunTime:0.002347s ]
INFO: [ app_begin ] --END-- [ RunTime:0.002754s ]
INFO: [ view_parse ] --START--
INFO: ParseTemplate Behavior ::run [ RunTime:0.019716s ]
INFO: [ view_parse ] --END-- [ RunTime:0.019983s ]
INFO: [ view_filter ] --START--
INFO: ContentReplace Behavior ::run [ RunTime:0.001518s ]
INFO: TokenBuild Behavior ::run [ RunTime:0.001567s ]
INFO: WriteHtmlCache Behavior ::run [ RunTime:0.001146s ]
INFO: ShowRuntime Behavior ::run [ RunTime:0.001392s ]
INFO: [ view_filter ] --END-- [ RunTime:0.006176s ]
INFO: [ view_end ] --START--
INFO: ShowPageTrace Behavior ::run [ RunTime:0.001433s ]
INFO: [ view_end ] --END-- [ RunTime:0.001611s ]

[ 2018-03-03T09:07:38+08:00 ] 127.0.0.1 /wish1/index.php/Index/Index/handle
INFO: [ route_check ] --START--
INFO: CheckRoute Behavior ::run [ RunTime:0.002113s ]
INFO: [ route_check ] --END-- [ RunTime:0.002340s ]
INFO: [ app_begin ] --START--
INFO: ReadHtmlCache Behavior ::run [ RunTime:0.004443s ]
INFO: [ app_begin ] --END-- [ RunTime:0.004660s ]

[ 2018-03-03T09:07:50+08:00 ] 127.0.0.1 /wish1/index.php/Index/Index/handle
INFO: [ route_check ] --START--
INFO: CheckRoute Behavior ::run [ RunTime:0.003047s ]
INFO: [ route_check ] --END-- [ RunTime:0.003287s ]
INFO: [ app_begin ] --START--
INFO: ReadHtmlCache Behavior ::run [ RunTime:0.002889s ]
INFO: [ app_begin ] --END-- [ RunTime:0.003111s ]

[ 2018-03-03T09:08:13+08:00 ] 127.0.0.1 /wish1/index.php
INFO: [ app_begin ] --START--
INFO: ReadHtmlCache Behavior ::run [ RunTime:0.001775s ]
INFO: [ app_begin ] --END-- [ RunTime:0.001998s ]
INFO: [ view_parse ] --START--
INFO: ParseTemplate Behavior ::run [ RunTime:0.022654s ]
INFO: [ view_parse ] --END-- [ RunTime:0.022895s ]
INFO: [ view_filter ] --START--
INFO: ContentReplace Behavior ::run [ RunTime:0.002186s ]
INFO: TokenBuild Behavior ::run [ RunTime:0.001364s ]
INFO: WriteHtmlCache Behavior ::run [ RunTime:0.001305s ]
INFO: ShowRuntime Behavior ::run [ RunTime:0.001599s ]
INFO: [ view_filter ] --END-- [ RunTime:0.007115s ]
INFO: [ view_end ] --START--
INFO: ShowPageTrace Behavior ::run [ RunTime:0.001591s ]
INFO: [ view_end ] --END-- [ RunTime:0.001765s ]

[ 2018-03-03T09:08:28+08:00 ] 127.0.0.1 /wish1/index.php/Index/Index/handle
INFO: [ route_check ] --START--
INFO: CheckRoute Behavior ::run [ RunTime:0.002411s ]
INFO: [ route_check ] --END-- [ RunTime:0.002659s ]
INFO: [ app_begin ] --START--
INFO: ReadHtmlCache Behavior ::run [ RunTime:0.001816s ]
INFO: [ app_begin ] --END-- [ RunTime:0.002039s ]

[ 2018-03-03T09:09:08+08:00 ] 127.0.0.1 /wish1/index.php
INFO: [ app_begin ] --START--
INFO: ReadHtmlCache Behavior ::run [ RunTime:0.001788s ]
INFO: [ app_begin ] --END-- [ RunTime:0.002013s ]
INFO: [ view_parse ] --START--
INFO: ParseTemplate Behavior ::run [ RunTime:0.024170s ]
INFO: [ view_parse ] --END-- [ RunTime:0.024520s ]
INFO: [ view_filter ] --START--
INFO: ContentReplace Behavior ::run [ RunTime:0.001625s ]
INFO: TokenBuild Behavior ::run [ RunTime:0.001430s ]
INFO: WriteHtmlCache Behavior ::run [ RunTime:0.001170s ]
INFO: ShowRuntime Behavior ::run [ RunTime:0.002079s ]
INFO: [ view_filter ] --END-- [ RunTime:0.006944s ]
INFO: [ view_end ] --START--
INFO: ShowPageTrace Behavior ::run [ RunTime:0.002495s ]
INFO: [ view_end ] --END-- [ RunTime:0.002692s ]

[ 2018-03-03T09:09:23+08:00 ] 127.0.0.1 /wish1/index.php/Index/Index/handle
INFO: [ route_check ] --START--
INFO: CheckRoute Behavior ::run [ RunTime:0.002555s ]
INFO: [ route_check ] --END-- [ RunTime:0.002790s ]
INFO: [ app_begin ] --START--
INFO: ReadHtmlCache Behavior ::run [ RunTime:0.001567s ]
INFO: [ app_begin ] --END-- [ RunTime:0.001735s ]

[ 2018-03-03T14:04:31+08:00 ] 127.0.0.1 /wish1/
INFO: [ app_begin ] --START--
INFO: ReadHtmlCache Behavior ::run [ RunTime:0.001614s ]
INFO: [ app_begin ] --END-- [ RunTime:0.001903s ]
INFO: [ view_parse ] --START--
INFO: ParseTemplate Behavior ::run [ RunTime:0.017561s ]
INFO: [ view_parse ] --END-- [ RunTime:0.017789s ]
INFO: [ view_filter ] --START--
INFO: ContentReplace Behavior ::run [ RunTime:0.001465s ]
INFO: TokenBuild Behavior ::run [ RunTime:0.001142s ]
INFO: WriteHtmlCache Behavior ::run [ RunTime:0.000902s ]
INFO: ShowRuntime Behavior ::run [ RunTime:0.001335s ]
INFO: [ view_filter ] --END-- [ RunTime:0.005326s ]
INFO: [ view_end ] --START--
INFO: ShowPageTrace Behavior ::run [ RunTime:0.001889s ]
INFO: [ view_end ] --END-- [ RunTime:0.002104s ]

[ 2018-03-03T14:04:44+08:00 ] 127.0.0.1 /wish1/index.php/Index/Index/handle
INFO: [ route_check ] --START--
INFO: CheckRoute Behavior ::run [ RunTime:0.019270s ]
INFO: [ route_check ] --END-- [ RunTime:0.019507s ]
INFO: [ app_begin ] --START--
INFO: ReadHtmlCache Behavior ::run [ RunTime:0.001544s ]
INFO: [ app_begin ] --END-- [ RunTime:0.001749s ]

[ 2018-03-03T16:50:24+08:00 ] 127.0.0.1 /wish1/
INFO: [ app_begin ] --START--
INFO: ReadHtmlCache Behavior ::run [ RunTime:0.001792s ]
INFO: [ app_begin ] --END-- [ RunTime:0.003314s ]
INFO: [ view_parse ] --START--
INFO: ParseTemplate Behavior ::run [ RunTime:0.021146s ]
INFO: [ view_parse ] --END-- [ RunTime:0.021373s ]
INFO: [ view_filter ] --START--
INFO: ContentReplace Behavior ::run [ RunTime:0.001247s ]
INFO: TokenBuild Behavior ::run [ RunTime:0.001137s ]
INFO: WriteHtmlCache Behavior ::run [ RunTime:0.002681s ]
INFO: ShowRuntime Behavior ::run [ RunTime:0.001357s ]
INFO: [ view_filter ] --END-- [ RunTime:0.006926s ]
INFO: [ view_end ] --START--
INFO: ShowPageTrace Behavior ::run [ RunTime:0.001391s ]
INFO: [ view_end ] --END-- [ RunTime:0.001575s ]

[ 2018-03-03T16:50:54+08:00 ] 127.0.0.1 /wish1/index.php/Index/Index/handle
INFO: [ route_check ] --START--
INFO: CheckRoute Behavior ::run [ RunTime:0.002007s ]
INFO: [ route_check ] --END-- [ RunTime:0.002220s ]
INFO: [ app_begin ] --START--
INFO: ReadHtmlCache Behavior ::run [ RunTime:0.001683s ]
INFO: [ app_begin ] --END-- [ RunTime:0.001875s ]

[ 2018-03-03T16:50:59+08:00 ] 127.0.0.1 /wish1/index.php/Index/Index/handle
INFO: [ route_check ] --START--
INFO: CheckRoute Behavior ::run [ RunTime:0.002221s ]
INFO: [ route_check ] --END-- [ RunTime:0.002438s ]
INFO: [ app_begin ] --START--
INFO: ReadHtmlCache Behavior ::run [ RunTime:0.001669s ]
INFO: [ app_begin ] --END-- [ RunTime:0.004060s ]

[ 2018-03-03T16:51:01+08:00 ] 127.0.0.1 /wish1/index.php/Index/Index/handle
INFO: [ route_check ] --START--
INFO: CheckRoute Behavior ::run [ RunTime:0.002775s ]
INFO: [ route_check ] --END-- [ RunTime:0.003039s ]
INFO: [ app_begin ] --START--
INFO: ReadHtmlCache Behavior ::run [ RunTime:0.001698s ]
INFO: [ app_begin ] --END-- [ RunTime:0.002184s ]

[ 2018-03-03T16:51:31+08:00 ] 127.0.0.1 /wish1/index.php/Index/Index/handle
INFO: [ route_check ] --START--
INFO: CheckRoute Behavior ::run [ RunTime:0.002172s ]
INFO: [ route_check ] --END-- [ RunTime:0.002461s ]
INFO: [ app_begin ] --START--
INFO: ReadHtmlCache Behavior ::run [ RunTime:0.002273s ]
INFO: [ app_begin ] --END-- [ RunTime:0.002544s ]

[ 2018-03-03T16:51:42+08:00 ] 127.0.0.1 /wish1/index.php/Index/Index/handle
INFO: [ route_check ] --START--
INFO: CheckRoute Behavior ::run [ RunTime:0.002030s ]
INFO: [ route_check ] --END-- [ RunTime:0.002284s ]
INFO: [ app_begin ] --START--
INFO: ReadHtmlCache Behavior ::run [ RunTime:0.001598s ]
INFO: [ app_begin ] --END-- [ RunTime:0.001778s ]

[ 2018-03-03T16:56:13+08:00 ] 127.0.0.1 /wish1/index.php/Index/Index/handle
INFO: [ route_check ] --START--
INFO: CheckRoute Behavior ::run [ RunTime:0.002091s ]
INFO: [ route_check ] --END-- [ RunTime:0.002324s ]
INFO: [ app_begin ] --START--
INFO: ReadHtmlCache Behavior ::run [ RunTime:0.001648s ]
INFO: [ app_begin ] --END-- [ RunTime:0.001845s ]

[ 2018-03-03T16:58:24+08:00 ] 127.0.0.1 /wish1/index.php/Index/Index/handle
INFO: [ route_check ] --START--
INFO: CheckRoute Behavior ::run [ RunTime:0.002014s ]
INFO: [ route_check ] --END-- [ RunTime:0.002251s ]
INFO: [ app_begin ] --START--
INFO: ReadHtmlCache Behavior ::run [ RunTime:0.001590s ]
INFO: [ app_begin ] --END-- [ RunTime:0.001764s ]

[ 2018-03-03T16:59:25+08:00 ] 127.0.0.1 /wish1/index.php/Index/Index/handle
INFO: [ route_check ] --START--
INFO: CheckRoute Behavior ::run [ RunTime:0.003025s ]
INFO: [ route_check ] --END-- [ RunTime:0.003285s ]
INFO: [ app_begin ] --START--
INFO: ReadHtmlCache Behavior ::run [ RunTime:0.001622s ]
INFO: [ app_begin ] --END-- [ RunTime:0.001795s ]

[ 2018-03-03T16:59:29+08:00 ] 127.0.0.1 /wish1/index.php/Index/Index/handle
INFO: [ route_check ] --START--
INFO: CheckRoute Behavior ::run [ RunTime:0.002098s ]
INFO: [ route_check ] --END-- [ RunTime:0.002316s ]
INFO: [ app_begin ] --START--
INFO: ReadHtmlCache Behavior ::run [ RunTime:0.002595s ]
INFO: [ app_begin ] --END-- [ RunTime:0.002801s ]

[ 2018-03-03T17:02:05+08:00 ] 127.0.0.1 /wish1/index.php/Index/Index/handle
INFO: [ route_check ] --START--
INFO: CheckRoute Behavior ::run [ RunTime:0.002634s ]
INFO: [ route_check ] --END-- [ RunTime:0.002892s ]
INFO: [ app_begin ] --START--
INFO: ReadHtmlCache Behavior ::run [ RunTime:0.001687s ]
INFO: [ app_begin ] --END-- [ RunTime:0.001867s ]

[ 2018-03-03T17:06:24+08:00 ] 127.0.0.1 /wish1/index.php/Index/Index/handle
INFO: [ route_check ] --START--
INFO: CheckRoute Behavior ::run [ RunTime:0.003125s ]
INFO: [ route_check ] --END-- [ RunTime:0.003384s ]
INFO: [ app_begin ] --START--
INFO: ReadHtmlCache Behavior ::run [ RunTime:0.001760s ]
INFO: [ app_begin ] --END-- [ RunTime:0.001929s ]

[ 2018-03-03T17:06:33+08:00 ] 127.0.0.1 /wish1/index.php/Index/Index/handle
INFO: [ route_check ] --START--
INFO: CheckRoute Behavior ::run [ RunTime:0.001973s ]
INFO: [ route_check ] --END-- [ RunTime:0.002197s ]
INFO: [ app_begin ] --START--
INFO: ReadHtmlCache Behavior ::run [ RunTime:0.001867s ]
INFO: [ app_begin ] --END-- [ RunTime:0.002080s ]

[ 2018-03-03T17:07:36+08:00 ] 127.0.0.1 /wish1/index.php/Index/Index/handle
INFO: [ route_check ] --START--
INFO: CheckRoute Behavior ::run [ RunTime:0.001989s ]
INFO: [ route_check ] --END-- [ RunTime:0.002211s ]
INFO: [ app_begin ] --START--
INFO: ReadHtmlCache Behavior ::run [ RunTime:0.001590s ]
INFO: [ app_begin ] --END-- [ RunTime:0.001760s ]

[ 2018-03-03T18:26:09+08:00 ] 127.0.0.1 /wish1/index.php/Index/Index/handle
INFO: [ route_check ] --START--
INFO: CheckRoute Behavior ::run [ RunTime:0.002584s ]
INFO: [ route_check ] --END-- [ RunTime:0.002842s ]
INFO: [ app_begin ] --START--
INFO: ReadHtmlCache Behavior ::run [ RunTime:0.002040s ]
INFO: [ app_begin ] --END-- [ RunTime:0.002294s ]
NOTIC: [2] file_put_contents(./data/phiz.php) [<a href='function.file-put-contents'>function.file-put-contents</a>]: failed to open stream: No such file or directory F:\weblx\www\phptest\wish1\App\Lib\Action\Index\IndexAction.class.php 第 38 行.

[ 2018-03-03T18:27:37+08:00 ] 127.0.0.1 /wish1/
INFO: [ app_begin ] --START--
INFO: ReadHtmlCache Behavior ::run [ RunTime:0.001501s ]
INFO: [ app_begin ] --END-- [ RunTime:0.001730s ]
INFO: [ view_parse ] --START--
INFO: ParseTemplate Behavior ::run [ RunTime:0.017798s ]
INFO: [ view_parse ] --END-- [ RunTime:0.018087s ]
INFO: [ view_filter ] --START--
INFO: ContentReplace Behavior ::run [ RunTime:0.001363s ]
INFO: TokenBuild Behavior ::run [ RunTime:0.001258s ]
INFO: WriteHtmlCache Behavior ::run [ RunTime:0.000945s ]
INFO: ShowRuntime Behavior ::run [ RunTime:0.001361s ]
INFO: [ view_filter ] --END-- [ RunTime:0.005421s ]
INFO: [ view_end ] --START--
INFO: ShowPageTrace Behavior ::run [ RunTime:0.001506s ]
INFO: [ view_end ] --END-- [ RunTime:0.001692s ]

[ 2018-03-03T18:27:56+08:00 ] 127.0.0.1 /wish1/index.php/Index/Index/handle
INFO: [ route_check ] --START--
INFO: CheckRoute Behavior ::run [ RunTime:0.003657s ]
INFO: [ route_check ] --END-- [ RunTime:0.004137s ]
INFO: [ app_begin ] --START--
INFO: ReadHtmlCache Behavior ::run [ RunTime:0.002348s ]
INFO: [ app_begin ] --END-- [ RunTime:0.002562s ]
NOTIC: [2] file_put_contents(./data/phiz.php) [<a href='function.file-put-contents'>function.file-put-contents</a>]: failed to open stream: No such file or directory F:\weblx\www\phptest\wish1\App\Lib\Action\Index\IndexAction.class.php 第 38 行.

[ 2018-03-03T18:29:38+08:00 ] 127.0.0.1 /wish1/index.php/Index/Index/handle
INFO: [ route_check ] --START--
INFO: CheckRoute Behavior ::run [ RunTime:0.001915s ]
INFO: [ route_check ] --END-- [ RunTime:0.002182s ]
INFO: [ app_begin ] --START--
INFO: ReadHtmlCache Behavior ::run [ RunTime:0.001554s ]
INFO: [ app_begin ] --END-- [ RunTime:0.001727s ]
NOTIC: [2] file_put_contents(./data/phiz.php) [<a href='function.file-put-contents'>function.file-put-contents</a>]: failed to open stream: No such file or directory F:\weblx\www\phptest\wish1\App\Lib\Action\Index\IndexAction.class.php 第 38 行.

[ 2018-03-03T18:31:56+08:00 ] 127.0.0.1 /wish1/index.php/Index/Index/handle
INFO: [ route_check ] --START--
INFO: CheckRoute Behavior ::run [ RunTime:0.002897s ]
INFO: [ route_check ] --END-- [ RunTime:0.003142s ]
INFO: [ app_begin ] --START--
INFO: ReadHtmlCache Behavior ::run [ RunTime:0.003276s ]
INFO: [ app_begin ] --END-- [ RunTime:0.003493s ]
NOTIC: [2] file_put_contents(./data/phiz.php) [<a href='function.file-put-contents'>function.file-put-contents</a>]: failed to open stream: No such file or directory F:\weblx\www\phptest\wish1\App\Lib\Action\Index\IndexAction.class.php 第 38 行.

[ 2018-03-03T18:32:41+08:00 ] 127.0.0.1 /wish1/index.php/Index/Index/handle
INFO: [ route_check ] --START--
INFO: CheckRoute Behavior ::run [ RunTime:0.001862s ]
INFO: [ route_check ] --END-- [ RunTime:0.002207s ]
INFO: [ app_begin ] --START--
INFO: ReadHtmlCache Behavior ::run [ RunTime:0.007355s ]
INFO: [ app_begin ] --END-- [ RunTime:0.007586s ]
NOTIC: [2] file_put_contents(./data/phiz.php) [<a href='function.file-put-contents'>function.file-put-contents</a>]: failed to open stream: No such file or directory F:\weblx\www\phptest\wish1\App\Lib\Action\Index\IndexAction.class.php 第 38 行.

[ 2018-03-03T18:33:24+08:00 ] 127.0.0.1 /wish1/index.php/Index/Index/handle
INFO: [ route_check ] --START--
INFO: CheckRoute Behavior ::run [ RunTime:0.002803s ]
INFO: [ route_check ] --END-- [ RunTime:0.003031s ]
INFO: [ app_begin ] --START--
INFO: ReadHtmlCache Behavior ::run [ RunTime:0.001567s ]
INFO: [ app_begin ] --END-- [ RunTime:0.001742s ]
NOTIC: [2] file_put_contents(./data/phiz.php) [<a href='function.file-put-contents'>function.file-put-contents</a>]: failed to open stream: No such file or directory F:\weblx\www\phptest\wish1\App\Lib\Action\Index\IndexAction.class.php 第 39 行.

[ 2018-03-03T18:34:04+08:00 ] 127.0.0.1 /wish1/
INFO: [ app_begin ] --START--
INFO: ReadHtmlCache Behavior ::run [ RunTime:0.001603s ]
INFO: [ app_begin ] --END-- [ RunTime:0.001820s ]
INFO: [ view_parse ] --START--
INFO: ParseTemplate Behavior ::run [ RunTime:0.020588s ]
INFO: [ view_parse ] --END-- [ RunTime:0.020822s ]
INFO: [ view_filter ] --START--
INFO: ContentReplace Behavior ::run [ RunTime:0.001332s ]
INFO: TokenBuild Behavior ::run [ RunTime:0.001235s ]
INFO: WriteHtmlCache Behavior ::run [ RunTime:0.001011s ]
INFO: ShowRuntime Behavior ::run [ RunTime:0.001504s ]
INFO: [ view_filter ] --END-- [ RunTime:0.005566s ]
INFO: [ view_end ] --START--
INFO: ShowPageTrace Behavior ::run [ RunTime:0.001511s ]
INFO: [ view_end ] --END-- [ RunTime:0.001683s ]

[ 2018-03-03T18:34:37+08:00 ] 127.0.0.1 /wish1/index.php/Index/Index/handle
INFO: [ route_check ] --START--
INFO: CheckRoute Behavior ::run [ RunTime:0.002063s ]
INFO: [ route_check ] --END-- [ RunTime:0.002358s ]
INFO: [ app_begin ] --START--
INFO: ReadHtmlCache Behavior ::run [ RunTime:0.005577s ]
INFO: [ app_begin ] --END-- [ RunTime:0.005888s ]
NOTIC: [2] file_put_contents(./data/phiz.php) [<a href='function.file-put-contents'>function.file-put-contents</a>]: failed to open stream: No such file or directory F:\weblx\www\phptest\wish1\App\Lib\Action\Index\IndexAction.class.php 第 39 行.

[ 2018-03-03T18:36:59+08:00 ] 127.0.0.1 /wish1/index.php/Index/Index/handle
INFO: [ route_check ] --START--
INFO: CheckRoute Behavior ::run [ RunTime:0.002049s ]
INFO: [ route_check ] --END-- [ RunTime:0.002273s ]
INFO: [ app_begin ] --START--
INFO: ReadHtmlCache Behavior ::run [ RunTime:0.001749s ]
INFO: [ app_begin ] --END-- [ RunTime:0.001975s ]
NOTIC: [2] file_put_contents(./data/phiz.php) [<a href='function.file-put-contents'>function.file-put-contents</a>]: failed to open stream: No such file or directory F:\weblx\www\phptest\wish1\App\Lib\Action\Index\IndexAction.class.php 第 39 行.

[ 2018-03-03T18:37:07+08:00 ] 127.0.0.1 /wish1/
INFO: [ app_begin ] --START--
INFO: ReadHtmlCache Behavior ::run [ RunTime:0.001459s ]
INFO: [ app_begin ] --END-- [ RunTime:0.001680s ]
INFO: [ view_parse ] --START--
INFO: ParseTemplate Behavior ::run [ RunTime:0.019558s ]
INFO: [ view_parse ] --END-- [ RunTime:0.019784s ]
INFO: [ view_filter ] --START--
INFO: ContentReplace Behavior ::run [ RunTime:0.001262s ]
INFO: TokenBuild Behavior ::run [ RunTime:0.001214s ]
INFO: WriteHtmlCache Behavior ::run [ RunTime:0.000989s ]
INFO: ShowRuntime Behavior ::run [ RunTime:0.001470s ]
INFO: [ view_filter ] --END-- [ RunTime:0.005470s ]
INFO: [ view_end ] --START--
INFO: ShowPageTrace Behavior ::run [ RunTime:0.001682s ]
INFO: [ view_end ] --END-- [ RunTime:0.001860s ]

[ 2018-03-03T18:37:28+08:00 ] 127.0.0.1 /wish1/index.php/Index/Index/handle
INFO: [ route_check ] --START--
INFO: CheckRoute Behavior ::run [ RunTime:0.006544s ]
INFO: [ route_check ] --END-- [ RunTime:0.006801s ]
INFO: [ app_begin ] --START--
INFO: ReadHtmlCache Behavior ::run [ RunTime:0.001932s ]
INFO: [ app_begin ] --END-- [ RunTime:0.002185s ]
NOTIC: [2] file_put_contents(./data/phiz.php) [<a href='function.file-put-contents'>function.file-put-contents</a>]: failed to open stream: No such file or directory F:\weblx\www\phptest\wish1\App\Lib\Action\Index\IndexAction.class.php 第 39 行.

[ 2018-03-03T18:38:47+08:00 ] 127.0.0.1 /wish1/index.php/Index/Index/handle
INFO: [ route_check ] --START--
INFO: CheckRoute Behavior ::run [ RunTime:0.002048s ]
INFO: [ route_check ] --END-- [ RunTime:0.002281s ]
INFO: [ app_begin ] --START--
INFO: ReadHtmlCache Behavior ::run [ RunTime:0.001603s ]
INFO: [ app_begin ] --END-- [ RunTime:0.001788s ]

[ 2018-03-03T18:42:49+08:00 ] 127.0.0.1 /wish1/index.php/Index/Index/handle
INFO: [ route_check ] --START--
INFO: CheckRoute Behavior ::run [ RunTime:0.002720s ]
INFO: [ route_check ] --END-- [ RunTime:0.002935s ]
INFO: [ app_begin ] --START--
INFO: ReadHtmlCache Behavior ::run [ RunTime:0.001836s ]
INFO: [ app_begin ] --END-- [ RunTime:0.002076s ]
NOTIC: [8] Undefined variable: phiz F:\weblx\www\phptest\wish1\App\Lib\Action\Index\IndexAction.class.php 第 37 行.
NOTIC: [2] unlink(./Dataphiz.php) [<a href='function.unlink'>function.unlink</a>]: No such file or directory F:\weblx\www\phptest\wish1\ThinkPHP\Common\functions.php 第 413 行.

[ 2018-03-03T18:43:38+08:00 ] 127.0.0.1 /wish1/
INFO: [ app_begin ] --START--
INFO: ReadHtmlCache Behavior ::run [ RunTime:0.001669s ]
INFO: [ app_begin ] --END-- [ RunTime:0.001897s ]
INFO: [ view_parse ] --START--
INFO: ParseTemplate Behavior ::run [ RunTime:0.059232s ]
INFO: [ view_parse ] --END-- [ RunTime:0.059495s ]
INFO: [ view_filter ] --START--
INFO: ContentReplace Behavior ::run [ RunTime:0.001477s ]
INFO: TokenBuild Behavior ::run [ RunTime:0.001802s ]
INFO: WriteHtmlCache Behavior ::run [ RunTime:0.002159s ]
INFO: ShowRuntime Behavior ::run [ RunTime:0.002495s ]
INFO: [ view_filter ] --END-- [ RunTime:0.008557s ]
INFO: [ view_end ] --START--
INFO: ShowPageTrace Behavior ::run [ RunTime:0.001805s ]
INFO: [ view_end ] --END-- [ RunTime:0.002104s ]

[ 2018-03-03T18:43:50+08:00 ] 127.0.0.1 /wish1/index.php/Index/Index/handle
INFO: [ route_check ] --START--
INFO: CheckRoute Behavior ::run [ RunTime:0.001857s ]
INFO: [ route_check ] --END-- [ RunTime:0.002070s ]
INFO: [ app_begin ] --START--
INFO: ReadHtmlCache Behavior ::run [ RunTime:0.002056s ]
INFO: [ app_begin ] --END-- [ RunTime:0.002341s ]
NOTIC: [8] Undefined variable: phiz F:\weblx\www\phptest\wish1\App\Lib\Action\Index\IndexAction.class.php 第 37 行.
NOTIC: [2] unlink(./Dataphiz.php) [<a href='function.unlink'>function.unlink</a>]: No such file or directory F:\weblx\www\phptest\wish1\ThinkPHP\Common\functions.php 第 413 行.

[ 2018-03-03T18:44:34+08:00 ] 127.0.0.1 /wish1/index.php/Index/Index/handle
INFO: [ route_check ] --START--
INFO: CheckRoute Behavior ::run [ RunTime:0.002320s ]
INFO: [ route_check ] --END-- [ RunTime:0.002616s ]
INFO: [ app_begin ] --START--
INFO: ReadHtmlCache Behavior ::run [ RunTime:0.001693s ]
INFO: [ app_begin ] --END-- [ RunTime:0.001903s ]

[ 2018-03-03T18:45:37+08:00 ] 127.0.0.1 /wish1/index.php/Index/Index/handle
INFO: [ route_check ] --START--
INFO: CheckRoute Behavior ::run [ RunTime:0.006616s ]
INFO: [ route_check ] --END-- [ RunTime:0.006887s ]
INFO: [ app_begin ] --START--
INFO: ReadHtmlCache Behavior ::run [ RunTime:0.001687s ]
INFO: [ app_begin ] --END-- [ RunTime:0.001891s ]

[ 2018-03-03T18:48:32+08:00 ] 127.0.0.1 /wish1/index.php/Index/Index/handle
INFO: [ route_check ] --START--
INFO: CheckRoute Behavior ::run [ RunTime:0.005409s ]
INFO: [ route_check ] --END-- [ RunTime:0.005968s ]
INFO: [ app_begin ] --START--
INFO: ReadHtmlCache Behavior ::run [ RunTime:0.008242s ]
INFO: [ app_begin ] --END-- [ RunTime:0.008467s ]

[ 2018-03-03T18:48:50+08:00 ] 127.0.0.1 /wish1/index.php/Index/Index/handle
INFO: [ route_check ] --START--
INFO: CheckRoute Behavior ::run [ RunTime:0.002068s ]
INFO: [ route_check ] --END-- [ RunTime:0.002300s ]
INFO: [ app_begin ] --START--
INFO: ReadHtmlCache Behavior ::run [ RunTime:0.004042s ]
INFO: [ app_begin ] --END-- [ RunTime:0.004269s ]

