[ 2018-03-08T15:00:24+08:00 ] 127.0.0.1 /wish1/
INFO: [ app_begin ] --START--
INFO: ReadHtmlCache Behavior ::run [ RunTime:0.001746s ]
INFO: [ app_begin ] --END-- [ RunTime:0.011359s ]
ERR: 无法加载模块:Index

[ 2018-03-08T15:01:14+08:00 ] 127.0.0.1 /wish1/
INFO: [ app_begin ] --START--
INFO: ReadHtmlCache Behavior ::run [ RunTime:0.001555s ]
INFO: [ app_begin ] --END-- [ RunTime:0.001758s ]
ERR: 无法加载模块:Index

[ 2018-03-08T15:01:19+08:00 ] 127.0.0.1 /wish1/
INFO: [ app_begin ] --START--
INFO: ReadHtmlCache Behavior ::run [ RunTime:0.001105s ]
INFO: [ app_begin ] --END-- [ RunTime:0.001309s ]
ERR: 无法加载模块:Index

[ 2018-03-08T15:02:59+08:00 ] 127.0.0.1 /wish1/
INFO: [ app_begin ] --START--
INFO: ReadHtmlCache Behavior ::run [ RunTime:0.001532s ]
INFO: [ app_begin ] --END-- [ RunTime:0.001738s ]
ERR: 无法加载模块:Index

[ 2018-03-08T15:03:04+08:00 ] 127.0.0.1 /wish1/
INFO: [ app_begin ] --START--
INFO: ReadHtmlCache Behavior ::run [ RunTime:0.001122s ]
INFO: [ app_begin ] --END-- [ RunTime:0.001350s ]
ERR: 无法加载模块:Index

[ 2018-03-08T15:03:11+08:00 ] 127.0.0.1 /wish1/
INFO: [ app_begin ] --START--
INFO: ReadHtmlCache Behavior ::run [ RunTime:0.001142s ]
INFO: [ app_begin ] --END-- [ RunTime:0.001341s ]
ERR: 无法加载模块:Index

[ 2018-03-08T15:03:11+08:00 ] 127.0.0.1 /wish1/
INFO: [ app_begin ] --START--
INFO: ReadHtmlCache Behavior ::run [ RunTime:0.001481s ]
INFO: [ app_begin ] --END-- [ RunTime:0.001688s ]
ERR: 无法加载模块:Index

[ 2018-03-08T15:03:11+08:00 ] 127.0.0.1 /wish1/
INFO: [ app_begin ] --START--
INFO: ReadHtmlCache Behavior ::run [ RunTime:0.001470s ]
INFO: [ app_begin ] --END-- [ RunTime:0.001677s ]
ERR: 无法加载模块:Index

[ 2018-03-08T15:03:12+08:00 ] 127.0.0.1 /wish1/
INFO: [ app_begin ] --START--
INFO: ReadHtmlCache Behavior ::run [ RunTime:0.001106s ]
INFO: [ app_begin ] --END-- [ RunTime:0.001311s ]
ERR: 无法加载模块:Index

[ 2018-03-08T15:03:12+08:00 ] 127.0.0.1 /wish1/
INFO: [ app_begin ] --START--
INFO: ReadHtmlCache Behavior ::run [ RunTime:0.001474s ]
INFO: [ app_begin ] --END-- [ RunTime:0.001679s ]
ERR: 无法加载模块:Index

[ 2018-03-08T15:03:12+08:00 ] 127.0.0.1 /wish1/
INFO: [ app_begin ] --START--
INFO: ReadHtmlCache Behavior ::run [ RunTime:0.001486s ]
INFO: [ app_begin ] --END-- [ RunTime:0.001690s ]
ERR: 无法加载模块:Index

[ 2018-03-08T15:03:12+08:00 ] 127.0.0.1 /wish1/
INFO: [ app_begin ] --START--
INFO: ReadHtmlCache Behavior ::run [ RunTime:0.001534s ]
INFO: [ app_begin ] --END-- [ RunTime:0.001738s ]
ERR: 无法加载模块:Index

[ 2018-03-08T15:03:12+08:00 ] 127.0.0.1 /wish1/
INFO: [ app_begin ] --START--
INFO: ReadHtmlCache Behavior ::run [ RunTime:0.001564s ]
INFO: [ app_begin ] --END-- [ RunTime:0.001766s ]
ERR: 无法加载模块:Index

[ 2018-03-08T15:03:12+08:00 ] 127.0.0.1 /wish1/
INFO: [ app_begin ] --START--
INFO: ReadHtmlCache Behavior ::run [ RunTime:0.001517s ]
INFO: [ app_begin ] --END-- [ RunTime:0.001726s ]
ERR: 无法加载模块:Index

[ 2018-03-08T15:03:12+08:00 ] 127.0.0.1 /wish1/
INFO: [ app_begin ] --START--
INFO: ReadHtmlCache Behavior ::run [ RunTime:0.001497s ]
INFO: [ app_begin ] --END-- [ RunTime:0.001737s ]
ERR: 无法加载模块:Index

[ 2018-03-08T15:03:13+08:00 ] 127.0.0.1 /wish1/
INFO: [ app_begin ] --START--
INFO: ReadHtmlCache Behavior ::run [ RunTime:0.001489s ]
INFO: [ app_begin ] --END-- [ RunTime:0.001697s ]
ERR: 无法加载模块:Index

[ 2018-03-08T15:03:13+08:00 ] 127.0.0.1 /wish1/
INFO: [ app_begin ] --START--
INFO: ReadHtmlCache Behavior ::run [ RunTime:0.001506s ]
INFO: [ app_begin ] --END-- [ RunTime:0.001704s ]
ERR: 无法加载模块:Index

[ 2018-03-08T15:03:13+08:00 ] 127.0.0.1 /wish1/
INFO: [ app_begin ] --START--
INFO: ReadHtmlCache Behavior ::run [ RunTime:0.001462s ]
INFO: [ app_begin ] --END-- [ RunTime:0.001665s ]
ERR: 无法加载模块:Index

[ 2018-03-08T15:03:13+08:00 ] 127.0.0.1 /wish1/
INFO: [ app_begin ] --START--
INFO: ReadHtmlCache Behavior ::run [ RunTime:0.001492s ]
INFO: [ app_begin ] --END-- [ RunTime:0.001692s ]
ERR: 无法加载模块:Index

[ 2018-03-08T15:03:13+08:00 ] 127.0.0.1 /wish1/
INFO: [ app_begin ] --START--
INFO: ReadHtmlCache Behavior ::run [ RunTime:0.001508s ]
INFO: [ app_begin ] --END-- [ RunTime:0.001714s ]
ERR: 无法加载模块:Index

[ 2018-03-08T15:03:13+08:00 ] 127.0.0.1 /wish1/
INFO: [ app_begin ] --START--
INFO: ReadHtmlCache Behavior ::run [ RunTime:0.001494s ]
INFO: [ app_begin ] --END-- [ RunTime:0.001721s ]
ERR: 无法加载模块:Index

[ 2018-03-08T15:03:13+08:00 ] 127.0.0.1 /wish1/
INFO: [ app_begin ] --START--
INFO: ReadHtmlCache Behavior ::run [ RunTime:0.001096s ]
INFO: [ app_begin ] --END-- [ RunTime:0.001300s ]
ERR: 无法加载模块:Index

[ 2018-03-08T15:03:57+08:00 ] 127.0.0.1 /wish1/
INFO: [ app_begin ] --START--
INFO: ReadHtmlCache Behavior ::run [ RunTime:0.001556s ]
INFO: [ app_begin ] --END-- [ RunTime:0.001795s ]
ERR: 无法加载模块:Index

[ 2018-03-08T15:06:18+08:00 ] 127.0.0.1 /wish1/
INFO: [ app_begin ] --START--
INFO: ReadHtmlCache Behavior ::run [ RunTime:0.001545s ]
INFO: [ app_begin ] --END-- [ RunTime:0.001749s ]
ERR: 无法加载模块:Index

[ 2018-03-08T15:06:31+08:00 ] 127.0.0.1 /wish1/index.php
INFO: [ app_begin ] --START--
INFO: ReadHtmlCache Behavior ::run [ RunTime:0.001543s ]
INFO: [ app_begin ] --END-- [ RunTime:0.001766s ]
ERR: 无法加载模块:Index

[ 2018-03-08T15:08:59+08:00 ] 127.0.0.1 /wish1/index.php
INFO: [ app_begin ] --START--
INFO: ReadHtmlCache Behavior ::run [ RunTime:0.001501s ]
INFO: [ app_begin ] --END-- [ RunTime:0.001705s ]
ERR: 无法加载模块:Index

[ 2018-03-08T15:11:25+08:00 ] 127.0.0.1 /wish1/index.php
INFO: [ app_begin ] --START--
INFO: ReadHtmlCache Behavior ::run [ RunTime:0.001555s ]
INFO: [ app_begin ] --END-- [ RunTime:0.001781s ]

[ 2018-03-08T15:12:20+08:00 ] 127.0.0.1 /wish1/index.php
INFO: [ app_begin ] --START--
INFO: ReadHtmlCache Behavior ::run [ RunTime:0.001093s ]
INFO: [ app_begin ] --END-- [ RunTime:0.001294s ]

[ 2018-03-08T15:13:55+08:00 ] 127.0.0.1 /wish1/index.php
INFO: [ app_begin ] --START--
INFO: ReadHtmlCache Behavior ::run [ RunTime:0.001508s ]
INFO: [ app_begin ] --END-- [ RunTime:0.001709s ]
ERR: 无法加载模块:Index

[ 2018-03-08T15:16:04+08:00 ] 127.0.0.1 /wish1/index.php
INFO: [ app_begin ] --START--
INFO: ReadHtmlCache Behavior ::run [ RunTime:0.002124s ]
INFO: [ app_begin ] --END-- [ RunTime:0.002375s ]

[ 2018-03-08T15:16:36+08:00 ] 127.0.0.1 /wish1/index.php
INFO: [ app_begin ] --START--
INFO: ReadHtmlCache Behavior ::run [ RunTime:0.001120s ]
INFO: [ app_begin ] --END-- [ RunTime:0.001328s ]
SQL: SHOW COLUMNS FROM `hd_wish` [ RunTime:0.131656s ]
SQL: SELECT * FROM `hd_wish`  [ RunTime:0.000895s ]
ERR: 模板不存在[./App/Modules/Index/Tpl/Index_index.html]

[ 2018-03-08T15:20:47+08:00 ] 127.0.0.1 /wish1/
INFO: [ app_begin ] --START--
INFO: ReadHtmlCache Behavior ::run [ RunTime:0.001468s ]
INFO: [ app_begin ] --END-- [ RunTime:0.001676s ]
SQL: SHOW COLUMNS FROM `hd_wish` [ RunTime:0.006169s ]
SQL: SELECT * FROM `hd_wish`  [ RunTime:0.000364s ]
INFO: [ view_parse ] --START--
INFO: ParseTemplate Behavior ::run [ RunTime:0.073056s ]
INFO: [ view_parse ] --END-- [ RunTime:0.073263s ]
INFO: [ view_filter ] --START--
INFO: ContentReplace Behavior ::run [ RunTime:0.001315s ]
INFO: TokenBuild Behavior ::run [ RunTime:0.002522s ]
INFO: WriteHtmlCache Behavior ::run [ RunTime:0.001078s ]
INFO: ShowRuntime Behavior ::run [ RunTime:0.001332s ]
INFO: [ view_filter ] --END-- [ RunTime:0.006814s ]
INFO: [ view_end ] --START--
INFO: ShowPageTrace Behavior ::run [ RunTime:0.001367s ]
INFO: [ view_end ] --END-- [ RunTime:0.001535s ]

[ 2018-03-08T15:20:59+08:00 ] 127.0.0.1 /wish1/index.php/Index/Index/handle
INFO: [ route_check ] --START--
INFO: CheckRoute Behavior ::run [ RunTime:0.001599s ]
INFO: [ route_check ] --END-- [ RunTime:0.001805s ]
INFO: [ app_begin ] --START--
INFO: ReadHtmlCache Behavior ::run [ RunTime:0.001188s ]
INFO: [ app_begin ] --END-- [ RunTime:0.001359s ]
SQL: SHOW COLUMNS FROM `hd_wish` [ RunTime:0.006398s ]
SQL: INSERT INTO `hd_wish` (`username`,`content`,`time`) VALUES ('fff','fffff',1520493659) [ RunTime:0.083368s ]

