[ 2018-03-10T01:01:34+08:00 ] 127.0.0.1 /wish2/
INFO: [ app_begin ] --START--
INFO: ReadHtmlCache Behavior ::run [ RunTime:0.001799s ]
INFO: [ app_begin ] --END-- [ RunTime:0.002022s ]
SQL: SHOW COLUMNS FROM `hd_wish` [ RunTime:0.007673s ]
SQL: SELECT * FROM `hd_wish`  [ RunTime:0.000613s ]
INFO: [ view_parse ] --START--
INFO: ParseTemplate Behavior ::run [ RunTime:0.023837s ]
INFO: [ view_parse ] --END-- [ RunTime:0.024079s ]
INFO: [ view_filter ] --START--
INFO: ContentReplace Behavior ::run [ RunTime:0.001467s ]
INFO: TokenBuild Behavior ::run [ RunTime:0.001390s ]
INFO: WriteHtmlCache Behavior ::run [ RunTime:0.001153s ]
INFO: ShowRuntime Behavior ::run [ RunTime:0.001894s ]
INFO: [ view_filter ] --END-- [ RunTime:0.006400s ]
INFO: [ view_end ] --START--
INFO: ShowPageTrace Behavior ::run [ RunTime:0.001819s ]
INFO: [ view_end ] --END-- [ RunTime:0.002033s ]

[ 2018-03-10T01:01:52+08:00 ] 127.0.0.1 /wish2/index.php/Admin/Login/index
INFO: [ route_check ] --START--
INFO: CheckRoute Behavior ::run [ RunTime:0.001878s ]
INFO: [ route_check ] --END-- [ RunTime:0.002107s ]
INFO: [ app_begin ] --START--
INFO: ReadHtmlCache Behavior ::run [ RunTime:0.001742s ]
INFO: [ app_begin ] --END-- [ RunTime:0.001972s ]
INFO: [ view_parse ] --START--
INFO: ParseTemplate Behavior ::run [ RunTime:0.016738s ]
INFO: [ view_parse ] --END-- [ RunTime:0.016958s ]
INFO: [ view_filter ] --START--
INFO: ContentReplace Behavior ::run [ RunTime:0.001406s ]
INFO: TokenBuild Behavior ::run [ RunTime:0.001389s ]
INFO: WriteHtmlCache Behavior ::run [ RunTime:0.001113s ]
INFO: ShowRuntime Behavior ::run [ RunTime:0.001514s ]
INFO: [ view_filter ] --END-- [ RunTime:0.005908s ]
INFO: [ view_end ] --START--
INFO: ShowPageTrace Behavior ::run [ RunTime:0.001717s ]
INFO: [ view_end ] --END-- [ RunTime:0.001895s ]

[ 2018-03-10T01:01:55+08:00 ] 127.0.0.1 /wish2/index.php/Admin/Login/verify
INFO: [ route_check ] --START--
INFO: CheckRoute Behavior ::run [ RunTime:0.001891s ]
INFO: [ route_check ] --END-- [ RunTime:0.002115s ]
INFO: [ app_begin ] --START--
INFO: ReadHtmlCache Behavior ::run [ RunTime:0.001631s ]
INFO: [ app_begin ] --END-- [ RunTime:0.001823s ]

[ 2018-03-10T01:02:05+08:00 ] 127.0.0.1 /wish2/index.php/Admin/Login/login
INFO: [ route_check ] --START--
INFO: CheckRoute Behavior ::run [ RunTime:0.001849s ]
INFO: [ route_check ] --END-- [ RunTime:0.002075s ]
INFO: [ app_begin ] --START--
INFO: ReadHtmlCache Behavior ::run [ RunTime:0.001899s ]
INFO: [ app_begin ] --END-- [ RunTime:0.002083s ]
SQL: SHOW COLUMNS FROM `hd_user` [ RunTime:0.007795s ]
SQL: SELECT * FROM `hd_user` WHERE ( `username` = 'admin' ) LIMIT 1   [ RunTime:0.000614s ]
SQL: UPDATE `hd_user` SET `logintime`=1520614925,`loginip`='127.0.0.1' WHERE ( `id` = 1 ) [ RunTime:0.000689s ]

[ 2018-03-10T01:02:07+08:00 ] 127.0.0.1 /wish2/index.php/Admin/Index/index
INFO: [ route_check ] --START--
INFO: CheckRoute Behavior ::run [ RunTime:0.001886s ]
INFO: [ route_check ] --END-- [ RunTime:0.002112s ]
INFO: [ app_begin ] --START--
INFO: ReadHtmlCache Behavior ::run [ RunTime:0.001576s ]
INFO: [ app_begin ] --END-- [ RunTime:0.001767s ]
INFO: [ view_parse ] --START--
INFO: ParseTemplate Behavior ::run [ RunTime:0.022405s ]
INFO: [ view_parse ] --END-- [ RunTime:0.022642s ]
INFO: [ view_filter ] --START--
INFO: ContentReplace Behavior ::run [ RunTime:0.001515s ]
INFO: TokenBuild Behavior ::run [ RunTime:0.001383s ]
INFO: WriteHtmlCache Behavior ::run [ RunTime:0.001130s ]
INFO: ShowRuntime Behavior ::run [ RunTime:0.001854s ]
INFO: [ view_filter ] --END-- [ RunTime:0.006410s ]
INFO: [ view_end ] --START--
INFO: ShowPageTrace Behavior ::run [ RunTime:0.001999s ]
INFO: [ view_end ] --END-- [ RunTime:0.002193s ]

[ 2018-03-10T01:02:18+08:00 ] 127.0.0.1 /wish2/index.php/Admin/Rbac/addUser
INFO: [ route_check ] --START--
INFO: CheckRoute Behavior ::run [ RunTime:0.002143s ]
INFO: [ route_check ] --END-- [ RunTime:0.002363s ]
INFO: [ app_begin ] --START--
INFO: ReadHtmlCache Behavior ::run [ RunTime:0.001927s ]
INFO: [ app_begin ] --END-- [ RunTime:0.002129s ]
INFO: [ view_parse ] --START--
INFO: ParseTemplate Behavior ::run [ RunTime:0.310801s ]
INFO: [ view_parse ] --END-- [ RunTime:0.311032s ]
INFO: [ view_filter ] --START--
INFO: ContentReplace Behavior ::run [ RunTime:0.001428s ]
INFO: TokenBuild Behavior ::run [ RunTime:0.001316s ]
INFO: WriteHtmlCache Behavior ::run [ RunTime:0.001192s ]
INFO: ShowRuntime Behavior ::run [ RunTime:0.001746s ]
INFO: [ view_filter ] --END-- [ RunTime:0.006164s ]
INFO: [ view_end ] --START--
INFO: ShowPageTrace Behavior ::run [ RunTime:0.001796s ]
INFO: [ view_end ] --END-- [ RunTime:0.001984s ]

[ 2018-03-10T01:12:46+08:00 ] 127.0.0.1 /wish2/index.php/Admin/Rbac/addUser
INFO: [ route_check ] --START--
INFO: CheckRoute Behavior ::run [ RunTime:0.001918s ]
INFO: [ route_check ] --END-- [ RunTime:0.002154s ]
INFO: [ app_begin ] --START--
INFO: ReadHtmlCache Behavior ::run [ RunTime:0.002395s ]
INFO: [ app_begin ] --END-- [ RunTime:0.002600s ]
SQL: SHOW COLUMNS FROM `hd_role` [ RunTime:0.006367s ]
SQL: SELECT * FROM `hd_role`  [ RunTime:0.000388s ]
INFO: [ view_parse ] --START--
INFO: ParseTemplate Behavior ::run [ RunTime:0.021408s ]
INFO: [ view_parse ] --END-- [ RunTime:0.021674s ]
INFO: [ view_filter ] --START--
INFO: ContentReplace Behavior ::run [ RunTime:0.001095s ]
INFO: TokenBuild Behavior ::run [ RunTime:0.001228s ]
INFO: WriteHtmlCache Behavior ::run [ RunTime:0.000885s ]
INFO: ShowRuntime Behavior ::run [ RunTime:0.001285s ]
INFO: [ view_filter ] --END-- [ RunTime:0.004952s ]
INFO: [ view_end ] --START--
INFO: ShowPageTrace Behavior ::run [ RunTime:0.001695s ]
INFO: [ view_end ] --END-- [ RunTime:0.001982s ]

[ 2018-03-10T01:16:35+08:00 ] 127.0.0.1 /wish2/index.php/Admin/Rbac/addUser
INFO: [ route_check ] --START--
INFO: CheckRoute Behavior ::run [ RunTime:0.001967s ]
INFO: [ route_check ] --END-- [ RunTime:0.002196s ]
INFO: [ app_begin ] --START--
INFO: ReadHtmlCache Behavior ::run [ RunTime:0.003469s ]
INFO: [ app_begin ] --END-- [ RunTime:0.003698s ]
SQL: SHOW COLUMNS FROM `hd_role` [ RunTime:0.010655s ]
SQL: SELECT * FROM `hd_role`  [ RunTime:0.000500s ]
INFO: [ view_parse ] --START--
INFO: ParseTemplate Behavior ::run [ RunTime:0.019489s ]
INFO: [ view_parse ] --END-- [ RunTime:0.019701s ]
INFO: [ view_filter ] --START--
INFO: ContentReplace Behavior ::run [ RunTime:0.001281s ]
INFO: TokenBuild Behavior ::run [ RunTime:0.001336s ]
INFO: WriteHtmlCache Behavior ::run [ RunTime:0.001357s ]
INFO: ShowRuntime Behavior ::run [ RunTime:0.001483s ]
INFO: [ view_filter ] --END-- [ RunTime:0.006367s ]
INFO: [ view_end ] --START--
INFO: ShowPageTrace Behavior ::run [ RunTime:0.001618s ]
INFO: [ view_end ] --END-- [ RunTime:0.001788s ]

[ 2018-03-10T01:26:13+08:00 ] 127.0.0.1 /wish2/index.php/Admin/Rbac/addUser
INFO: [ route_check ] --START--
INFO: CheckRoute Behavior ::run [ RunTime:0.001857s ]
INFO: [ route_check ] --END-- [ RunTime:0.002079s ]
INFO: [ app_begin ] --START--
INFO: ReadHtmlCache Behavior ::run [ RunTime:0.001219s ]
INFO: [ app_begin ] --END-- [ RunTime:0.001411s ]
SQL: SHOW COLUMNS FROM `hd_role` [ RunTime:0.006336s ]
SQL: SELECT * FROM `hd_role`  [ RunTime:0.000417s ]
INFO: [ view_parse ] --START--
INFO: ParseTemplate Behavior ::run [ RunTime:0.042392s ]
INFO: [ view_parse ] --END-- [ RunTime:0.042615s ]
INFO: [ view_filter ] --START--
INFO: ContentReplace Behavior ::run [ RunTime:0.001093s ]
INFO: TokenBuild Behavior ::run [ RunTime:0.001208s ]
INFO: WriteHtmlCache Behavior ::run [ RunTime:0.000729s ]
INFO: ShowRuntime Behavior ::run [ RunTime:0.001226s ]
INFO: [ view_filter ] --END-- [ RunTime:0.005006s ]
INFO: [ view_end ] --START--
INFO: ShowPageTrace Behavior ::run [ RunTime:0.001732s ]
INFO: [ view_end ] --END-- [ RunTime:0.001919s ]

[ 2018-03-10T01:27:28+08:00 ] 127.0.0.1 /wish2/index.php/Admin/Rbac/addUser
INFO: [ route_check ] --START--
INFO: CheckRoute Behavior ::run [ RunTime:0.001794s ]
INFO: [ route_check ] --END-- [ RunTime:0.002044s ]
INFO: [ app_begin ] --START--
INFO: ReadHtmlCache Behavior ::run [ RunTime:0.001238s ]
INFO: [ app_begin ] --END-- [ RunTime:0.001421s ]
SQL: SHOW COLUMNS FROM `hd_role` [ RunTime:0.008077s ]
SQL: SELECT * FROM `hd_role`  [ RunTime:0.000383s ]
INFO: [ view_parse ] --START--
INFO: ParseTemplate Behavior ::run [ RunTime:0.015996s ]
INFO: [ view_parse ] --END-- [ RunTime:0.016203s ]
INFO: [ view_filter ] --START--
INFO: ContentReplace Behavior ::run [ RunTime:0.000989s ]
INFO: TokenBuild Behavior ::run [ RunTime:0.000956s ]
INFO: WriteHtmlCache Behavior ::run [ RunTime:0.000724s ]
INFO: ShowRuntime Behavior ::run [ RunTime:0.001237s ]
INFO: [ view_filter ] --END-- [ RunTime:0.004374s ]
INFO: [ view_end ] --START--
INFO: ShowPageTrace Behavior ::run [ RunTime:0.001238s ]
INFO: [ view_end ] --END-- [ RunTime:0.001432s ]

[ 2018-03-10T01:31:53+08:00 ] 127.0.0.1 /wish2/index.php/Admin/Rbac/addUser
INFO: [ route_check ] --START--
INFO: CheckRoute Behavior ::run [ RunTime:0.002829s ]
INFO: [ route_check ] --END-- [ RunTime:0.003063s ]
INFO: [ app_begin ] --START--
INFO: ReadHtmlCache Behavior ::run [ RunTime:0.006102s ]
INFO: [ app_begin ] --END-- [ RunTime:0.006321s ]
SQL: SHOW COLUMNS FROM `hd_role` [ RunTime:0.006925s ]
SQL: SELECT * FROM `hd_role`  [ RunTime:0.000365s ]
INFO: [ view_parse ] --START--
INFO: ParseTemplate Behavior ::run [ RunTime:0.037760s ]
INFO: [ view_parse ] --END-- [ RunTime:0.037983s ]
INFO: [ view_filter ] --START--
INFO: ContentReplace Behavior ::run [ RunTime:0.001778s ]
INFO: TokenBuild Behavior ::run [ RunTime:0.002315s ]
INFO: WriteHtmlCache Behavior ::run [ RunTime:0.002312s ]
INFO: ShowRuntime Behavior ::run [ RunTime:0.001912s ]
INFO: [ view_filter ] --END-- [ RunTime:0.013791s ]
INFO: [ view_end ] --START--
INFO: ShowPageTrace Behavior ::run [ RunTime:0.002541s ]
INFO: [ view_end ] --END-- [ RunTime:0.002735s ]

[ 2018-03-10T01:32:26+08:00 ] 127.0.0.1 /wish2/index.php/Admin/Rbac/addUserHandle
INFO: [ route_check ] --START--
INFO: CheckRoute Behavior ::run [ RunTime:0.001654s ]
INFO: [ route_check ] --END-- [ RunTime:0.001865s ]
INFO: [ app_begin ] --START--
INFO: ReadHtmlCache Behavior ::run [ RunTime:0.001244s ]
INFO: [ app_begin ] --END-- [ RunTime:0.001451s ]

[ 2018-03-10T01:33:30+08:00 ] 127.0.0.1 /wish2/index.php/Admin/Rbac/addUserHandle
INFO: [ route_check ] --START--
INFO: CheckRoute Behavior ::run [ RunTime:0.001280s ]
INFO: [ route_check ] --END-- [ RunTime:0.001507s ]
INFO: [ app_begin ] --START--
INFO: ReadHtmlCache Behavior ::run [ RunTime:0.000980s ]
INFO: [ app_begin ] --END-- [ RunTime:0.001161s ]

[ 2018-03-10T01:41:55+08:00 ] 127.0.0.1 /wish2/index.php/Admin/Rbac/addUserHandle
INFO: [ route_check ] --START--
INFO: CheckRoute Behavior ::run [ RunTime:0.001669s ]
INFO: [ route_check ] --END-- [ RunTime:0.001913s ]
INFO: [ app_begin ] --START--
INFO: ReadHtmlCache Behavior ::run [ RunTime:0.001147s ]
INFO: [ app_begin ] --END-- [ RunTime:0.001329s ]

[ 2018-03-10T01:48:08+08:00 ] 127.0.0.1 /wish2/index.php/Admin/Rbac/addUserHandle
INFO: [ route_check ] --START--
INFO: CheckRoute Behavior ::run [ RunTime:0.001697s ]
INFO: [ route_check ] --END-- [ RunTime:0.001914s ]
INFO: [ app_begin ] --START--
INFO: ReadHtmlCache Behavior ::run [ RunTime:0.001270s ]
INFO: [ app_begin ] --END-- [ RunTime:0.001458s ]
SQL: SHOW COLUMNS FROM `hd_user` [ RunTime:0.008327s ]
SQL: INSERT INTO `hd_user` (`username`,`password`,`logintime`,`loginip`) VALUES ('lisi','dc3a8f1670d65bea69b7b65048a0ac40',1520617687,'127.0.0.1') [ RunTime:0.000630s ]
NOTIC: [8] Undefined index: role_id F:\weblx\www\phptest\wish2\App\Modules\Admin\Action\RbacAction.class.php 第 43 行.
NOTIC: [2] Invalid argument supplied for foreach() F:\weblx\www\phptest\wish2\App\Modules\Admin\Action\RbacAction.class.php 第 43 行.
SQL: SHOW COLUMNS FROM `hd_role_user` [ RunTime:0.009846s ]
INFO: [ view_parse ] --START--
INFO: ParseTemplate Behavior ::run [ RunTime:0.016460s ]
INFO: [ view_parse ] --END-- [ RunTime:0.016697s ]
INFO: [ view_filter ] --START--
INFO: ContentReplace Behavior ::run [ RunTime:0.000997s ]
INFO: TokenBuild Behavior ::run [ RunTime:0.001001s ]
INFO: WriteHtmlCache Behavior ::run [ RunTime:0.000779s ]
INFO: ShowRuntime Behavior ::run [ RunTime:0.001151s ]
INFO: [ view_filter ] --END-- [ RunTime:0.004456s ]
INFO: [ view_end ] --START--
INFO: ShowPageTrace Behavior ::run [ RunTime:0.001688s ]
INFO: [ view_end ] --END-- [ RunTime:0.001881s ]

[ 2018-03-10T01:48:13+08:00 ] 127.0.0.1 /wish2/index.php/Admin/Rbac/index
INFO: [ route_check ] --START--
INFO: CheckRoute Behavior ::run [ RunTime:0.002786s ]
INFO: [ route_check ] --END-- [ RunTime:0.003014s ]
INFO: [ app_begin ] --START--
INFO: ReadHtmlCache Behavior ::run [ RunTime:0.001380s ]
INFO: [ app_begin ] --END-- [ RunTime:0.001595s ]

[ 2018-03-10T01:48:20+08:00 ] 127.0.0.1 /wish2/index.php/Admin/Rbac/index
INFO: [ route_check ] --START--
INFO: CheckRoute Behavior ::run [ RunTime:0.001813s ]
INFO: [ route_check ] --END-- [ RunTime:0.002030s ]
INFO: [ app_begin ] --START--
INFO: ReadHtmlCache Behavior ::run [ RunTime:0.001060s ]
INFO: [ app_begin ] --END-- [ RunTime:0.001257s ]

[ 2018-03-10T01:48:52+08:00 ] 127.0.0.1 /wish2/index.php/Admin/Rbac/addUser
INFO: [ route_check ] --START--
INFO: CheckRoute Behavior ::run [ RunTime:0.001492s ]
INFO: [ route_check ] --END-- [ RunTime:0.001713s ]
INFO: [ app_begin ] --START--
INFO: ReadHtmlCache Behavior ::run [ RunTime:0.001047s ]
INFO: [ app_begin ] --END-- [ RunTime:0.001276s ]
SQL: SHOW COLUMNS FROM `hd_role` [ RunTime:0.007527s ]
SQL: SELECT * FROM `hd_role`  [ RunTime:0.000425s ]
INFO: [ view_parse ] --START--
INFO: ParseTemplate Behavior ::run [ RunTime:0.016128s ]
INFO: [ view_parse ] --END-- [ RunTime:0.016338s ]
INFO: [ view_filter ] --START--
INFO: ContentReplace Behavior ::run [ RunTime:0.000802s ]
INFO: TokenBuild Behavior ::run [ RunTime:0.000812s ]
INFO: WriteHtmlCache Behavior ::run [ RunTime:0.000624s ]
INFO: ShowRuntime Behavior ::run [ RunTime:0.000948s ]
INFO: [ view_filter ] --END-- [ RunTime:0.003664s ]
INFO: [ view_end ] --START--
INFO: ShowPageTrace Behavior ::run [ RunTime:0.001189s ]
INFO: [ view_end ] --END-- [ RunTime:0.001366s ]

[ 2018-03-10T01:49:09+08:00 ] 127.0.0.1 /wish2/index.php/Admin/Rbac/addUserHandle
INFO: [ route_check ] --START--
INFO: CheckRoute Behavior ::run [ RunTime:0.001449s ]
INFO: [ route_check ] --END-- [ RunTime:0.001728s ]
INFO: [ app_begin ] --START--
INFO: ReadHtmlCache Behavior ::run [ RunTime:0.002144s ]
INFO: [ app_begin ] --END-- [ RunTime:0.002346s ]
SQL: SHOW COLUMNS FROM `hd_user` [ RunTime:0.008338s ]
SQL: INSERT INTO `hd_user` (`username`,`password`,`logintime`,`loginip`) VALUES ('wangwu','9f001e4166cf26bfbdd3b4f67d9ef617',1520617748,'127.0.0.1') [ RunTime:0.000597s ]
NOTIC: [8] Undefined index: role_id F:\weblx\www\phptest\wish2\App\Modules\Admin\Action\RbacAction.class.php 第 43 行.
NOTIC: [2] Invalid argument supplied for foreach() F:\weblx\www\phptest\wish2\App\Modules\Admin\Action\RbacAction.class.php 第 43 行.
SQL: SHOW COLUMNS FROM `hd_role_user` [ RunTime:0.006503s ]
INFO: [ view_parse ] --START--
INFO: ParseTemplate Behavior ::run [ RunTime:0.014605s ]
INFO: [ view_parse ] --END-- [ RunTime:0.014838s ]
INFO: [ view_filter ] --START--
INFO: ContentReplace Behavior ::run [ RunTime:0.000793s ]
INFO: TokenBuild Behavior ::run [ RunTime:0.000862s ]
INFO: WriteHtmlCache Behavior ::run [ RunTime:0.000559s ]
INFO: ShowRuntime Behavior ::run [ RunTime:0.000965s ]
INFO: [ view_filter ] --END-- [ RunTime:0.003654s ]
INFO: [ view_end ] --START--
INFO: ShowPageTrace Behavior ::run [ RunTime:0.002652s ]
INFO: [ view_end ] --END-- [ RunTime:0.002855s ]

[ 2018-03-10T01:49:15+08:00 ] 127.0.0.1 /wish2/index.php/Admin/Rbac/index
INFO: [ route_check ] --START--
INFO: CheckRoute Behavior ::run [ RunTime:0.001333s ]
INFO: [ route_check ] --END-- [ RunTime:0.001550s ]
INFO: [ app_begin ] --START--
INFO: ReadHtmlCache Behavior ::run [ RunTime:0.000977s ]
INFO: [ app_begin ] --END-- [ RunTime:0.001167s ]

[ 2018-03-10T01:49:44+08:00 ] 127.0.0.1 /wish2/index.php/Admin/Rbac/addUserHandle
INFO: [ route_check ] --START--
INFO: CheckRoute Behavior ::run [ RunTime:0.002025s ]
INFO: [ route_check ] --END-- [ RunTime:0.002361s ]
INFO: [ app_begin ] --START--
INFO: ReadHtmlCache Behavior ::run [ RunTime:0.019324s ]
INFO: [ app_begin ] --END-- [ RunTime:0.019575s ]
SQL: SHOW COLUMNS FROM `hd_user` [ RunTime:0.007131s ]
SQL: INSERT INTO `hd_user` (`username`,`password`,`logintime`,`loginip`) VALUES ('zhaoliu','27311020efc4ce2806feca0aab933fbd',1520617783,'127.0.0.1') [ RunTime:0.000529s ]
NOTIC: [8] Undefined index: role_id F:\weblx\www\phptest\wish2\App\Modules\Admin\Action\RbacAction.class.php 第 43 行.
NOTIC: [2] Invalid argument supplied for foreach() F:\weblx\www\phptest\wish2\App\Modules\Admin\Action\RbacAction.class.php 第 43 行.
SQL: SHOW COLUMNS FROM `hd_role_user` [ RunTime:0.024360s ]
INFO: [ view_parse ] --START--
INFO: ParseTemplate Behavior ::run [ RunTime:0.035308s ]
INFO: [ view_parse ] --END-- [ RunTime:0.037059s ]
INFO: [ view_filter ] --START--
INFO: ContentReplace Behavior ::run [ RunTime:0.002008s ]
INFO: TokenBuild Behavior ::run [ RunTime:0.001471s ]
INFO: WriteHtmlCache Behavior ::run [ RunTime:0.006437s ]
INFO: ShowRuntime Behavior ::run [ RunTime:0.001793s ]
INFO: [ view_filter ] --END-- [ RunTime:0.012270s ]
INFO: [ view_end ] --START--
INFO: ShowPageTrace Behavior ::run [ RunTime:0.003361s ]
INFO: [ view_end ] --END-- [ RunTime:0.003569s ]

[ 2018-03-10T01:49:49+08:00 ] 127.0.0.1 /wish2/index.php/Admin/Rbac/index
INFO: [ route_check ] --START--
INFO: CheckRoute Behavior ::run [ RunTime:0.002862s ]
INFO: [ route_check ] --END-- [ RunTime:0.003315s ]
INFO: [ app_begin ] --START--
INFO: ReadHtmlCache Behavior ::run [ RunTime:0.005064s ]
INFO: [ app_begin ] --END-- [ RunTime:0.005637s ]

[ 2018-03-10T01:53:55+08:00 ] 127.0.0.1 /wish2/index.php/Admin/Rbac/index
INFO: [ route_check ] --START--
INFO: CheckRoute Behavior ::run [ RunTime:0.002167s ]
INFO: [ route_check ] --END-- [ RunTime:0.002385s ]
INFO: [ app_begin ] --START--
INFO: ReadHtmlCache Behavior ::run [ RunTime:0.001736s ]
INFO: [ app_begin ] --END-- [ RunTime:0.001924s ]

[ 2018-03-10T01:54:04+08:00 ] 127.0.0.1 /wish2/index.php/Admin/Rbac/addUserHandle
INFO: [ route_check ] --START--
INFO: CheckRoute Behavior ::run [ RunTime:0.001825s ]
INFO: [ route_check ] --END-- [ RunTime:0.002035s ]
INFO: [ app_begin ] --START--
INFO: ReadHtmlCache Behavior ::run [ RunTime:0.001249s ]
INFO: [ app_begin ] --END-- [ RunTime:0.001476s ]
SQL: SHOW COLUMNS FROM `hd_user` [ RunTime:0.016422s ]
SQL: INSERT INTO `hd_user` (`username`,`password`,`logintime`,`loginip`) VALUES ('zhaoliu','27311020efc4ce2806feca0aab933fbd',1520618044,'127.0.0.1') [ RunTime:0.030889s ]
ERR: 1062:Duplicate entry 'zhaoliu' for key 'username'
 [ SQL语句 ] : INSERT INTO `hd_user` (`username`,`password`,`logintime`,`loginip`) VALUES ('zhaoliu','27311020efc4ce2806feca0aab933fbd',1520618044,'127.0.0.1')
INFO: [ view_parse ] --START--
INFO: ParseTemplate Behavior ::run [ RunTime:0.015676s ]
INFO: [ view_parse ] --END-- [ RunTime:0.015915s ]
INFO: [ view_filter ] --START--
INFO: ContentReplace Behavior ::run [ RunTime:0.000973s ]
INFO: TokenBuild Behavior ::run [ RunTime:0.001013s ]
INFO: WriteHtmlCache Behavior ::run [ RunTime:0.000743s ]
INFO: ShowRuntime Behavior ::run [ RunTime:0.001145s ]
INFO: [ view_filter ] --END-- [ RunTime:0.004353s ]
INFO: [ view_end ] --START--
INFO: ShowPageTrace Behavior ::run [ RunTime:0.001258s ]
INFO: [ view_end ] --END-- [ RunTime:0.001462s ]

[ 2018-03-10T01:55:09+08:00 ] 127.0.0.1 /wish2/index.php/Admin/Rbac/addUser
INFO: [ route_check ] --START--
INFO: CheckRoute Behavior ::run [ RunTime:0.001346s ]
INFO: [ route_check ] --END-- [ RunTime:0.001556s ]
INFO: [ app_begin ] --START--
INFO: ReadHtmlCache Behavior ::run [ RunTime:0.001140s ]
INFO: [ app_begin ] --END-- [ RunTime:0.001411s ]
SQL: SHOW COLUMNS FROM `hd_role` [ RunTime:0.008380s ]
SQL: SELECT * FROM `hd_role`  [ RunTime:0.000427s ]
INFO: [ view_parse ] --START--
INFO: ParseTemplate Behavior ::run [ RunTime:0.016569s ]
INFO: [ view_parse ] --END-- [ RunTime:0.016786s ]
INFO: [ view_filter ] --START--
INFO: ContentReplace Behavior ::run [ RunTime:0.000753s ]
INFO: TokenBuild Behavior ::run [ RunTime:0.000826s ]
INFO: WriteHtmlCache Behavior ::run [ RunTime:0.000670s ]
INFO: ShowRuntime Behavior ::run [ RunTime:0.000961s ]
INFO: [ view_filter ] --END-- [ RunTime:0.003681s ]
INFO: [ view_end ] --START--
INFO: ShowPageTrace Behavior ::run [ RunTime:0.003943s ]
INFO: [ view_end ] --END-- [ RunTime:0.004152s ]

[ 2018-03-10T01:55:26+08:00 ] 127.0.0.1 /wish2/index.php/Admin/Rbac/addUserHandle
INFO: [ route_check ] --START--
INFO: CheckRoute Behavior ::run [ RunTime:0.001317s ]
INFO: [ route_check ] --END-- [ RunTime:0.001526s ]
INFO: [ app_begin ] --START--
INFO: ReadHtmlCache Behavior ::run [ RunTime:0.001133s ]
INFO: [ app_begin ] --END-- [ RunTime:0.001334s ]
NOTIC: [8] Undefined variable: POST F:\weblx\www\phptest\wish2\App\Modules\Admin\Action\RbacAction.class.php 第 42 行.

[ 2018-03-10T01:55:45+08:00 ] 127.0.0.1 /wish2/index.php/Admin/Rbac/addUserHandle
INFO: [ route_check ] --START--
INFO: CheckRoute Behavior ::run [ RunTime:0.001315s ]
INFO: [ route_check ] --END-- [ RunTime:0.001519s ]
INFO: [ app_begin ] --START--
INFO: ReadHtmlCache Behavior ::run [ RunTime:0.000986s ]
INFO: [ app_begin ] --END-- [ RunTime:0.001175s ]

[ 2018-03-10T01:56:28+08:00 ] 127.0.0.1 /wish2/index.php/Admin/Rbac/addUserHandle
INFO: [ route_check ] --START--
INFO: CheckRoute Behavior ::run [ RunTime:0.001684s ]
INFO: [ route_check ] --END-- [ RunTime:0.001893s ]
INFO: [ app_begin ] --START--
INFO: ReadHtmlCache Behavior ::run [ RunTime:0.001276s ]
INFO: [ app_begin ] --END-- [ RunTime:0.001511s ]

[ 2018-03-10T02:01:21+08:00 ] 127.0.0.1 /wish2/index.php/Admin/Rbac/addUserHandle
INFO: [ route_check ] --START--
INFO: CheckRoute Behavior ::run [ RunTime:0.001875s ]
INFO: [ route_check ] --END-- [ RunTime:0.002086s ]
INFO: [ app_begin ] --START--
INFO: ReadHtmlCache Behavior ::run [ RunTime:0.001246s ]
INFO: [ app_begin ] --END-- [ RunTime:0.001452s ]

[ 2018-03-10T02:01:29+08:00 ] 127.0.0.1 /wish2/index.php/Admin/Rbac/addUser
INFO: [ route_check ] --START--
INFO: CheckRoute Behavior ::run [ RunTime:0.003371s ]
INFO: [ route_check ] --END-- [ RunTime:0.003592s ]
INFO: [ app_begin ] --START--
INFO: ReadHtmlCache Behavior ::run [ RunTime:0.001499s ]
INFO: [ app_begin ] --END-- [ RunTime:0.001678s ]
SQL: SHOW COLUMNS FROM `hd_role` [ RunTime:0.006326s ]
SQL: SELECT * FROM `hd_role`  [ RunTime:0.000356s ]
INFO: [ view_parse ] --START--
INFO: ParseTemplate Behavior ::run [ RunTime:0.022626s ]
INFO: [ view_parse ] --END-- [ RunTime:0.022851s ]
INFO: [ view_filter ] --START--
INFO: ContentReplace Behavior ::run [ RunTime:0.006102s ]
INFO: TokenBuild Behavior ::run [ RunTime:0.001567s ]
INFO: WriteHtmlCache Behavior ::run [ RunTime:0.001088s ]
INFO: ShowRuntime Behavior ::run [ RunTime:0.001491s ]
INFO: [ view_filter ] --END-- [ RunTime:0.010744s ]
INFO: [ view_end ] --START--
INFO: ShowPageTrace Behavior ::run [ RunTime:0.001631s ]
INFO: [ view_end ] --END-- [ RunTime:0.001798s ]

[ 2018-03-10T02:01:47+08:00 ] 127.0.0.1 /wish2/index.php/Admin/Rbac/addUserHandle
INFO: [ route_check ] --START--
INFO: CheckRoute Behavior ::run [ RunTime:0.001935s ]
INFO: [ route_check ] --END-- [ RunTime:0.002152s ]
INFO: [ app_begin ] --START--
INFO: ReadHtmlCache Behavior ::run [ RunTime:0.002317s ]
INFO: [ app_begin ] --END-- [ RunTime:0.002533s ]

[ 2018-03-10T02:04:38+08:00 ] 127.0.0.1 /wish2/index.php/Admin/Rbac/addUser
INFO: [ route_check ] --START--
INFO: CheckRoute Behavior ::run [ RunTime:0.002869s ]
INFO: [ route_check ] --END-- [ RunTime:0.003154s ]
INFO: [ app_begin ] --START--
INFO: ReadHtmlCache Behavior ::run [ RunTime:0.001782s ]
INFO: [ app_begin ] --END-- [ RunTime:0.002066s ]
SQL: SHOW COLUMNS FROM `hd_role` [ RunTime:0.010674s ]
SQL: SELECT * FROM `hd_role`  [ RunTime:0.000568s ]
INFO: [ view_parse ] --START--
INFO: ParseTemplate Behavior ::run [ RunTime:0.028090s ]
INFO: [ view_parse ] --END-- [ RunTime:0.028339s ]
INFO: [ view_filter ] --START--
INFO: ContentReplace Behavior ::run [ RunTime:0.001626s ]
INFO: TokenBuild Behavior ::run [ RunTime:0.001358s ]
INFO: WriteHtmlCache Behavior ::run [ RunTime:0.000909s ]
INFO: ShowRuntime Behavior ::run [ RunTime:0.002218s ]
INFO: [ view_filter ] --END-- [ RunTime:0.006719s ]
INFO: [ view_end ] --START--
INFO: ShowPageTrace Behavior ::run [ RunTime:0.002792s ]
INFO: [ view_end ] --END-- [ RunTime:0.003021s ]

[ 2018-03-10T02:05:07+08:00 ] 127.0.0.1 /wish2/index.php/Admin/Rbac/addUserHandle
INFO: [ route_check ] --START--
INFO: CheckRoute Behavior ::run [ RunTime:0.001572s ]
INFO: [ route_check ] --END-- [ RunTime:0.001786s ]
INFO: [ app_begin ] --START--
INFO: ReadHtmlCache Behavior ::run [ RunTime:0.002484s ]
INFO: [ app_begin ] --END-- [ RunTime:0.002709s ]
SQL: SHOW COLUMNS FROM `hd_user` [ RunTime:0.014071s ]
SQL: INSERT INTO `hd_user` (`username`,`password`,`logintime`,`loginip`) VALUES ('lisi','dc3a8f1670d65bea69b7b65048a0ac40',1520618705,'127.0.0.1') [ RunTime:0.001395s ]
SQL: SHOW COLUMNS FROM `hd_role_user` [ RunTime:0.007600s ]
SQL: INSERT INTO `hd_role_user` (`role_id`,`user_id`) VALUES (1,5) [ RunTime:0.000629s ]
INFO: [ view_parse ] --START--
INFO: ParseTemplate Behavior ::run [ RunTime:0.028438s ]
INFO: [ view_parse ] --END-- [ RunTime:0.028946s ]
INFO: [ view_filter ] --START--
INFO: ContentReplace Behavior ::run [ RunTime:0.001124s ]
INFO: TokenBuild Behavior ::run [ RunTime:0.001329s ]
INFO: WriteHtmlCache Behavior ::run [ RunTime:0.003104s ]
INFO: ShowRuntime Behavior ::run [ RunTime:0.001545s ]
INFO: [ view_filter ] --END-- [ RunTime:0.007595s ]
INFO: [ view_end ] --START--
INFO: ShowPageTrace Behavior ::run [ RunTime:0.001441s ]
INFO: [ view_end ] --END-- [ RunTime:0.001693s ]

[ 2018-03-10T02:05:12+08:00 ] 127.0.0.1 /wish2/index.php/Admin/Rbac/index
INFO: [ route_check ] --START--
INFO: CheckRoute Behavior ::run [ RunTime:0.001568s ]
INFO: [ route_check ] --END-- [ RunTime:0.001780s ]
INFO: [ app_begin ] --START--
INFO: ReadHtmlCache Behavior ::run [ RunTime:0.001598s ]
INFO: [ app_begin ] --END-- [ RunTime:0.001818s ]

[ 2018-03-10T02:06:24+08:00 ] 127.0.0.1 /wish2/index.php/Admin/Rbac/index
INFO: [ route_check ] --START--
INFO: CheckRoute Behavior ::run [ RunTime:0.001877s ]
INFO: [ route_check ] --END-- [ RunTime:0.002113s ]
INFO: [ app_begin ] --START--
INFO: ReadHtmlCache Behavior ::run [ RunTime:0.001650s ]
INFO: [ app_begin ] --END-- [ RunTime:0.002115s ]

[ 2018-03-10T02:06:48+08:00 ] 127.0.0.1 /wish2/index.php/Admin/Rbac/addUserHandle
INFO: [ route_check ] --START--
INFO: CheckRoute Behavior ::run [ RunTime:0.002629s ]
INFO: [ route_check ] --END-- [ RunTime:0.002846s ]
INFO: [ app_begin ] --START--
INFO: ReadHtmlCache Behavior ::run [ RunTime:0.001697s ]
INFO: [ app_begin ] --END-- [ RunTime:0.001905s ]
SQL: SHOW COLUMNS FROM `hd_user` [ RunTime:0.010905s ]
SQL: INSERT INTO `hd_user` (`username`,`password`,`logintime`,`loginip`) VALUES ('wangwu','9f001e4166cf26bfbdd3b4f67d9ef617',1520618807,'127.0.0.1') [ RunTime:0.000560s ]
SQL: SHOW COLUMNS FROM `hd_role_user` [ RunTime:0.014748s ]
SQL: INSERT INTO `hd_role_user` (`role_id`,`user_id`) VALUES (2,6) [ RunTime:0.000592s ]
INFO: [ view_parse ] --START--
INFO: ParseTemplate Behavior ::run [ RunTime:0.018212s ]
INFO: [ view_parse ] --END-- [ RunTime:0.018434s ]
INFO: [ view_filter ] --START--
INFO: ContentReplace Behavior ::run [ RunTime:0.001365s ]
INFO: TokenBuild Behavior ::run [ RunTime:0.001486s ]
INFO: WriteHtmlCache Behavior ::run [ RunTime:0.001915s ]
INFO: ShowRuntime Behavior ::run [ RunTime:0.003325s ]
INFO: [ view_filter ] --END-- [ RunTime:0.016009s ]
INFO: [ view_end ] --START--
INFO: ShowPageTrace Behavior ::run [ RunTime:0.002375s ]
INFO: [ view_end ] --END-- [ RunTime:0.002569s ]

[ 2018-03-10T02:06:54+08:00 ] 127.0.0.1 /wish2/index.php/Admin/Rbac/index
INFO: [ route_check ] --START--
INFO: CheckRoute Behavior ::run [ RunTime:0.001941s ]
INFO: [ route_check ] --END-- [ RunTime:0.002155s ]
INFO: [ app_begin ] --START--
INFO: ReadHtmlCache Behavior ::run [ RunTime:0.001568s ]
INFO: [ app_begin ] --END-- [ RunTime:0.001741s ]

[ 2018-03-10T02:07:33+08:00 ] 127.0.0.1 /wish2/index.php/Admin/Rbac/index
INFO: [ route_check ] --START--
INFO: CheckRoute Behavior ::run [ RunTime:0.001994s ]
INFO: [ route_check ] --END-- [ RunTime:0.002205s ]
INFO: [ app_begin ] --START--
INFO: ReadHtmlCache Behavior ::run [ RunTime:0.002495s ]
INFO: [ app_begin ] --END-- [ RunTime:0.002685s ]

[ 2018-03-10T02:07:56+08:00 ] 127.0.0.1 /wish2/index.php/Admin/Rbac/addUserHandle
INFO: [ route_check ] --START--
INFO: CheckRoute Behavior ::run [ RunTime:0.005770s ]
INFO: [ route_check ] --END-- [ RunTime:0.006175s ]
INFO: [ app_begin ] --START--
INFO: ReadHtmlCache Behavior ::run [ RunTime:0.001685s ]
INFO: [ app_begin ] --END-- [ RunTime:0.001926s ]
SQL: SHOW COLUMNS FROM `hd_user` [ RunTime:0.010425s ]
SQL: INSERT INTO `hd_user` (`username`,`password`,`logintime`,`loginip`) VALUES ('zhaoliu','27311020efc4ce2806feca0aab933fbd',1520618875,'127.0.0.1') [ RunTime:0.003481s ]
SQL: SHOW COLUMNS FROM `hd_role_user` [ RunTime:0.007143s ]
SQL: INSERT INTO `hd_role_user` (`role_id`,`user_id`) VALUES (1,7),(2,7) [ RunTime:0.000876s ]
INFO: [ view_parse ] --START--
INFO: ParseTemplate Behavior ::run [ RunTime:0.025092s ]
INFO: [ view_parse ] --END-- [ RunTime:0.025325s ]
INFO: [ view_filter ] --START--
INFO: ContentReplace Behavior ::run [ RunTime:0.002155s ]
INFO: TokenBuild Behavior ::run [ RunTime:0.001306s ]
INFO: WriteHtmlCache Behavior ::run [ RunTime:0.000915s ]
INFO: ShowRuntime Behavior ::run [ RunTime:0.001338s ]
INFO: [ view_filter ] --END-- [ RunTime:0.006201s ]
INFO: [ view_end ] --START--
INFO: ShowPageTrace Behavior ::run [ RunTime:0.001598s ]
INFO: [ view_end ] --END-- [ RunTime:0.002147s ]

[ 2018-03-10T02:08:02+08:00 ] 127.0.0.1 /wish2/index.php/Admin/Rbac/index
INFO: [ route_check ] --START--
INFO: CheckRoute Behavior ::run [ RunTime:0.001620s ]
INFO: [ route_check ] --END-- [ RunTime:0.001833s ]
INFO: [ app_begin ] --START--
INFO: ReadHtmlCache Behavior ::run [ RunTime:0.001489s ]
INFO: [ app_begin ] --END-- [ RunTime:0.001710s ]

[ 2018-03-10T05:00:14+08:00 ] 127.0.0.1 /wish2/
INFO: [ app_begin ] --START--
INFO: ReadHtmlCache Behavior ::run [ RunTime:0.001966s ]
INFO: [ app_begin ] --END-- [ RunTime:0.002201s ]
SQL: SHOW COLUMNS FROM `hd_wish` [ RunTime:0.067753s ]
SQL: SELECT * FROM `hd_wish`  [ RunTime:0.000547s ]
INFO: [ view_parse ] --START--
INFO: ParseTemplate Behavior ::run [ RunTime:0.066378s ]
INFO: [ view_parse ] --END-- [ RunTime:0.066617s ]
INFO: [ view_filter ] --START--
INFO: ContentReplace Behavior ::run [ RunTime:0.001589s ]
INFO: TokenBuild Behavior ::run [ RunTime:0.001320s ]
INFO: WriteHtmlCache Behavior ::run [ RunTime:0.001093s ]
INFO: ShowRuntime Behavior ::run [ RunTime:0.001540s ]
INFO: [ view_filter ] --END-- [ RunTime:0.006019s ]
INFO: [ view_end ] --START--
INFO: ShowPageTrace Behavior ::run [ RunTime:0.003287s ]
INFO: [ view_end ] --END-- [ RunTime:0.003495s ]

[ 2018-03-10T05:00:21+08:00 ] 127.0.0.1 /wish2/index.php/Admin/Login/index
INFO: [ route_check ] --START--
INFO: CheckRoute Behavior ::run [ RunTime:0.003460s ]
INFO: [ route_check ] --END-- [ RunTime:0.003967s ]
INFO: [ app_begin ] --START--
INFO: ReadHtmlCache Behavior ::run [ RunTime:0.001759s ]
INFO: [ app_begin ] --END-- [ RunTime:0.001974s ]
INFO: [ view_parse ] --START--
INFO: ParseTemplate Behavior ::run [ RunTime:0.030495s ]
INFO: [ view_parse ] --END-- [ RunTime:0.030725s ]
INFO: [ view_filter ] --START--
INFO: ContentReplace Behavior ::run [ RunTime:0.001150s ]
INFO: TokenBuild Behavior ::run [ RunTime:0.001144s ]
INFO: WriteHtmlCache Behavior ::run [ RunTime:0.000899s ]
INFO: ShowRuntime Behavior ::run [ RunTime:0.001262s ]
INFO: [ view_filter ] --END-- [ RunTime:0.004931s ]
INFO: [ view_end ] --START--
INFO: ShowPageTrace Behavior ::run [ RunTime:0.001491s ]
INFO: [ view_end ] --END-- [ RunTime:0.001665s ]

[ 2018-03-10T05:00:25+08:00 ] 127.0.0.1 /wish2/index.php/Admin/Login/verify
INFO: [ route_check ] --START--
INFO: CheckRoute Behavior ::run [ RunTime:0.001889s ]
INFO: [ route_check ] --END-- [ RunTime:0.002402s ]
INFO: [ app_begin ] --START--
INFO: ReadHtmlCache Behavior ::run [ RunTime:0.001577s ]
INFO: [ app_begin ] --END-- [ RunTime:0.001818s ]

[ 2018-03-10T05:00:28+08:00 ] 127.0.0.1 /wish2/index.php/Admin/Login/verify
INFO: [ route_check ] --START--
INFO: CheckRoute Behavior ::run [ RunTime:0.001687s ]
INFO: [ route_check ] --END-- [ RunTime:0.001906s ]
INFO: [ app_begin ] --START--
INFO: ReadHtmlCache Behavior ::run [ RunTime:0.002089s ]
INFO: [ app_begin ] --END-- [ RunTime:0.002295s ]

[ 2018-03-10T05:00:35+08:00 ] 127.0.0.1 /wish2/index.php/Admin/Login/login
INFO: [ route_check ] --START--
INFO: CheckRoute Behavior ::run [ RunTime:0.001636s ]
INFO: [ route_check ] --END-- [ RunTime:0.001849s ]
INFO: [ app_begin ] --START--
INFO: ReadHtmlCache Behavior ::run [ RunTime:0.001362s ]
INFO: [ app_begin ] --END-- [ RunTime:0.001608s ]
SQL: SHOW COLUMNS FROM `hd_user` [ RunTime:0.085790s ]
SQL: SELECT * FROM `hd_user` WHERE ( `username` = 'admin' ) LIMIT 1   [ RunTime:0.152777s ]
SQL: UPDATE `hd_user` SET `logintime`=1520629235,`loginip`='127.0.0.1' WHERE ( `id` = 1 ) [ RunTime:0.126382s ]

[ 2018-03-10T05:00:37+08:00 ] 127.0.0.1 /wish2/index.php/Admin/Index/index
INFO: [ route_check ] --START--
INFO: CheckRoute Behavior ::run [ RunTime:0.001791s ]
INFO: [ route_check ] --END-- [ RunTime:0.002001s ]
INFO: [ app_begin ] --START--
INFO: ReadHtmlCache Behavior ::run [ RunTime:0.001473s ]
INFO: [ app_begin ] --END-- [ RunTime:0.001705s ]
INFO: [ view_parse ] --START--
INFO: ParseTemplate Behavior ::run [ RunTime:0.019524s ]
INFO: [ view_parse ] --END-- [ RunTime:0.019766s ]
INFO: [ view_filter ] --START--
INFO: ContentReplace Behavior ::run [ RunTime:0.001191s ]
INFO: TokenBuild Behavior ::run [ RunTime:0.001296s ]
INFO: WriteHtmlCache Behavior ::run [ RunTime:0.000935s ]
INFO: ShowRuntime Behavior ::run [ RunTime:0.005126s ]
INFO: [ view_filter ] --END-- [ RunTime:0.009144s ]
INFO: [ view_end ] --START--
INFO: ShowPageTrace Behavior ::run [ RunTime:0.001868s ]
INFO: [ view_end ] --END-- [ RunTime:0.002051s ]

[ 2018-03-10T05:00:45+08:00 ] 127.0.0.1 /wish2/index.php/Admin/Rbac/index
INFO: [ route_check ] --START--
INFO: CheckRoute Behavior ::run [ RunTime:0.001635s ]
INFO: [ route_check ] --END-- [ RunTime:0.001853s ]
INFO: [ app_begin ] --START--
INFO: ReadHtmlCache Behavior ::run [ RunTime:0.002560s ]
INFO: [ app_begin ] --END-- [ RunTime:0.002790s ]
INFO: [ view_parse ] --START--
INFO: ParseTemplate Behavior ::run [ RunTime:0.015410s ]
INFO: [ view_parse ] --END-- [ RunTime:0.015632s ]
INFO: [ view_filter ] --START--
INFO: ContentReplace Behavior ::run [ RunTime:0.001066s ]
INFO: TokenBuild Behavior ::run [ RunTime:0.001243s ]
INFO: WriteHtmlCache Behavior ::run [ RunTime:0.000902s ]
INFO: ShowRuntime Behavior ::run [ RunTime:0.001261s ]
INFO: [ view_filter ] --END-- [ RunTime:0.004952s ]
INFO: [ view_end ] --START--
INFO: ShowPageTrace Behavior ::run [ RunTime:0.001450s ]
INFO: [ view_end ] --END-- [ RunTime:0.001641s ]

[ 2018-03-10T05:04:02+08:00 ] 127.0.0.1 /wish2/index.php/Admin/Rbac/index
INFO: [ route_check ] --START--
INFO: CheckRoute Behavior ::run [ RunTime:0.009508s ]
INFO: [ route_check ] --END-- [ RunTime:0.009965s ]
INFO: [ app_begin ] --START--
INFO: ReadHtmlCache Behavior ::run [ RunTime:0.002314s ]
INFO: [ app_begin ] --END-- [ RunTime:0.002579s ]
SQL: SHOW COLUMNS FROM `hd_user` [ RunTime:0.007091s ]

[ 2018-03-10T05:11:57+08:00 ] 127.0.0.1 /wish2/index.php/Admin/Rbac/index
INFO: [ route_check ] --START--
INFO: CheckRoute Behavior ::run [ RunTime:0.002118s ]
INFO: [ route_check ] --END-- [ RunTime:0.002333s ]
INFO: [ app_begin ] --START--
INFO: ReadHtmlCache Behavior ::run [ RunTime:0.002495s ]
INFO: [ app_begin ] --END-- [ RunTime:0.002712s ]
SQL: SHOW COLUMNS FROM `hd_user_relation` [ RunTime:0.152899s ]
ERR: 1146:Table 'think.hd_user_relation' doesn't exist
 [ SQL语句 ] : SHOW COLUMNS FROM `hd_user_relation`

[ 2018-03-10T05:24:49+08:00 ] 127.0.0.1 /wish2/index.php/Admin/Rbac/index
INFO: [ route_check ] --START--
INFO: CheckRoute Behavior ::run [ RunTime:0.001664s ]
INFO: [ route_check ] --END-- [ RunTime:0.001878s ]
INFO: [ app_begin ] --START--
INFO: ReadHtmlCache Behavior ::run [ RunTime:0.001175s ]
INFO: [ app_begin ] --END-- [ RunTime:0.001363s ]
SQL: SHOW COLUMNS FROM `hd_user` [ RunTime:0.010008s ]
SQL: SELECT * FROM `hd_user`  [ RunTime:0.001244s ]

[ 2018-03-10T05:26:19+08:00 ] 127.0.0.1 /wish2/index.php/Admin/Rbac/index
INFO: [ route_check ] --START--
INFO: CheckRoute Behavior ::run [ RunTime:0.002445s ]
INFO: [ route_check ] --END-- [ RunTime:0.002669s ]
INFO: [ app_begin ] --START--
INFO: ReadHtmlCache Behavior ::run [ RunTime:0.001511s ]
INFO: [ app_begin ] --END-- [ RunTime:0.001700s ]
SQL: SHOW COLUMNS FROM `hd_user` [ RunTime:0.008495s ]
SQL: SELECT * FROM `hd_user`  [ RunTime:0.001271s ]
SQL: SHOW COLUMNS FROM `hd_role` [ RunTime:0.037620s ]
NOTIC: [8] Undefined index: mapping_order F:\weblx\www\phptest\wish2\ThinkPHP\Extend\Model\RelationModel.class.php 第 188 行.
NOTIC: [8] Undefined index: mapping_limit F:\weblx\www\phptest\wish2\ThinkPHP\Extend\Model\RelationModel.class.php 第 189 行.
NOTIC: [8] Undefined index: relation_foreign_key F:\weblx\www\phptest\wish2\ThinkPHP\Extend\Model\RelationModel.class.php 第 190 行.
SQL: SELECT b.* FROM hd_role_user AS a, hd_role AS b WHERE a.role_id = b.id AND a. user_id='1' [ RunTime:0.183857s ]
NOTIC: [8] Undefined index: mapping_order F:\weblx\www\phptest\wish2\ThinkPHP\Extend\Model\RelationModel.class.php 第 188 行.
NOTIC: [8] Undefined index: mapping_limit F:\weblx\www\phptest\wish2\ThinkPHP\Extend\Model\RelationModel.class.php 第 189 行.
NOTIC: [8] Undefined index: relation_foreign_key F:\weblx\www\phptest\wish2\ThinkPHP\Extend\Model\RelationModel.class.php 第 190 行.
SQL: SELECT b.* FROM hd_role_user AS a, hd_role AS b WHERE a.role_id = b.id AND a. user_id='4' [ RunTime:0.007074s ]
NOTIC: [8] Undefined index: mapping_order F:\weblx\www\phptest\wish2\ThinkPHP\Extend\Model\RelationModel.class.php 第 188 行.
NOTIC: [8] Undefined index: mapping_limit F:\weblx\www\phptest\wish2\ThinkPHP\Extend\Model\RelationModel.class.php 第 189 行.
NOTIC: [8] Undefined index: relation_foreign_key F:\weblx\www\phptest\wish2\ThinkPHP\Extend\Model\RelationModel.class.php 第 190 行.
SQL: SELECT b.* FROM hd_role_user AS a, hd_role AS b WHERE a.role_id = b.id AND a. user_id='3' [ RunTime:0.000781s ]
NOTIC: [8] Undefined index: mapping_order F:\weblx\www\phptest\wish2\ThinkPHP\Extend\Model\RelationModel.class.php 第 188 行.
NOTIC: [8] Undefined index: mapping_limit F:\weblx\www\phptest\wish2\ThinkPHP\Extend\Model\RelationModel.class.php 第 189 行.
NOTIC: [8] Undefined index: relation_foreign_key F:\weblx\www\phptest\wish2\ThinkPHP\Extend\Model\RelationModel.class.php 第 190 行.
SQL: SELECT b.* FROM hd_role_user AS a, hd_role AS b WHERE a.role_id = b.id AND a. user_id='2' [ RunTime:0.004717s ]

[ 2018-03-10T05:26:39+08:00 ] 127.0.0.1 /wish2/index.php/Admin/Rbac/index
INFO: [ route_check ] --START--
INFO: CheckRoute Behavior ::run [ RunTime:0.001808s ]
INFO: [ route_check ] --END-- [ RunTime:0.002029s ]
INFO: [ app_begin ] --START--
INFO: ReadHtmlCache Behavior ::run [ RunTime:0.001430s ]
INFO: [ app_begin ] --END-- [ RunTime:0.002021s ]
SQL: SHOW COLUMNS FROM `hd_user` [ RunTime:0.008728s ]
SQL: SELECT * FROM `hd_user`  [ RunTime:0.000337s ]
SQL: SHOW COLUMNS FROM `hd_role` [ RunTime:0.006854s ]
NOTIC: [8] Undefined index: mapping_order F:\weblx\www\phptest\wish2\ThinkPHP\Extend\Model\RelationModel.class.php 第 188 行.
NOTIC: [8] Undefined index: mapping_limit F:\weblx\www\phptest\wish2\ThinkPHP\Extend\Model\RelationModel.class.php 第 189 行.
NOTIC: [8] Undefined index: relation_foreign_key F:\weblx\www\phptest\wish2\ThinkPHP\Extend\Model\RelationModel.class.php 第 190 行.
SQL: SELECT b.* FROM hd_role_user AS a, hd_role AS b WHERE a.role_id = b.id AND a. user_id='1' [ RunTime:0.000303s ]
NOTIC: [8] Undefined index: mapping_order F:\weblx\www\phptest\wish2\ThinkPHP\Extend\Model\RelationModel.class.php 第 188 行.
NOTIC: [8] Undefined index: mapping_limit F:\weblx\www\phptest\wish2\ThinkPHP\Extend\Model\RelationModel.class.php 第 189 行.
NOTIC: [8] Undefined index: relation_foreign_key F:\weblx\www\phptest\wish2\ThinkPHP\Extend\Model\RelationModel.class.php 第 190 行.
SQL: SELECT b.* FROM hd_role_user AS a, hd_role AS b WHERE a.role_id = b.id AND a. user_id='4' [ RunTime:0.000262s ]
NOTIC: [8] Undefined index: mapping_order F:\weblx\www\phptest\wish2\ThinkPHP\Extend\Model\RelationModel.class.php 第 188 行.
NOTIC: [8] Undefined index: mapping_limit F:\weblx\www\phptest\wish2\ThinkPHP\Extend\Model\RelationModel.class.php 第 189 行.
NOTIC: [8] Undefined index: relation_foreign_key F:\weblx\www\phptest\wish2\ThinkPHP\Extend\Model\RelationModel.class.php 第 190 行.
SQL: SELECT b.* FROM hd_role_user AS a, hd_role AS b WHERE a.role_id = b.id AND a. user_id='3' [ RunTime:0.000875s ]
NOTIC: [8] Undefined index: mapping_order F:\weblx\www\phptest\wish2\ThinkPHP\Extend\Model\RelationModel.class.php 第 188 行.
NOTIC: [8] Undefined index: mapping_limit F:\weblx\www\phptest\wish2\ThinkPHP\Extend\Model\RelationModel.class.php 第 189 行.
NOTIC: [8] Undefined index: relation_foreign_key F:\weblx\www\phptest\wish2\ThinkPHP\Extend\Model\RelationModel.class.php 第 190 行.
SQL: SELECT b.* FROM hd_role_user AS a, hd_role AS b WHERE a.role_id = b.id AND a. user_id='2' [ RunTime:0.000288s ]

[ 2018-03-10T05:28:47+08:00 ] 127.0.0.1 /wish2/index.php/Admin/Rbac/index
INFO: [ route_check ] --START--
INFO: CheckRoute Behavior ::run [ RunTime:0.002219s ]
INFO: [ route_check ] --END-- [ RunTime:0.002469s ]
INFO: [ app_begin ] --START--
INFO: ReadHtmlCache Behavior ::run [ RunTime:0.005774s ]
INFO: [ app_begin ] --END-- [ RunTime:0.005996s ]
SQL: SHOW COLUMNS FROM `hd_user` [ RunTime:0.016711s ]
SQL: SELECT * FROM `hd_user`  [ RunTime:0.000371s ]
SQL: SHOW COLUMNS FROM `hd_role` [ RunTime:0.007277s ]
NOTIC: [8] Undefined index: mapping_order F:\weblx\www\phptest\wish2\ThinkPHP\Extend\Model\RelationModel.class.php 第 188 行.
NOTIC: [8] Undefined index: mapping_limit F:\weblx\www\phptest\wish2\ThinkPHP\Extend\Model\RelationModel.class.php 第 189 行.
NOTIC: [8] Undefined index: relation_foreign_key F:\weblx\www\phptest\wish2\ThinkPHP\Extend\Model\RelationModel.class.php 第 190 行.
SQL: SELECT b.id, name, remark FROM hd_role_user AS a, hd_role AS b WHERE a.role_id = b.id AND a. user_id='1' [ RunTime:0.000753s ]
NOTIC: [8] Undefined index: mapping_order F:\weblx\www\phptest\wish2\ThinkPHP\Extend\Model\RelationModel.class.php 第 188 行.
NOTIC: [8] Undefined index: mapping_limit F:\weblx\www\phptest\wish2\ThinkPHP\Extend\Model\RelationModel.class.php 第 189 行.
NOTIC: [8] Undefined index: relation_foreign_key F:\weblx\www\phptest\wish2\ThinkPHP\Extend\Model\RelationModel.class.php 第 190 行.
SQL: SELECT b.id, name, remark FROM hd_role_user AS a, hd_role AS b WHERE a.role_id = b.id AND a. user_id='4' [ RunTime:0.000650s ]
NOTIC: [8] Undefined index: mapping_order F:\weblx\www\phptest\wish2\ThinkPHP\Extend\Model\RelationModel.class.php 第 188 行.
NOTIC: [8] Undefined index: mapping_limit F:\weblx\www\phptest\wish2\ThinkPHP\Extend\Model\RelationModel.class.php 第 189 行.
NOTIC: [8] Undefined index: relation_foreign_key F:\weblx\www\phptest\wish2\ThinkPHP\Extend\Model\RelationModel.class.php 第 190 行.
SQL: SELECT b.id, name, remark FROM hd_role_user AS a, hd_role AS b WHERE a.role_id = b.id AND a. user_id='3' [ RunTime:0.000561s ]
NOTIC: [8] Undefined index: mapping_order F:\weblx\www\phptest\wish2\ThinkPHP\Extend\Model\RelationModel.class.php 第 188 行.
NOTIC: [8] Undefined index: mapping_limit F:\weblx\www\phptest\wish2\ThinkPHP\Extend\Model\RelationModel.class.php 第 189 行.
NOTIC: [8] Undefined index: relation_foreign_key F:\weblx\www\phptest\wish2\ThinkPHP\Extend\Model\RelationModel.class.php 第 190 行.
SQL: SELECT b.id, name, remark FROM hd_role_user AS a, hd_role AS b WHERE a.role_id = b.id AND a. user_id='2' [ RunTime:0.000471s ]

[ 2018-03-10T05:30:46+08:00 ] 127.0.0.1 /wish2/index.php/Admin/Rbac/index
INFO: [ route_check ] --START--
INFO: CheckRoute Behavior ::run [ RunTime:0.001861s ]
INFO: [ route_check ] --END-- [ RunTime:0.002077s ]
INFO: [ app_begin ] --START--
INFO: ReadHtmlCache Behavior ::run [ RunTime:0.001208s ]
INFO: [ app_begin ] --END-- [ RunTime:0.001413s ]
SQL: SHOW COLUMNS FROM `hd_user` [ RunTime:0.007234s ]
SQL: SELECT `id`,`username`,`logintime`,`loginip`,`lock` FROM `hd_user`  [ RunTime:0.000517s ]
SQL: SHOW COLUMNS FROM `hd_role` [ RunTime:0.018188s ]
NOTIC: [8] Undefined index: mapping_order F:\weblx\www\phptest\wish2\ThinkPHP\Extend\Model\RelationModel.class.php 第 188 行.
NOTIC: [8] Undefined index: mapping_limit F:\weblx\www\phptest\wish2\ThinkPHP\Extend\Model\RelationModel.class.php 第 189 行.
NOTIC: [8] Undefined index: relation_foreign_key F:\weblx\www\phptest\wish2\ThinkPHP\Extend\Model\RelationModel.class.php 第 190 行.
SQL: SELECT b.id, name, remark FROM hd_role_user AS a, hd_role AS b WHERE a.role_id = b.id AND a. user_id='1' [ RunTime:0.000754s ]
NOTIC: [8] Undefined index: mapping_order F:\weblx\www\phptest\wish2\ThinkPHP\Extend\Model\RelationModel.class.php 第 188 行.
NOTIC: [8] Undefined index: mapping_limit F:\weblx\www\phptest\wish2\ThinkPHP\Extend\Model\RelationModel.class.php 第 189 行.
NOTIC: [8] Undefined index: relation_foreign_key F:\weblx\www\phptest\wish2\ThinkPHP\Extend\Model\RelationModel.class.php 第 190 行.
SQL: SELECT b.id, name, remark FROM hd_role_user AS a, hd_role AS b WHERE a.role_id = b.id AND a. user_id='4' [ RunTime:0.000259s ]
NOTIC: [8] Undefined index: mapping_order F:\weblx\www\phptest\wish2\ThinkPHP\Extend\Model\RelationModel.class.php 第 188 行.
NOTIC: [8] Undefined index: mapping_limit F:\weblx\www\phptest\wish2\ThinkPHP\Extend\Model\RelationModel.class.php 第 189 行.
NOTIC: [8] Undefined index: relation_foreign_key F:\weblx\www\phptest\wish2\ThinkPHP\Extend\Model\RelationModel.class.php 第 190 行.
SQL: SELECT b.id, name, remark FROM hd_role_user AS a, hd_role AS b WHERE a.role_id = b.id AND a. user_id='3' [ RunTime:0.000235s ]
NOTIC: [8] Undefined index: mapping_order F:\weblx\www\phptest\wish2\ThinkPHP\Extend\Model\RelationModel.class.php 第 188 行.
NOTIC: [8] Undefined index: mapping_limit F:\weblx\www\phptest\wish2\ThinkPHP\Extend\Model\RelationModel.class.php 第 189 行.
NOTIC: [8] Undefined index: relation_foreign_key F:\weblx\www\phptest\wish2\ThinkPHP\Extend\Model\RelationModel.class.php 第 190 行.
SQL: SELECT b.id, name, remark FROM hd_role_user AS a, hd_role AS b WHERE a.role_id = b.id AND a. user_id='2' [ RunTime:0.000248s ]

[ 2018-03-10T05:31:27+08:00 ] 127.0.0.1 /wish2/index.php/Admin/Rbac/index
INFO: [ route_check ] --START--
INFO: CheckRoute Behavior ::run [ RunTime:0.001511s ]
INFO: [ route_check ] --END-- [ RunTime:0.001743s ]
INFO: [ app_begin ] --START--
INFO: ReadHtmlCache Behavior ::run [ RunTime:0.001049s ]
INFO: [ app_begin ] --END-- [ RunTime:0.001248s ]
SQL: SHOW COLUMNS FROM `hd_user` [ RunTime:0.007209s ]
SQL: SELECT `password`,`1` FROM `hd_user`  [ RunTime:0.000401s ]
ERR: 1054:Unknown column '1' in 'field list'
 [ SQL语句 ] : SELECT `password`,`1` FROM `hd_user` 

[ 2018-03-10T05:31:34+08:00 ] 127.0.0.1 /wish2/index.php/Admin/Rbac/index
INFO: [ route_check ] --START--
INFO: CheckRoute Behavior ::run [ RunTime:0.001268s ]
INFO: [ route_check ] --END-- [ RunTime:0.001474s ]
INFO: [ app_begin ] --START--
INFO: ReadHtmlCache Behavior ::run [ RunTime:0.000955s ]
INFO: [ app_begin ] --END-- [ RunTime:0.001127s ]
SQL: SHOW COLUMNS FROM `hd_user` [ RunTime:0.006894s ]
SQL: SELECT `password`,`1` FROM `hd_user`  [ RunTime:0.000393s ]
ERR: 1054:Unknown column '1' in 'field list'
 [ SQL语句 ] : SELECT `password`,`1` FROM `hd_user` 

[ 2018-03-10T05:32:17+08:00 ] 127.0.0.1 /wish2/index.php/Admin/Rbac/index
INFO: [ route_check ] --START--
INFO: CheckRoute Behavior ::run [ RunTime:0.001279s ]
INFO: [ route_check ] --END-- [ RunTime:0.001487s ]
INFO: [ app_begin ] --START--
INFO: ReadHtmlCache Behavior ::run [ RunTime:0.000953s ]
INFO: [ app_begin ] --END-- [ RunTime:0.001269s ]
SQL: SHOW COLUMNS FROM `hd_user` [ RunTime:0.007713s ]
SQL: SELECT `password`,`1` FROM `hd_user`  [ RunTime:0.000377s ]
ERR: 1054:Unknown column '1' in 'field list'
 [ SQL语句 ] : SELECT `password`,`1` FROM `hd_user` 

[ 2018-03-10T05:32:31+08:00 ] 127.0.0.1 /wish2/index.php/Admin/Rbac/index
INFO: [ route_check ] --START--
INFO: CheckRoute Behavior ::run [ RunTime:0.001272s ]
INFO: [ route_check ] --END-- [ RunTime:0.001479s ]
INFO: [ app_begin ] --START--
INFO: ReadHtmlCache Behavior ::run [ RunTime:0.000985s ]
INFO: [ app_begin ] --END-- [ RunTime:0.001162s ]
SQL: SHOW COLUMNS FROM `hd_user` [ RunTime:0.007363s ]
SQL: SELECT `id`,`username`,`logintime`,`loginip`,`lock` FROM `hd_user`  [ RunTime:0.000315s ]
SQL: SHOW COLUMNS FROM `hd_role` [ RunTime:0.006531s ]
NOTIC: [8] Undefined index: mapping_order F:\weblx\www\phptest\wish2\ThinkPHP\Extend\Model\RelationModel.class.php 第 188 行.
NOTIC: [8] Undefined index: mapping_limit F:\weblx\www\phptest\wish2\ThinkPHP\Extend\Model\RelationModel.class.php 第 189 行.
NOTIC: [8] Undefined index: relation_foreign_key F:\weblx\www\phptest\wish2\ThinkPHP\Extend\Model\RelationModel.class.php 第 190 行.
SQL: SELECT b.id, name, remark FROM hd_role_user AS a, hd_role AS b WHERE a.role_id = b.id AND a. user_id='1' [ RunTime:0.000282s ]
NOTIC: [8] Undefined index: mapping_order F:\weblx\www\phptest\wish2\ThinkPHP\Extend\Model\RelationModel.class.php 第 188 行.
NOTIC: [8] Undefined index: mapping_limit F:\weblx\www\phptest\wish2\ThinkPHP\Extend\Model\RelationModel.class.php 第 189 行.
NOTIC: [8] Undefined index: relation_foreign_key F:\weblx\www\phptest\wish2\ThinkPHP\Extend\Model\RelationModel.class.php 第 190 行.
SQL: SELECT b.id, name, remark FROM hd_role_user AS a, hd_role AS b WHERE a.role_id = b.id AND a. user_id='4' [ RunTime:0.000256s ]
NOTIC: [8] Undefined index: mapping_order F:\weblx\www\phptest\wish2\ThinkPHP\Extend\Model\RelationModel.class.php 第 188 行.
NOTIC: [8] Undefined index: mapping_limit F:\weblx\www\phptest\wish2\ThinkPHP\Extend\Model\RelationModel.class.php 第 189 行.
NOTIC: [8] Undefined index: relation_foreign_key F:\weblx\www\phptest\wish2\ThinkPHP\Extend\Model\RelationModel.class.php 第 190 行.
SQL: SELECT b.id, name, remark FROM hd_role_user AS a, hd_role AS b WHERE a.role_id = b.id AND a. user_id='3' [ RunTime:0.000367s ]
NOTIC: [8] Undefined index: mapping_order F:\weblx\www\phptest\wish2\ThinkPHP\Extend\Model\RelationModel.class.php 第 188 行.
NOTIC: [8] Undefined index: mapping_limit F:\weblx\www\phptest\wish2\ThinkPHP\Extend\Model\RelationModel.class.php 第 189 行.
NOTIC: [8] Undefined index: relation_foreign_key F:\weblx\www\phptest\wish2\ThinkPHP\Extend\Model\RelationModel.class.php 第 190 行.
SQL: SELECT b.id, name, remark FROM hd_role_user AS a, hd_role AS b WHERE a.role_id = b.id AND a. user_id='2' [ RunTime:0.000250s ]

[ 2018-03-10T05:33:17+08:00 ] 127.0.0.1 /wish2/index.php/Admin/Rbac/index
INFO: [ route_check ] --START--
INFO: CheckRoute Behavior ::run [ RunTime:0.001695s ]
INFO: [ route_check ] --END-- [ RunTime:0.001929s ]
INFO: [ app_begin ] --START--
INFO: ReadHtmlCache Behavior ::run [ RunTime:0.002240s ]
INFO: [ app_begin ] --END-- [ RunTime:0.002424s ]
SQL: SHOW COLUMNS FROM `hd_user` [ RunTime:0.006723s ]
SQL: SELECT `id`,`username`,`logintime`,`loginip`,`lock` FROM `hd_user`  [ RunTime:0.000533s ]
SQL: SHOW COLUMNS FROM `hd_role` [ RunTime:0.008434s ]
NOTIC: [8] Undefined index: mapping_order F:\weblx\www\phptest\wish2\ThinkPHP\Extend\Model\RelationModel.class.php 第 188 行.
NOTIC: [8] Undefined index: mapping_limit F:\weblx\www\phptest\wish2\ThinkPHP\Extend\Model\RelationModel.class.php 第 189 行.
NOTIC: [8] Undefined index: relation_foreign_key F:\weblx\www\phptest\wish2\ThinkPHP\Extend\Model\RelationModel.class.php 第 190 行.
SQL: SELECT b.id, name, remark FROM hd_role_user AS a, hd_role AS b WHERE a.role_id = b.id AND a. user_id='1' [ RunTime:0.000429s ]
NOTIC: [8] Undefined index: mapping_order F:\weblx\www\phptest\wish2\ThinkPHP\Extend\Model\RelationModel.class.php 第 188 行.
NOTIC: [8] Undefined index: mapping_limit F:\weblx\www\phptest\wish2\ThinkPHP\Extend\Model\RelationModel.class.php 第 189 行.
NOTIC: [8] Undefined index: relation_foreign_key F:\weblx\www\phptest\wish2\ThinkPHP\Extend\Model\RelationModel.class.php 第 190 行.
SQL: SELECT b.id, name, remark FROM hd_role_user AS a, hd_role AS b WHERE a.role_id = b.id AND a. user_id='4' [ RunTime:0.000316s ]
NOTIC: [8] Undefined index: mapping_order F:\weblx\www\phptest\wish2\ThinkPHP\Extend\Model\RelationModel.class.php 第 188 行.
NOTIC: [8] Undefined index: mapping_limit F:\weblx\www\phptest\wish2\ThinkPHP\Extend\Model\RelationModel.class.php 第 189 行.
NOTIC: [8] Undefined index: relation_foreign_key F:\weblx\www\phptest\wish2\ThinkPHP\Extend\Model\RelationModel.class.php 第 190 行.
SQL: SELECT b.id, name, remark FROM hd_role_user AS a, hd_role AS b WHERE a.role_id = b.id AND a. user_id='3' [ RunTime:0.000331s ]
NOTIC: [8] Undefined index: mapping_order F:\weblx\www\phptest\wish2\ThinkPHP\Extend\Model\RelationModel.class.php 第 188 行.
NOTIC: [8] Undefined index: mapping_limit F:\weblx\www\phptest\wish2\ThinkPHP\Extend\Model\RelationModel.class.php 第 189 行.
NOTIC: [8] Undefined index: relation_foreign_key F:\weblx\www\phptest\wish2\ThinkPHP\Extend\Model\RelationModel.class.php 第 190 行.
SQL: SELECT b.id, name, remark FROM hd_role_user AS a, hd_role AS b WHERE a.role_id = b.id AND a. user_id='2' [ RunTime:0.000336s ]

[ 2018-03-10T05:37:30+08:00 ] 127.0.0.1 /wish2/index.php/Admin/Rbac/index
INFO: [ route_check ] --START--
INFO: CheckRoute Behavior ::run [ RunTime:0.001750s ]
INFO: [ route_check ] --END-- [ RunTime:0.001965s ]

[ 2018-03-10T08:03:21+08:00 ] 127.0.0.1 /wish2/
INFO: [ app_begin ] --START--
INFO: ReadHtmlCache Behavior ::run [ RunTime:0.002377s ]
INFO: [ app_begin ] --END-- [ RunTime:0.002607s ]
SQL: SHOW COLUMNS FROM `hd_wish` [ RunTime:0.027811s ]
SQL: SELECT * FROM `hd_wish`  [ RunTime:0.000426s ]
INFO: [ view_parse ] --START--
INFO: ParseTemplate Behavior ::run [ RunTime:0.064764s ]
INFO: [ view_parse ] --END-- [ RunTime:0.064978s ]
INFO: [ view_filter ] --START--
INFO: ContentReplace Behavior ::run [ RunTime:0.001899s ]
INFO: TokenBuild Behavior ::run [ RunTime:0.001705s ]
INFO: WriteHtmlCache Behavior ::run [ RunTime:0.001200s ]
INFO: ShowRuntime Behavior ::run [ RunTime:0.001544s ]
INFO: [ view_filter ] --END-- [ RunTime:0.006965s ]
INFO: [ view_end ] --START--
INFO: ShowPageTrace Behavior ::run [ RunTime:0.002292s ]
INFO: [ view_end ] --END-- [ RunTime:0.002569s ]

[ 2018-03-10T08:03:26+08:00 ] 127.0.0.1 /wish2/index.php/Admin/Login/index
INFO: [ route_check ] --START--
INFO: CheckRoute Behavior ::run [ RunTime:0.001910s ]
INFO: [ route_check ] --END-- [ RunTime:0.002127s ]

[ 2018-03-10T08:03:28+08:00 ] 127.0.0.1 /wish2/index.php/Admin/Login/verify
INFO: [ route_check ] --START--
INFO: CheckRoute Behavior ::run [ RunTime:0.002043s ]
INFO: [ route_check ] --END-- [ RunTime:0.002264s ]

[ 2018-03-10T08:03:31+08:00 ] 127.0.0.1 /wish2/index.php/Admin/Login/verify
INFO: [ route_check ] --START--
INFO: CheckRoute Behavior ::run [ RunTime:0.003399s ]
INFO: [ route_check ] --END-- [ RunTime:0.003625s ]

[ 2018-03-10T08:03:37+08:00 ] 127.0.0.1 /wish2/index.php/Admin/Login/login
INFO: [ route_check ] --START--
INFO: CheckRoute Behavior ::run [ RunTime:0.001835s ]
INFO: [ route_check ] --END-- [ RunTime:0.002041s ]

[ 2018-03-10T08:03:39+08:00 ] 127.0.0.1 /wish2/index.php/Admin/Index/index
INFO: [ route_check ] --START--
INFO: CheckRoute Behavior ::run [ RunTime:0.002273s ]
INFO: [ route_check ] --END-- [ RunTime:0.002506s ]

[ 2018-03-10T08:03:45+08:00 ] 127.0.0.1 /wish2/index.php/Admin/Rbac/index
INFO: [ route_check ] --START--
INFO: CheckRoute Behavior ::run [ RunTime:0.001799s ]
INFO: [ route_check ] --END-- [ RunTime:0.002006s ]

[ 2018-03-10T08:05:04+08:00 ] 127.0.0.1 /wish2/index.php/Admin/Rbac/index
INFO: [ route_check ] --START--
INFO: CheckRoute Behavior ::run [ RunTime:0.001682s ]
INFO: [ route_check ] --END-- [ RunTime:0.001895s ]

[ 2018-03-10T08:10:23+08:00 ] 127.0.0.1 /wish2/index.php/Admin/Rbac/index
INFO: [ route_check ] --START--
INFO: CheckRoute Behavior ::run [ RunTime:0.001971s ]
INFO: [ route_check ] --END-- [ RunTime:0.002186s ]

[ 2018-03-10T08:11:51+08:00 ] 127.0.0.1 /wish2/index.php/Admin/Rbac/index
INFO: [ route_check ] --START--
INFO: CheckRoute Behavior ::run [ RunTime:0.001754s ]
INFO: [ route_check ] --END-- [ RunTime:0.001964s ]

[ 2018-03-10T17:57:40+08:00 ] 127.0.0.1 /wish2/
INFO: [ app_begin ] --START--
INFO: ReadHtmlCache Behavior ::run [ RunTime:0.002362s ]
INFO: [ app_begin ] --END-- [ RunTime:0.002605s ]
SQL: SHOW COLUMNS FROM `hd_wish` [ RunTime:0.033254s ]
SQL: SELECT * FROM `hd_wish`  [ RunTime:0.000499s ]
INFO: [ view_parse ] --START--
INFO: ParseTemplate Behavior ::run [ RunTime:0.046381s ]
INFO: [ view_parse ] --END-- [ RunTime:0.046590s ]
INFO: [ view_filter ] --START--
INFO: ContentReplace Behavior ::run [ RunTime:0.001673s ]
INFO: TokenBuild Behavior ::run [ RunTime:0.001393s ]
INFO: WriteHtmlCache Behavior ::run [ RunTime:0.001144s ]
INFO: ShowRuntime Behavior ::run [ RunTime:0.001534s ]
INFO: [ view_filter ] --END-- [ RunTime:0.006228s ]
INFO: [ view_end ] --START--
INFO: ShowPageTrace Behavior ::run [ RunTime:0.009100s ]
INFO: [ view_end ] --END-- [ RunTime:0.009417s ]

[ 2018-03-10T17:57:49+08:00 ] 127.0.0.1 /wish2/index.php/Admin/Login/index
INFO: [ route_check ] --START--
INFO: CheckRoute Behavior ::run [ RunTime:0.001861s ]
INFO: [ route_check ] --END-- [ RunTime:0.002073s ]

[ 2018-03-10T17:57:51+08:00 ] 127.0.0.1 /wish2/index.php/Admin/Login/verify
INFO: [ route_check ] --START--
INFO: CheckRoute Behavior ::run [ RunTime:0.002050s ]
INFO: [ route_check ] --END-- [ RunTime:0.002265s ]

[ 2018-03-10T17:58:02+08:00 ] 127.0.0.1 /wish2/index.php/Admin/Login/login
INFO: [ route_check ] --START--
INFO: CheckRoute Behavior ::run [ RunTime:0.001861s ]
INFO: [ route_check ] --END-- [ RunTime:0.002065s ]

[ 2018-03-10T17:59:31+08:00 ] 127.0.0.1 /wish2/index.php/Admin/Login/login
INFO: [ route_check ] --START--
INFO: CheckRoute Behavior ::run [ RunTime:0.002059s ]
INFO: [ route_check ] --END-- [ RunTime:0.002273s ]

[ 2018-03-10T17:59:49+08:00 ] 127.0.0.1 /wish2/index.php/Admin/Login/login
INFO: [ route_check ] --START--
INFO: CheckRoute Behavior ::run [ RunTime:0.001658s ]
INFO: [ route_check ] --END-- [ RunTime:0.001867s ]

[ 2018-03-10T18:01:39+08:00 ] 127.0.0.1 /wish2/index.php/Admin/Login/index
INFO: [ route_check ] --START--
INFO: CheckRoute Behavior ::run [ RunTime:0.002241s ]
INFO: [ route_check ] --END-- [ RunTime:0.002687s ]

[ 2018-03-10T18:01:40+08:00 ] 127.0.0.1 /wish2/index.php/Admin/Login/verify
INFO: [ route_check ] --START--
INFO: CheckRoute Behavior ::run [ RunTime:0.001894s ]
INFO: [ route_check ] --END-- [ RunTime:0.002107s ]

[ 2018-03-10T18:01:51+08:00 ] 127.0.0.1 /wish2/index.php/Admin/Login/login
INFO: [ route_check ] --START--
INFO: CheckRoute Behavior ::run [ RunTime:0.002209s ]
INFO: [ route_check ] --END-- [ RunTime:0.002443s ]

[ 2018-03-10T18:05:24+08:00 ] 127.0.0.1 /wish2/index.php/Admin/Login/login
INFO: [ route_check ] --START--
INFO: CheckRoute Behavior ::run [ RunTime:0.002192s ]
INFO: [ route_check ] --END-- [ RunTime:0.002454s ]

[ 2018-03-10T18:11:00+08:00 ] 127.0.0.1 /wish2/index.php/Admin/Login/login
INFO: [ route_check ] --START--
INFO: CheckRoute Behavior ::run [ RunTime:0.001665s ]
INFO: [ route_check ] --END-- [ RunTime:0.001880s ]

[ 2018-03-10T18:11:02+08:00 ] 127.0.0.1 /wish2/index.php/Admin/Index/index
INFO: [ route_check ] --START--
INFO: CheckRoute Behavior ::run [ RunTime:0.001289s ]
INFO: [ route_check ] --END-- [ RunTime:0.001496s ]

[ 2018-03-10T18:11:13+08:00 ] 127.0.0.1 /wish2/index.php/Admin/MsgManage/index
INFO: [ route_check ] --START--
INFO: CheckRoute Behavior ::run [ RunTime:0.001337s ]
INFO: [ route_check ] --END-- [ RunTime:0.001555s ]

[ 2018-03-10T18:11:19+08:00 ] 127.0.0.1 /wish2/index.php/Admin/Rbac/index
INFO: [ route_check ] --START--
INFO: CheckRoute Behavior ::run [ RunTime:0.001508s ]
INFO: [ route_check ] --END-- [ RunTime:0.001721s ]

[ 2018-03-10T18:11:53+08:00 ] 127.0.0.1 /wish2/index.php/Admin/Rbac/role
INFO: [ route_check ] --START--
INFO: CheckRoute Behavior ::run [ RunTime:0.001331s ]
INFO: [ route_check ] --END-- [ RunTime:0.001538s ]

[ 2018-03-10T18:11:57+08:00 ] 127.0.0.1 /wish2/index.php/Admin/Rbac/access/rid/1
INFO: [ route_check ] --START--
INFO: CheckRoute Behavior ::run [ RunTime:0.002112s ]
INFO: [ route_check ] --END-- [ RunTime:0.002322s ]

[ 2018-03-10T18:12:19+08:00 ] 127.0.0.1 /wish2/index.php/Admin/Rbac/setAccess
INFO: [ route_check ] --START--
INFO: CheckRoute Behavior ::run [ RunTime:0.001838s ]
INFO: [ route_check ] --END-- [ RunTime:0.002054s ]

[ 2018-03-10T18:12:21+08:00 ] 127.0.0.1 /wish2/index.php/Admin/Rbac/role
INFO: [ route_check ] --START--
INFO: CheckRoute Behavior ::run [ RunTime:0.001380s ]
INFO: [ route_check ] --END-- [ RunTime:0.001593s ]

[ 2018-03-10T18:12:29+08:00 ] 127.0.0.1 /wish2/index.php/Admin/Rbac/index
INFO: [ route_check ] --START--
INFO: CheckRoute Behavior ::run [ RunTime:0.001348s ]
INFO: [ route_check ] --END-- [ RunTime:0.001555s ]

[ 2018-03-10T18:12:51+08:00 ] 127.0.0.1 /wish2/index.php/Admin/Index/logout
INFO: [ route_check ] --START--
INFO: CheckRoute Behavior ::run [ RunTime:0.001310s ]
INFO: [ route_check ] --END-- [ RunTime:0.001530s ]

[ 2018-03-10T18:12:53+08:00 ] 127.0.0.1 /wish2/index.php/Admin/Login/index
INFO: [ route_check ] --START--
INFO: CheckRoute Behavior ::run [ RunTime:0.001298s ]
INFO: [ route_check ] --END-- [ RunTime:0.001509s ]

[ 2018-03-10T18:12:55+08:00 ] 127.0.0.1 /wish2/index.php/Admin/Login/verify
INFO: [ route_check ] --START--
INFO: CheckRoute Behavior ::run [ RunTime:0.002139s ]
INFO: [ route_check ] --END-- [ RunTime:0.002351s ]

[ 2018-03-10T18:13:02+08:00 ] 127.0.0.1 /wish2/index.php/Admin/Login/login
INFO: [ route_check ] --START--
INFO: CheckRoute Behavior ::run [ RunTime:0.002014s ]
INFO: [ route_check ] --END-- [ RunTime:0.002229s ]

[ 2018-03-10T18:13:05+08:00 ] 127.0.0.1 /wish2/index.php/Admin/Index/index
INFO: [ route_check ] --START--
INFO: CheckRoute Behavior ::run [ RunTime:0.001392s ]
INFO: [ route_check ] --END-- [ RunTime:0.001644s ]

[ 2018-03-10T18:13:27+08:00 ] 127.0.0.1 /wish2/index.php/Admin/MsgManage/index
INFO: [ route_check ] --START--
INFO: CheckRoute Behavior ::run [ RunTime:0.001284s ]
INFO: [ route_check ] --END-- [ RunTime:0.001491s ]

[ 2018-03-10T18:14:31+08:00 ] 127.0.0.1 /wish2/index.php/Admin/Index/index
INFO: [ route_check ] --START--
INFO: CheckRoute Behavior ::run [ RunTime:0.001311s ]
INFO: [ route_check ] --END-- [ RunTime:0.004023s ]

[ 2018-03-10T18:14:36+08:00 ] 127.0.0.1 /wish2/index.php/Admin/MsgManage/index
INFO: [ route_check ] --START--
INFO: CheckRoute Behavior ::run [ RunTime:0.001326s ]
INFO: [ route_check ] --END-- [ RunTime:0.001530s ]

[ 2018-03-10T18:15:05+08:00 ] 127.0.0.1 /wish2/index.php/Admin/Rbac/role
INFO: [ route_check ] --START--
INFO: CheckRoute Behavior ::run [ RunTime:0.001663s ]
INFO: [ route_check ] --END-- [ RunTime:0.001874s ]

[ 2018-03-10T18:15:07+08:00 ] 127.0.0.1 /wish2/index.php/Admin/Rbac/access/rid/1
INFO: [ route_check ] --START--
INFO: CheckRoute Behavior ::run [ RunTime:0.001967s ]
INFO: [ route_check ] --END-- [ RunTime:0.002175s ]

[ 2018-03-10T18:15:13+08:00 ] 127.0.0.1 /wish2/index.php/Admin/Rbac/setAccess
INFO: [ route_check ] --START--
INFO: CheckRoute Behavior ::run [ RunTime:0.002346s ]
INFO: [ route_check ] --END-- [ RunTime:0.002558s ]

[ 2018-03-10T18:15:15+08:00 ] 127.0.0.1 /wish2/index.php/Admin/Rbac/role
INFO: [ route_check ] --START--
INFO: CheckRoute Behavior ::run [ RunTime:0.001279s ]
INFO: [ route_check ] --END-- [ RunTime:0.001507s ]

[ 2018-03-10T18:15:20+08:00 ] 127.0.0.1 /wish2/index.php/Admin/MsgManage/index
INFO: [ route_check ] --START--
INFO: CheckRoute Behavior ::run [ RunTime:0.001840s ]
INFO: [ route_check ] --END-- [ RunTime:0.002050s ]

[ 2018-03-10T18:15:33+08:00 ] 127.0.0.1 /wish2/index.php/Admin/Rbac/addNode
INFO: [ route_check ] --START--
INFO: CheckRoute Behavior ::run [ RunTime:0.002502s ]
INFO: [ route_check ] --END-- [ RunTime:0.002713s ]

[ 2018-03-10T18:15:48+08:00 ] 127.0.0.1 /wish2/index.php/Admin/Rbac/node
INFO: [ route_check ] --START--
INFO: CheckRoute Behavior ::run [ RunTime:0.001801s ]
INFO: [ route_check ] --END-- [ RunTime:0.002009s ]

[ 2018-03-10T18:15:54+08:00 ] 127.0.0.1 /wish2/index.php/Admin/Rbac/addNode/pid/3/level/3
INFO: [ route_check ] --START--
INFO: CheckRoute Behavior ::run [ RunTime:0.001901s ]
INFO: [ route_check ] --END-- [ RunTime:0.002113s ]

[ 2018-03-10T18:16:24+08:00 ] 127.0.0.1 /wish2/index.php/Admin/Rbac/addNodeHandle
INFO: [ route_check ] --START--
INFO: CheckRoute Behavior ::run [ RunTime:0.001842s ]
INFO: [ route_check ] --END-- [ RunTime:0.002049s ]

[ 2018-03-10T18:16:26+08:00 ] 127.0.0.1 /wish2/index.php/Admin/Rbac/node
INFO: [ route_check ] --START--
INFO: CheckRoute Behavior ::run [ RunTime:0.001305s ]
INFO: [ route_check ] --END-- [ RunTime:0.001511s ]

[ 2018-03-10T18:16:44+08:00 ] 127.0.0.1 /wish2/index.php/Admin/Rbac/role
INFO: [ route_check ] --START--
INFO: CheckRoute Behavior ::run [ RunTime:0.001273s ]
INFO: [ route_check ] --END-- [ RunTime:0.001486s ]

[ 2018-03-10T18:16:46+08:00 ] 127.0.0.1 /wish2/index.php/Admin/Rbac/access/rid/1
INFO: [ route_check ] --START--
INFO: CheckRoute Behavior ::run [ RunTime:0.002058s ]
INFO: [ route_check ] --END-- [ RunTime:0.002270s ]

[ 2018-03-10T18:17:17+08:00 ] 127.0.0.1 /wish2/index.php/Admin/Rbac/role
INFO: [ route_check ] --START--
INFO: CheckRoute Behavior ::run [ RunTime:0.002036s ]
INFO: [ route_check ] --END-- [ RunTime:0.002247s ]

[ 2018-03-10T18:17:25+08:00 ] 127.0.0.1 /wish2/index.php/Admin/Rbac/access/rid/1
INFO: [ route_check ] --START--
INFO: CheckRoute Behavior ::run [ RunTime:0.001848s ]
INFO: [ route_check ] --END-- [ RunTime:0.002055s ]

[ 2018-03-10T18:17:41+08:00 ] 127.0.0.1 /wish2/index.php/Admin/Rbac/setAccess
INFO: [ route_check ] --START--
INFO: CheckRoute Behavior ::run [ RunTime:0.001871s ]
INFO: [ route_check ] --END-- [ RunTime:0.002082s ]

[ 2018-03-10T18:17:43+08:00 ] 127.0.0.1 /wish2/index.php/Admin/Rbac/role
INFO: [ route_check ] --START--
INFO: CheckRoute Behavior ::run [ RunTime:0.001882s ]
INFO: [ route_check ] --END-- [ RunTime:0.002092s ]

[ 2018-03-10T18:17:45+08:00 ] 127.0.0.1 /wish2/index.php/Admin/Index/logout
INFO: [ route_check ] --START--
INFO: CheckRoute Behavior ::run [ RunTime:0.001802s ]
INFO: [ route_check ] --END-- [ RunTime:0.002009s ]

[ 2018-03-10T18:17:47+08:00 ] 127.0.0.1 /wish2/index.php/Admin/Login/index
INFO: [ route_check ] --START--
INFO: CheckRoute Behavior ::run [ RunTime:0.002050s ]
INFO: [ route_check ] --END-- [ RunTime:0.002256s ]

[ 2018-03-10T18:17:48+08:00 ] 127.0.0.1 /wish2/index.php/Admin/Login/verify
INFO: [ route_check ] --START--
INFO: CheckRoute Behavior ::run [ RunTime:0.001288s ]
INFO: [ route_check ] --END-- [ RunTime:0.001497s ]

[ 2018-03-10T18:17:58+08:00 ] 127.0.0.1 /wish2/index.php/Admin/Login/login
INFO: [ route_check ] --START--
INFO: CheckRoute Behavior ::run [ RunTime:0.001288s ]
INFO: [ route_check ] --END-- [ RunTime:0.001638s ]

[ 2018-03-10T18:18:00+08:00 ] 127.0.0.1 /wish2/index.php/Admin/Index/index
INFO: [ route_check ] --START--
INFO: CheckRoute Behavior ::run [ RunTime:0.001295s ]
INFO: [ route_check ] --END-- [ RunTime:0.001507s ]

[ 2018-03-10T18:18:19+08:00 ] 127.0.0.1 /wish2/index.php/Admin/MsgManage/index
INFO: [ route_check ] --START--
INFO: CheckRoute Behavior ::run [ RunTime:0.001387s ]
INFO: [ route_check ] --END-- [ RunTime:0.001597s ]

[ 2018-03-10T18:19:36+08:00 ] 127.0.0.1 /wish2/index.php/Admin/Index/logout
INFO: [ route_check ] --START--
INFO: CheckRoute Behavior ::run [ RunTime:0.001348s ]
INFO: [ route_check ] --END-- [ RunTime:0.001562s ]

[ 2018-03-10T18:19:46+08:00 ] 127.0.0.1 /wish2/index.php/Admin/Index/logout
INFO: [ route_check ] --START--
INFO: CheckRoute Behavior ::run [ RunTime:0.002114s ]
INFO: [ route_check ] --END-- [ RunTime:0.002335s ]

[ 2018-03-10T18:21:31+08:00 ] 127.0.0.1 /wish2/index.php/Admin/Index/index
INFO: [ route_check ] --START--
INFO: CheckRoute Behavior ::run [ RunTime:0.001936s ]
INFO: [ route_check ] --END-- [ RunTime:0.002160s ]

[ 2018-03-10T18:22:57+08:00 ] 127.0.0.1 /wish2/index.php/Admin/Index/index
INFO: [ route_check ] --START--
INFO: CheckRoute Behavior ::run [ RunTime:0.003427s ]
INFO: [ route_check ] --END-- [ RunTime:0.003645s ]

[ 2018-03-10T18:25:03+08:00 ] 127.0.0.1 /wish2/index.php/Admin/Index/index
INFO: [ route_check ] --START--
INFO: CheckRoute Behavior ::run [ RunTime:0.002251s ]
INFO: [ route_check ] --END-- [ RunTime:0.002464s ]

[ 2018-03-10T18:26:12+08:00 ] 127.0.0.1 /wish2/index.php/Admin/Index/index
INFO: [ route_check ] --START--
INFO: CheckRoute Behavior ::run [ RunTime:0.001982s ]
INFO: [ route_check ] --END-- [ RunTime:0.002196s ]

[ 2018-03-10T18:31:51+08:00 ] 127.0.0.1 /wish2/index.php/Admin/Index/index
INFO: [ route_check ] --START--
INFO: CheckRoute Behavior ::run [ RunTime:0.025261s ]
INFO: [ route_check ] --END-- [ RunTime:0.026316s ]

[ 2018-03-10T18:31:52+08:00 ] 127.0.0.1 /wish2/index.php/Admin/Index/logout
INFO: [ route_check ] --START--
INFO: CheckRoute Behavior ::run [ RunTime:0.001654s ]
INFO: [ route_check ] --END-- [ RunTime:0.001864s ]

[ 2018-03-10T18:31:55+08:00 ] 127.0.0.1 /wish2/index.php/Admin/Login/index
INFO: [ route_check ] --START--
INFO: CheckRoute Behavior ::run [ RunTime:0.002207s ]
INFO: [ route_check ] --END-- [ RunTime:0.002486s ]

[ 2018-03-10T18:31:56+08:00 ] 127.0.0.1 /wish2/index.php/Admin/Login/verify
INFO: [ route_check ] --START--
INFO: CheckRoute Behavior ::run [ RunTime:0.003840s ]
INFO: [ route_check ] --END-- [ RunTime:0.004066s ]

[ 2018-03-10T18:32:52+08:00 ] 127.0.0.1 /wish2/index.php/Admin/Login/login
INFO: [ route_check ] --START--
INFO: CheckRoute Behavior ::run [ RunTime:0.001883s ]
INFO: [ route_check ] --END-- [ RunTime:0.002094s ]

[ 2018-03-10T18:32:54+08:00 ] 127.0.0.1 /wish2/index.php/Admin/Index/index
INFO: [ route_check ] --START--
INFO: CheckRoute Behavior ::run [ RunTime:0.018084s ]
INFO: [ route_check ] --END-- [ RunTime:0.018401s ]

[ 2018-03-10T18:32:58+08:00 ] 127.0.0.1 /wish2/index.php/Admin/Rbac/role
INFO: [ route_check ] --START--
INFO: CheckRoute Behavior ::run [ RunTime:0.011313s ]
INFO: [ route_check ] --END-- [ RunTime:0.011547s ]

[ 2018-03-10T18:33:05+08:00 ] 127.0.0.1 /wish2/index.php/Admin/Rbac/access/rid/1
INFO: [ route_check ] --START--
INFO: CheckRoute Behavior ::run [ RunTime:0.001848s ]
INFO: [ route_check ] --END-- [ RunTime:0.002056s ]

[ 2018-03-10T18:35:44+08:00 ] 127.0.0.1 /wish2/index.php/Admin/Rbac/setAccess
INFO: [ route_check ] --START--
INFO: CheckRoute Behavior ::run [ RunTime:0.002435s ]
INFO: [ route_check ] --END-- [ RunTime:0.002658s ]

[ 2018-03-10T18:35:47+08:00 ] 127.0.0.1 /wish2/index.php/Admin/Rbac/role
INFO: [ route_check ] --START--
INFO: CheckRoute Behavior ::run [ RunTime:0.001721s ]
INFO: [ route_check ] --END-- [ RunTime:0.001938s ]

[ 2018-03-10T18:35:52+08:00 ] 127.0.0.1 /wish2/index.php/Admin/Rbac/access/rid/2
INFO: [ route_check ] --START--
INFO: CheckRoute Behavior ::run [ RunTime:0.002166s ]
INFO: [ route_check ] --END-- [ RunTime:0.002464s ]

[ 2018-03-10T18:36:16+08:00 ] 127.0.0.1 /wish2/index.php/Admin/Rbac/setAccess
INFO: [ route_check ] --START--
INFO: CheckRoute Behavior ::run [ RunTime:0.001446s ]
INFO: [ route_check ] --END-- [ RunTime:0.001699s ]

[ 2018-03-10T18:36:18+08:00 ] 127.0.0.1 /wish2/index.php/Admin/Rbac/role
INFO: [ route_check ] --START--
INFO: CheckRoute Behavior ::run [ RunTime:0.002484s ]
INFO: [ route_check ] --END-- [ RunTime:0.002761s ]

[ 2018-03-10T18:36:39+08:00 ] 127.0.0.1 /wish2/index.php/Admin/Rbac/index
INFO: [ route_check ] --START--
INFO: CheckRoute Behavior ::run [ RunTime:0.001823s ]
INFO: [ route_check ] --END-- [ RunTime:0.002036s ]

[ 2018-03-10T18:36:54+08:00 ] 127.0.0.1 /wish2/index.php/Admin/Index/logout
INFO: [ route_check ] --START--
INFO: CheckRoute Behavior ::run [ RunTime:0.002205s ]
INFO: [ route_check ] --END-- [ RunTime:0.002418s ]

[ 2018-03-10T18:36:56+08:00 ] 127.0.0.1 /wish2/index.php/Admin/Login/index
INFO: [ route_check ] --START--
INFO: CheckRoute Behavior ::run [ RunTime:0.001802s ]
INFO: [ route_check ] --END-- [ RunTime:0.002044s ]

[ 2018-03-10T18:36:58+08:00 ] 127.0.0.1 /wish2/index.php/Admin/Login/verify
INFO: [ route_check ] --START--
INFO: CheckRoute Behavior ::run [ RunTime:0.001303s ]
INFO: [ route_check ] --END-- [ RunTime:0.001516s ]

[ 2018-03-10T18:37:06+08:00 ] 127.0.0.1 /wish2/index.php/Admin/Login/login
INFO: [ route_check ] --START--
INFO: CheckRoute Behavior ::run [ RunTime:0.010036s ]
INFO: [ route_check ] --END-- [ RunTime:0.010271s ]

[ 2018-03-10T18:37:08+08:00 ] 127.0.0.1 /wish2/index.php/Admin/Index/index
INFO: [ route_check ] --START--
INFO: CheckRoute Behavior ::run [ RunTime:0.001351s ]
INFO: [ route_check ] --END-- [ RunTime:0.001617s ]

[ 2018-03-10T18:37:10+08:00 ] 127.0.0.1 /wish2/index.php/Admin/MsgManage/index
INFO: [ route_check ] --START--
INFO: CheckRoute Behavior ::run [ RunTime:0.001575s ]
INFO: [ route_check ] --END-- [ RunTime:0.001780s ]

[ 2018-03-10T18:37:43+08:00 ] 127.0.0.1 /wish2/index.php/Admin/Login/login
INFO: [ route_check ] --START--
INFO: CheckRoute Behavior ::run [ RunTime:0.001320s ]
INFO: [ route_check ] --END-- [ RunTime:0.001528s ]

[ 2018-03-10T18:37:45+08:00 ] 127.0.0.1 /wish2/index.php/Admin/Index/index
INFO: [ route_check ] --START--
INFO: CheckRoute Behavior ::run [ RunTime:0.001836s ]
INFO: [ route_check ] --END-- [ RunTime:0.002050s ]

[ 2018-03-10T18:37:54+08:00 ] 127.0.0.1 /wish2/index.php/Admin/Rbac/index
INFO: [ route_check ] --START--
INFO: CheckRoute Behavior ::run [ RunTime:0.001687s ]
INFO: [ route_check ] --END-- [ RunTime:0.001895s ]

[ 2018-03-10T18:37:56+08:00 ] 127.0.0.1 /wish2/index.php/Admin/Rbac/role
INFO: [ route_check ] --START--
INFO: CheckRoute Behavior ::run [ RunTime:0.001278s ]
INFO: [ route_check ] --END-- [ RunTime:0.001483s ]

[ 2018-03-10T18:37:57+08:00 ] 127.0.0.1 /wish2/index.php/Admin/Rbac/node
INFO: [ route_check ] --START--
INFO: CheckRoute Behavior ::run [ RunTime:0.002026s ]
INFO: [ route_check ] --END-- [ RunTime:0.002236s ]

[ 2018-03-10T18:37:58+08:00 ] 127.0.0.1 /wish2/index.php/Admin/Rbac/role
INFO: [ route_check ] --START--
INFO: CheckRoute Behavior ::run [ RunTime:0.001324s ]
INFO: [ route_check ] --END-- [ RunTime:0.001539s ]

[ 2018-03-10T18:38:54+08:00 ] 127.0.0.1 /wish2/index.php/Admin/Login/login
INFO: [ route_check ] --START--
INFO: CheckRoute Behavior ::run [ RunTime:0.002226s ]
INFO: [ route_check ] --END-- [ RunTime:0.002449s ]

[ 2018-03-10T18:38:57+08:00 ] 127.0.0.1 /wish2/index.php/Admin/Index/index
INFO: [ route_check ] --START--
INFO: CheckRoute Behavior ::run [ RunTime:0.002024s ]
INFO: [ route_check ] --END-- [ RunTime:0.002250s ]

[ 2018-03-10T18:39:02+08:00 ] 127.0.0.1 /wish2/index.php/Admin/Rbac/role
INFO: [ route_check ] --START--
INFO: CheckRoute Behavior ::run [ RunTime:0.003140s ]
INFO: [ route_check ] --END-- [ RunTime:0.003377s ]

[ 2018-03-10T18:39:09+08:00 ] 127.0.0.1 /wish2/index.php/Admin/Rbac/addRole
INFO: [ route_check ] --START--
INFO: CheckRoute Behavior ::run [ RunTime:0.001901s ]
INFO: [ route_check ] --END-- [ RunTime:0.002366s ]

[ 2018-03-10T18:39:19+08:00 ] 127.0.0.1 /wish2/index.php/Admin/Rbac/role
INFO: [ route_check ] --START--
INFO: CheckRoute Behavior ::run [ RunTime:0.002109s ]
INFO: [ route_check ] --END-- [ RunTime:0.002317s ]

[ 2018-03-10T18:39:23+08:00 ] 127.0.0.1 /wish2/index.php/Admin/Rbac/access/rid/1
INFO: [ route_check ] --START--
INFO: CheckRoute Behavior ::run [ RunTime:0.003604s ]
INFO: [ route_check ] --END-- [ RunTime:0.003825s ]

[ 2018-03-10T18:39:39+08:00 ] 127.0.0.1 /wish2/index.php/Admin/Rbac/setAccess
INFO: [ route_check ] --START--
INFO: CheckRoute Behavior ::run [ RunTime:0.001320s ]
INFO: [ route_check ] --END-- [ RunTime:0.001532s ]

[ 2018-03-10T18:39:41+08:00 ] 127.0.0.1 /wish2/index.php/Admin/Rbac/role
INFO: [ route_check ] --START--
INFO: CheckRoute Behavior ::run [ RunTime:0.001895s ]
INFO: [ route_check ] --END-- [ RunTime:0.002106s ]

[ 2018-03-10T18:39:44+08:00 ] 127.0.0.1 /wish2/index.php/Admin/Index/logout
INFO: [ route_check ] --START--
INFO: CheckRoute Behavior ::run [ RunTime:0.006421s ]
INFO: [ route_check ] --END-- [ RunTime:0.006872s ]

[ 2018-03-10T18:39:46+08:00 ] 127.0.0.1 /wish2/index.php/Admin/Login/index
INFO: [ route_check ] --START--
INFO: CheckRoute Behavior ::run [ RunTime:0.001566s ]
INFO: [ route_check ] --END-- [ RunTime:0.001779s ]

[ 2018-03-10T18:39:47+08:00 ] 127.0.0.1 /wish2/index.php/Admin/Login/verify
INFO: [ route_check ] --START--
INFO: CheckRoute Behavior ::run [ RunTime:0.002004s ]
INFO: [ route_check ] --END-- [ RunTime:0.002479s ]

[ 2018-03-10T18:39:54+08:00 ] 127.0.0.1 /wish2/index.php/Admin/Login/login
INFO: [ route_check ] --START--
INFO: CheckRoute Behavior ::run [ RunTime:0.003380s ]
INFO: [ route_check ] --END-- [ RunTime:0.003841s ]

[ 2018-03-10T18:39:56+08:00 ] 127.0.0.1 /wish2/index.php/Admin/Index/index
INFO: [ route_check ] --START--
INFO: CheckRoute Behavior ::run [ RunTime:0.003481s ]
INFO: [ route_check ] --END-- [ RunTime:0.003710s ]

[ 2018-03-10T18:40:02+08:00 ] 127.0.0.1 /wish2/index.php/Admin/Rbac/addRole
INFO: [ route_check ] --START--
INFO: CheckRoute Behavior ::run [ RunTime:0.002113s ]
INFO: [ route_check ] --END-- [ RunTime:0.002336s ]

[ 2018-03-10T18:40:27+08:00 ] 127.0.0.1 /wish2/index.php/Admin/Rbac/addRoleHandle
INFO: [ route_check ] --START--
INFO: CheckRoute Behavior ::run [ RunTime:0.002109s ]
INFO: [ route_check ] --END-- [ RunTime:0.002318s ]

