[ 2018-03-08T17:36:51+08:00 ] 127.0.0.1 /wish2/
INFO: [ app_begin ] --START--
INFO: ReadHtmlCache Behavior ::run [ RunTime:0.001719s ]
INFO: [ app_begin ] --END-- [ RunTime:0.001930s ]
SQL: SHOW COLUMNS FROM `hd_wish` [ RunTime:0.114998s ]
SQL: SELECT * FROM `hd_wish`  [ RunTime:0.000372s ]
INFO: [ view_parse ] --START--
INFO: ParseTemplate Behavior ::run [ RunTime:0.022456s ]
INFO: [ view_parse ] --END-- [ RunTime:0.022659s ]
INFO: [ view_filter ] --START--
INFO: ContentReplace Behavior ::run [ RunTime:0.001464s ]
INFO: TokenBuild Behavior ::run [ RunTime:0.001668s ]
INFO: WriteHtmlCache Behavior ::run [ RunTime:0.001115s ]
INFO: ShowRuntime Behavior ::run [ RunTime:0.001569s ]
INFO: [ view_filter ] --END-- [ RunTime:0.006341s ]
INFO: [ view_end ] --START--
INFO: ShowPageTrace Behavior ::run [ RunTime:0.003359s ]
INFO: [ view_end ] --END-- [ RunTime:0.003568s ]

[ 2018-03-08T17:37:16+08:00 ] 127.0.0.1 /wish2/index.php/Admin/Login/index
INFO: [ route_check ] --START--
INFO: CheckRoute Behavior ::run [ RunTime:0.001657s ]
INFO: [ route_check ] --END-- [ RunTime:0.001863s ]
INFO: [ app_begin ] --START--
INFO: ReadHtmlCache Behavior ::run [ RunTime:0.001222s ]
INFO: [ app_begin ] --END-- [ RunTime:0.001397s ]
INFO: [ view_parse ] --START--
INFO: ParseTemplate Behavior ::run [ RunTime:0.134928s ]
INFO: [ view_parse ] --END-- [ RunTime:0.135153s ]
INFO: [ view_filter ] --START--
INFO: ContentReplace Behavior ::run [ RunTime:0.000966s ]
INFO: TokenBuild Behavior ::run [ RunTime:0.000965s ]
INFO: WriteHtmlCache Behavior ::run [ RunTime:0.002815s ]
INFO: ShowRuntime Behavior ::run [ RunTime:0.001636s ]
INFO: [ view_filter ] --END-- [ RunTime:0.006881s ]
INFO: [ view_end ] --START--
INFO: ShowPageTrace Behavior ::run [ RunTime:0.001281s ]
INFO: [ view_end ] --END-- [ RunTime:0.001508s ]

[ 2018-03-08T17:37:20+08:00 ] 127.0.0.1 /wish2/index.php/Admin/Login/verify
INFO: [ route_check ] --START--
INFO: CheckRoute Behavior ::run [ RunTime:0.001715s ]
INFO: [ route_check ] --END-- [ RunTime:0.001922s ]
INFO: [ app_begin ] --START--
INFO: ReadHtmlCache Behavior ::run [ RunTime:0.001153s ]
INFO: [ app_begin ] --END-- [ RunTime:0.001325s ]

[ 2018-03-08T17:42:35+08:00 ] 127.0.0.1 /wish2/index.php/Admin/Login/index
INFO: [ route_check ] --START--
INFO: CheckRoute Behavior ::run [ RunTime:0.002243s ]
INFO: [ route_check ] --END-- [ RunTime:0.002489s ]
NOTIC: [8] Use of undefined constant Group_NAME - assumed 'Group_NAME' F:\weblx\www\phptest\wish2\App\Modules\Admin\Conf\config.php 第 5 行.
INFO: [ app_begin ] --START--
INFO: ReadHtmlCache Behavior ::run [ RunTime:0.001673s ]
INFO: [ app_begin ] --END-- [ RunTime:0.002544s ]
INFO: [ view_parse ] --START--
INFO: ParseTemplate Behavior ::run [ RunTime:0.023934s ]
INFO: [ view_parse ] --END-- [ RunTime:0.024150s ]
INFO: [ view_filter ] --START--
INFO: ContentReplace Behavior ::run [ RunTime:0.001979s ]
INFO: TokenBuild Behavior ::run [ RunTime:0.002815s ]
INFO: WriteHtmlCache Behavior ::run [ RunTime:0.001024s ]
INFO: ShowRuntime Behavior ::run [ RunTime:0.001281s ]
INFO: [ view_filter ] --END-- [ RunTime:0.007614s ]
INFO: [ view_end ] --START--
INFO: ShowPageTrace Behavior ::run [ RunTime:0.001379s ]
INFO: [ view_end ] --END-- [ RunTime:0.002102s ]

[ 2018-03-08T17:42:38+08:00 ] 127.0.0.1 /wish2/index.php/Admin/Login/verify
INFO: [ route_check ] --START--
INFO: CheckRoute Behavior ::run [ RunTime:0.002164s ]
INFO: [ route_check ] --END-- [ RunTime:0.002376s ]
NOTIC: [8] Use of undefined constant Group_NAME - assumed 'Group_NAME' F:\weblx\www\phptest\wish2\App\Modules\Admin\Conf\config.php 第 5 行.
INFO: [ app_begin ] --START--
INFO: ReadHtmlCache Behavior ::run [ RunTime:0.001274s ]
INFO: [ app_begin ] --END-- [ RunTime:0.001456s ]

[ 2018-03-08T17:43:12+08:00 ] 127.0.0.1 /wish2/index.php/Admin/Login/index
INFO: [ route_check ] --START--
INFO: CheckRoute Behavior ::run [ RunTime:0.001677s ]
INFO: [ route_check ] --END-- [ RunTime:0.001882s ]
NOTIC: [8] Use of undefined constant Group_NAME - assumed 'Group_NAME' F:\weblx\www\phptest\wish2\App\Modules\Admin\Conf\config.php 第 5 行.
INFO: [ app_begin ] --START--
INFO: ReadHtmlCache Behavior ::run [ RunTime:0.001252s ]
INFO: [ app_begin ] --END-- [ RunTime:0.001480s ]
INFO: [ view_parse ] --START--
INFO: ParseTemplate Behavior ::run [ RunTime:0.018133s ]
INFO: [ view_parse ] --END-- [ RunTime:0.018356s ]
INFO: [ view_filter ] --START--
INFO: ContentReplace Behavior ::run [ RunTime:0.001084s ]
INFO: TokenBuild Behavior ::run [ RunTime:0.001097s ]
INFO: WriteHtmlCache Behavior ::run [ RunTime:0.000912s ]
INFO: ShowRuntime Behavior ::run [ RunTime:0.001351s ]
INFO: [ view_filter ] --END-- [ RunTime:0.004899s ]
INFO: [ view_end ] --START--
INFO: ShowPageTrace Behavior ::run [ RunTime:0.001410s ]
INFO: [ view_end ] --END-- [ RunTime:0.001580s ]

[ 2018-03-08T17:43:12+08:00 ] 127.0.0.1 /wish2/index.php/Admin/Login/index
INFO: [ route_check ] --START--
INFO: CheckRoute Behavior ::run [ RunTime:0.001706s ]
INFO: [ route_check ] --END-- [ RunTime:0.001909s ]
NOTIC: [8] Use of undefined constant Group_NAME - assumed 'Group_NAME' F:\weblx\www\phptest\wish2\App\Modules\Admin\Conf\config.php 第 5 行.
INFO: [ app_begin ] --START--
INFO: ReadHtmlCache Behavior ::run [ RunTime:0.001152s ]
INFO: [ app_begin ] --END-- [ RunTime:0.001341s ]
INFO: [ view_parse ] --START--
INFO: ParseTemplate Behavior ::run [ RunTime:0.015129s ]
INFO: [ view_parse ] --END-- [ RunTime:0.015346s ]
INFO: [ view_filter ] --START--
INFO: ContentReplace Behavior ::run [ RunTime:0.000966s ]
INFO: TokenBuild Behavior ::run [ RunTime:0.000980s ]
INFO: WriteHtmlCache Behavior ::run [ RunTime:0.000730s ]
INFO: ShowRuntime Behavior ::run [ RunTime:0.001107s ]
INFO: [ view_filter ] --END-- [ RunTime:0.004236s ]
INFO: [ view_end ] --START--
INFO: ShowPageTrace Behavior ::run [ RunTime:0.001203s ]
INFO: [ view_end ] --END-- [ RunTime:0.001367s ]

[ 2018-03-08T17:43:12+08:00 ] 127.0.0.1 /wish2/index.php/Admin/Login/index
INFO: [ route_check ] --START--
INFO: CheckRoute Behavior ::run [ RunTime:0.001793s ]
INFO: [ route_check ] --END-- [ RunTime:0.002035s ]
NOTIC: [8] Use of undefined constant Group_NAME - assumed 'Group_NAME' F:\weblx\www\phptest\wish2\App\Modules\Admin\Conf\config.php 第 5 行.
INFO: [ app_begin ] --START--
INFO: ReadHtmlCache Behavior ::run [ RunTime:0.001422s ]
INFO: [ app_begin ] --END-- [ RunTime:0.001609s ]
INFO: [ view_parse ] --START--
INFO: ParseTemplate Behavior ::run [ RunTime:0.016711s ]
INFO: [ view_parse ] --END-- [ RunTime:0.016945s ]
INFO: [ view_filter ] --START--
INFO: ContentReplace Behavior ::run [ RunTime:0.001022s ]
INFO: TokenBuild Behavior ::run [ RunTime:0.001008s ]
INFO: WriteHtmlCache Behavior ::run [ RunTime:0.000772s ]
INFO: ShowRuntime Behavior ::run [ RunTime:0.001154s ]
INFO: [ view_filter ] --END-- [ RunTime:0.004409s ]
INFO: [ view_end ] --START--
INFO: ShowPageTrace Behavior ::run [ RunTime:0.001246s ]
INFO: [ view_end ] --END-- [ RunTime:0.001413s ]

[ 2018-03-08T17:43:12+08:00 ] 127.0.0.1 /wish2/index.php/Admin/Login/index
INFO: [ route_check ] --START--
INFO: CheckRoute Behavior ::run [ RunTime:0.001818s ]
INFO: [ route_check ] --END-- [ RunTime:0.002022s ]
NOTIC: [8] Use of undefined constant Group_NAME - assumed 'Group_NAME' F:\weblx\www\phptest\wish2\App\Modules\Admin\Conf\config.php 第 5 行.
INFO: [ app_begin ] --START--
INFO: ReadHtmlCache Behavior ::run [ RunTime:0.001394s ]
INFO: [ app_begin ] --END-- [ RunTime:0.001603s ]
INFO: [ view_parse ] --START--
INFO: ParseTemplate Behavior ::run [ RunTime:0.017998s ]
INFO: [ view_parse ] --END-- [ RunTime:0.018223s ]
INFO: [ view_filter ] --START--
INFO: ContentReplace Behavior ::run [ RunTime:0.001152s ]
INFO: TokenBuild Behavior ::run [ RunTime:0.001161s ]
INFO: WriteHtmlCache Behavior ::run [ RunTime:0.001000s ]
INFO: ShowRuntime Behavior ::run [ RunTime:0.001565s ]
INFO: [ view_filter ] --END-- [ RunTime:0.005397s ]
INFO: [ view_end ] --START--
INFO: ShowPageTrace Behavior ::run [ RunTime:0.001472s ]
INFO: [ view_end ] --END-- [ RunTime:0.001654s ]

[ 2018-03-08T17:43:15+08:00 ] 127.0.0.1 /wish2/index.php/Admin/Login/verify
INFO: [ route_check ] --START--
INFO: CheckRoute Behavior ::run [ RunTime:0.001655s ]
INFO: [ route_check ] --END-- [ RunTime:0.001856s ]
NOTIC: [8] Use of undefined constant Group_NAME - assumed 'Group_NAME' F:\weblx\www\phptest\wish2\App\Modules\Admin\Conf\config.php 第 5 行.
INFO: [ app_begin ] --START--
INFO: ReadHtmlCache Behavior ::run [ RunTime:0.001191s ]
INFO: [ app_begin ] --END-- [ RunTime:0.001365s ]

[ 2018-03-08T17:44:03+08:00 ] 127.0.0.1 /wish2/index.php/Admin/Login/index
INFO: [ route_check ] --START--
INFO: CheckRoute Behavior ::run [ RunTime:0.001684s ]
INFO: [ route_check ] --END-- [ RunTime:0.001896s ]
NOTIC: [8] Use of undefined constant Group_NAME - assumed 'Group_NAME' F:\weblx\www\phptest\wish2\App\Modules\Admin\Conf\config.php 第 5 行.
INFO: [ app_begin ] --START--
INFO: ReadHtmlCache Behavior ::run [ RunTime:0.001675s ]
INFO: [ app_begin ] --END-- [ RunTime:0.001928s ]
INFO: [ view_parse ] --START--
INFO: ParseTemplate Behavior ::run [ RunTime:0.016371s ]
INFO: [ view_parse ] --END-- [ RunTime:0.016923s ]
INFO: [ view_filter ] --START--
INFO: ContentReplace Behavior ::run [ RunTime:0.002414s ]
INFO: TokenBuild Behavior ::run [ RunTime:0.001223s ]
INFO: WriteHtmlCache Behavior ::run [ RunTime:0.000748s ]
INFO: ShowRuntime Behavior ::run [ RunTime:0.001103s ]
INFO: [ view_filter ] --END-- [ RunTime:0.006046s ]
INFO: [ view_end ] --START--
INFO: ShowPageTrace Behavior ::run [ RunTime:0.001457s ]
INFO: [ view_end ] --END-- [ RunTime:0.001631s ]

[ 2018-03-08T17:44:09+08:00 ] 127.0.0.1 /wish2/index.php/Admin/Login/index
INFO: [ route_check ] --START--
INFO: CheckRoute Behavior ::run [ RunTime:0.001354s ]
INFO: [ route_check ] --END-- [ RunTime:0.002873s ]
NOTIC: [8] Use of undefined constant Group_NAME - assumed 'Group_NAME' F:\weblx\www\phptest\wish2\App\Modules\Admin\Conf\config.php 第 5 行.
INFO: [ app_begin ] --START--
INFO: ReadHtmlCache Behavior ::run [ RunTime:0.001787s ]
INFO: [ app_begin ] --END-- [ RunTime:0.001975s ]
INFO: [ view_parse ] --START--
INFO: ParseTemplate Behavior ::run [ RunTime:0.019580s ]
INFO: [ view_parse ] --END-- [ RunTime:0.019798s ]
INFO: [ view_filter ] --START--
INFO: ContentReplace Behavior ::run [ RunTime:0.000779s ]
INFO: TokenBuild Behavior ::run [ RunTime:0.000768s ]
INFO: WriteHtmlCache Behavior ::run [ RunTime:0.000818s ]
INFO: ShowRuntime Behavior ::run [ RunTime:0.000909s ]
INFO: [ view_filter ] --END-- [ RunTime:0.003754s ]
INFO: [ view_end ] --START--
INFO: ShowPageTrace Behavior ::run [ RunTime:0.001035s ]
INFO: [ view_end ] --END-- [ RunTime:0.001200s ]

[ 2018-03-08T17:44:12+08:00 ] 127.0.0.1 /wish2/index.php/Admin/Login/verify
INFO: [ route_check ] --START--
INFO: CheckRoute Behavior ::run [ RunTime:0.001353s ]
INFO: [ route_check ] --END-- [ RunTime:0.001561s ]
NOTIC: [8] Use of undefined constant Group_NAME - assumed 'Group_NAME' F:\weblx\www\phptest\wish2\App\Modules\Admin\Conf\config.php 第 5 行.
INFO: [ app_begin ] --START--
INFO: ReadHtmlCache Behavior ::run [ RunTime:0.001414s ]
INFO: [ app_begin ] --END-- [ RunTime:0.001648s ]

[ 2018-03-08T17:44:21+08:00 ] 127.0.0.1 /wish2/index.php/Admin/Login/index
INFO: [ route_check ] --START--
INFO: CheckRoute Behavior ::run [ RunTime:0.001313s ]
INFO: [ route_check ] --END-- [ RunTime:0.001920s ]
NOTIC: [8] Use of undefined constant Group_NAME - assumed 'Group_NAME' F:\weblx\www\phptest\wish2\App\Modules\Admin\Conf\config.php 第 5 行.
INFO: [ app_begin ] --START--
INFO: ReadHtmlCache Behavior ::run [ RunTime:0.000990s ]
INFO: [ app_begin ] --END-- [ RunTime:0.001160s ]
INFO: [ view_parse ] --START--
INFO: ParseTemplate Behavior ::run [ RunTime:0.013876s ]
INFO: [ view_parse ] --END-- [ RunTime:0.014089s ]
INFO: [ view_filter ] --START--
INFO: ContentReplace Behavior ::run [ RunTime:0.000778s ]
INFO: TokenBuild Behavior ::run [ RunTime:0.000767s ]
INFO: WriteHtmlCache Behavior ::run [ RunTime:0.000554s ]
INFO: ShowRuntime Behavior ::run [ RunTime:0.000936s ]
INFO: [ view_filter ] --END-- [ RunTime:0.003525s ]
INFO: [ view_end ] --START--
INFO: ShowPageTrace Behavior ::run [ RunTime:0.001057s ]
INFO: [ view_end ] --END-- [ RunTime:0.001239s ]

[ 2018-03-08T17:44:24+08:00 ] 127.0.0.1 /wish2/index.php/Admin/Login/verify
INFO: [ route_check ] --START--
INFO: CheckRoute Behavior ::run [ RunTime:0.001483s ]
INFO: [ route_check ] --END-- [ RunTime:0.001694s ]
NOTIC: [8] Use of undefined constant Group_NAME - assumed 'Group_NAME' F:\weblx\www\phptest\wish2\App\Modules\Admin\Conf\config.php 第 5 行.
INFO: [ app_begin ] --START--
INFO: ReadHtmlCache Behavior ::run [ RunTime:0.000959s ]
INFO: [ app_begin ] --END-- [ RunTime:0.001132s ]

[ 2018-03-08T17:44:28+08:00 ] 127.0.0.1 /wish2/index.php/Admin/Login/index
INFO: [ route_check ] --START--
INFO: CheckRoute Behavior ::run [ RunTime:0.001274s ]
INFO: [ route_check ] --END-- [ RunTime:0.001479s ]
NOTIC: [8] Use of undefined constant Group_NAME - assumed 'Group_NAME' F:\weblx\www\phptest\wish2\App\Modules\Admin\Conf\config.php 第 5 行.
INFO: [ app_begin ] --START--
INFO: ReadHtmlCache Behavior ::run [ RunTime:0.001133s ]
INFO: [ app_begin ] --END-- [ RunTime:0.001311s ]
INFO: [ view_parse ] --START--
INFO: ParseTemplate Behavior ::run [ RunTime:0.019758s ]
INFO: [ view_parse ] --END-- [ RunTime:0.019973s ]
INFO: [ view_filter ] --START--
INFO: ContentReplace Behavior ::run [ RunTime:0.001090s ]
INFO: TokenBuild Behavior ::run [ RunTime:0.001103s ]
INFO: WriteHtmlCache Behavior ::run [ RunTime:0.000924s ]
INFO: ShowRuntime Behavior ::run [ RunTime:0.001591s ]
INFO: [ view_filter ] --END-- [ RunTime:0.005198s ]
INFO: [ view_end ] --START--
INFO: ShowPageTrace Behavior ::run [ RunTime:0.001476s ]
INFO: [ view_end ] --END-- [ RunTime:0.001651s ]

[ 2018-03-08T17:44:28+08:00 ] 127.0.0.1 /wish2/index.php/Admin/Login/index
INFO: [ route_check ] --START--
INFO: CheckRoute Behavior ::run [ RunTime:0.001331s ]
INFO: [ route_check ] --END-- [ RunTime:0.001551s ]
NOTIC: [8] Use of undefined constant Group_NAME - assumed 'Group_NAME' F:\weblx\www\phptest\wish2\App\Modules\Admin\Conf\config.php 第 5 行.
INFO: [ app_begin ] --START--
INFO: ReadHtmlCache Behavior ::run [ RunTime:0.001271s ]
INFO: [ app_begin ] --END-- [ RunTime:0.001452s ]
INFO: [ view_parse ] --START--
INFO: ParseTemplate Behavior ::run [ RunTime:0.013656s ]
INFO: [ view_parse ] --END-- [ RunTime:0.013876s ]
INFO: [ view_filter ] --START--
INFO: ContentReplace Behavior ::run [ RunTime:0.000740s ]
INFO: TokenBuild Behavior ::run [ RunTime:0.000797s ]
INFO: WriteHtmlCache Behavior ::run [ RunTime:0.000694s ]
INFO: ShowRuntime Behavior ::run [ RunTime:0.000948s ]
INFO: [ view_filter ] --END-- [ RunTime:0.003946s ]
INFO: [ view_end ] --START--
INFO: ShowPageTrace Behavior ::run [ RunTime:0.001050s ]
INFO: [ view_end ] --END-- [ RunTime:0.001218s ]

[ 2018-03-08T17:44:28+08:00 ] 127.0.0.1 /wish2/index.php/Admin/Login/index
INFO: [ route_check ] --START--
INFO: CheckRoute Behavior ::run [ RunTime:0.001417s ]
INFO: [ route_check ] --END-- [ RunTime:0.001621s ]
NOTIC: [8] Use of undefined constant Group_NAME - assumed 'Group_NAME' F:\weblx\www\phptest\wish2\App\Modules\Admin\Conf\config.php 第 5 行.
INFO: [ app_begin ] --START--
INFO: ReadHtmlCache Behavior ::run [ RunTime:0.000981s ]
INFO: [ app_begin ] --END-- [ RunTime:0.001153s ]
INFO: [ view_parse ] --START--
INFO: ParseTemplate Behavior ::run [ RunTime:0.013233s ]
INFO: [ view_parse ] --END-- [ RunTime:0.013441s ]
INFO: [ view_filter ] --START--
INFO: ContentReplace Behavior ::run [ RunTime:0.000769s ]
INFO: TokenBuild Behavior ::run [ RunTime:0.000773s ]
INFO: WriteHtmlCache Behavior ::run [ RunTime:0.000599s ]
INFO: ShowRuntime Behavior ::run [ RunTime:0.001219s ]
INFO: [ view_filter ] --END-- [ RunTime:0.003817s ]
INFO: [ view_end ] --START--
INFO: ShowPageTrace Behavior ::run [ RunTime:0.001032s ]
INFO: [ view_end ] --END-- [ RunTime:0.001199s ]

[ 2018-03-08T17:44:28+08:00 ] 127.0.0.1 /wish2/index.php/Admin/Login/index
INFO: [ route_check ] --START--
INFO: CheckRoute Behavior ::run [ RunTime:0.001652s ]
INFO: [ route_check ] --END-- [ RunTime:0.001861s ]
NOTIC: [8] Use of undefined constant Group_NAME - assumed 'Group_NAME' F:\weblx\www\phptest\wish2\App\Modules\Admin\Conf\config.php 第 5 行.
INFO: [ app_begin ] --START--
INFO: ReadHtmlCache Behavior ::run [ RunTime:0.001303s ]
INFO: [ app_begin ] --END-- [ RunTime:0.001487s ]
INFO: [ view_parse ] --START--
INFO: ParseTemplate Behavior ::run [ RunTime:0.018178s ]
INFO: [ view_parse ] --END-- [ RunTime:0.018394s ]
INFO: [ view_filter ] --START--
INFO: ContentReplace Behavior ::run [ RunTime:0.001124s ]
INFO: TokenBuild Behavior ::run [ RunTime:0.001121s ]
INFO: WriteHtmlCache Behavior ::run [ RunTime:0.000922s ]
INFO: ShowRuntime Behavior ::run [ RunTime:0.001326s ]
INFO: [ view_filter ] --END-- [ RunTime:0.004952s ]
INFO: [ view_end ] --START--
INFO: ShowPageTrace Behavior ::run [ RunTime:0.001357s ]
INFO: [ view_end ] --END-- [ RunTime:0.001596s ]

[ 2018-03-08T17:44:29+08:00 ] 127.0.0.1 /wish2/index.php/Admin/Login/index
INFO: [ route_check ] --START--
INFO: CheckRoute Behavior ::run [ RunTime:0.001300s ]
INFO: [ route_check ] --END-- [ RunTime:0.001510s ]
NOTIC: [8] Use of undefined constant Group_NAME - assumed 'Group_NAME' F:\weblx\www\phptest\wish2\App\Modules\Admin\Conf\config.php 第 5 行.
INFO: [ app_begin ] --START--
INFO: ReadHtmlCache Behavior ::run [ RunTime:0.000977s ]
INFO: [ app_begin ] --END-- [ RunTime:0.001157s ]
INFO: [ view_parse ] --START--
INFO: ParseTemplate Behavior ::run [ RunTime:0.015034s ]
INFO: [ view_parse ] --END-- [ RunTime:0.015337s ]
INFO: [ view_filter ] --START--
INFO: ContentReplace Behavior ::run [ RunTime:0.000820s ]
INFO: TokenBuild Behavior ::run [ RunTime:0.000887s ]
INFO: WriteHtmlCache Behavior ::run [ RunTime:0.000569s ]
INFO: ShowRuntime Behavior ::run [ RunTime:0.000979s ]
INFO: [ view_filter ] --END-- [ RunTime:0.003719s ]
INFO: [ view_end ] --START--
INFO: ShowPageTrace Behavior ::run [ RunTime:0.001049s ]
INFO: [ view_end ] --END-- [ RunTime:0.001226s ]

[ 2018-03-08T17:44:29+08:00 ] 127.0.0.1 /wish2/index.php/Admin/Login/index
INFO: [ route_check ] --START--
INFO: CheckRoute Behavior ::run [ RunTime:0.001287s ]
INFO: [ route_check ] --END-- [ RunTime:0.001500s ]
NOTIC: [8] Use of undefined constant Group_NAME - assumed 'Group_NAME' F:\weblx\www\phptest\wish2\App\Modules\Admin\Conf\config.php 第 5 行.
INFO: [ app_begin ] --START--
INFO: ReadHtmlCache Behavior ::run [ RunTime:0.001004s ]
INFO: [ app_begin ] --END-- [ RunTime:0.001174s ]
INFO: [ view_parse ] --START--
INFO: ParseTemplate Behavior ::run [ RunTime:0.019755s ]
INFO: [ view_parse ] --END-- [ RunTime:0.020000s ]
INFO: [ view_filter ] --START--
INFO: ContentReplace Behavior ::run [ RunTime:0.001202s ]
INFO: TokenBuild Behavior ::run [ RunTime:0.001062s ]
INFO: WriteHtmlCache Behavior ::run [ RunTime:0.000889s ]
INFO: ShowRuntime Behavior ::run [ RunTime:0.001306s ]
INFO: [ view_filter ] --END-- [ RunTime:0.004930s ]
INFO: [ view_end ] --START--
INFO: ShowPageTrace Behavior ::run [ RunTime:0.001392s ]
INFO: [ view_end ] --END-- [ RunTime:0.001572s ]

[ 2018-03-08T17:44:32+08:00 ] 127.0.0.1 /wish2/index.php/Admin/Login/verify
INFO: [ route_check ] --START--
INFO: CheckRoute Behavior ::run [ RunTime:0.001683s ]
INFO: [ route_check ] --END-- [ RunTime:0.001896s ]
NOTIC: [8] Use of undefined constant Group_NAME - assumed 'Group_NAME' F:\weblx\www\phptest\wish2\App\Modules\Admin\Conf\config.php 第 5 行.
INFO: [ app_begin ] --START--
INFO: ReadHtmlCache Behavior ::run [ RunTime:0.001492s ]
INFO: [ app_begin ] --END-- [ RunTime:0.001669s ]

[ 2018-03-08T17:44:42+08:00 ] 127.0.0.1 /wish2/index.php/Admin/Login/index
INFO: [ route_check ] --START--
INFO: CheckRoute Behavior ::run [ RunTime:0.001925s ]
INFO: [ route_check ] --END-- [ RunTime:0.002171s ]
NOTIC: [8] Use of undefined constant Group_NAME - assumed 'Group_NAME' F:\weblx\www\phptest\wish2\App\Modules\Admin\Conf\config.php 第 5 行.
INFO: [ app_begin ] --START--
INFO: ReadHtmlCache Behavior ::run [ RunTime:0.001354s ]
INFO: [ app_begin ] --END-- [ RunTime:0.001531s ]
INFO: [ view_parse ] --START--
INFO: ParseTemplate Behavior ::run [ RunTime:0.016764s ]
INFO: [ view_parse ] --END-- [ RunTime:0.016984s ]
INFO: [ view_filter ] --START--
INFO: ContentReplace Behavior ::run [ RunTime:0.001121s ]
INFO: TokenBuild Behavior ::run [ RunTime:0.001167s ]
INFO: WriteHtmlCache Behavior ::run [ RunTime:0.000926s ]
INFO: ShowRuntime Behavior ::run [ RunTime:0.001326s ]
INFO: [ view_filter ] --END-- [ RunTime:0.005021s ]
INFO: [ view_end ] --START--
INFO: ShowPageTrace Behavior ::run [ RunTime:0.001439s ]
INFO: [ view_end ] --END-- [ RunTime:0.001606s ]

[ 2018-03-08T17:44:45+08:00 ] 127.0.0.1 /wish2/index.php/Admin/Login/verify
INFO: [ route_check ] --START--
INFO: CheckRoute Behavior ::run [ RunTime:0.001589s ]
INFO: [ route_check ] --END-- [ RunTime:0.001840s ]
NOTIC: [8] Use of undefined constant Group_NAME - assumed 'Group_NAME' F:\weblx\www\phptest\wish2\App\Modules\Admin\Conf\config.php 第 5 行.
INFO: [ app_begin ] --START--
INFO: ReadHtmlCache Behavior ::run [ RunTime:0.002463s ]
INFO: [ app_begin ] --END-- [ RunTime:0.002651s ]

[ 2018-03-08T17:45:01+08:00 ] 127.0.0.1 /wish2/index.php/Admin/Login/index
INFO: [ route_check ] --START--
INFO: CheckRoute Behavior ::run [ RunTime:0.001944s ]
INFO: [ route_check ] --END-- [ RunTime:0.002166s ]
NOTIC: [8] Use of undefined constant Group_NAME - assumed 'Group_NAME' F:\weblx\www\phptest\wish2\App\Modules\Admin\Conf\config.php 第 5 行.
INFO: [ app_begin ] --START--
INFO: ReadHtmlCache Behavior ::run [ RunTime:0.001388s ]
INFO: [ app_begin ] --END-- [ RunTime:0.001573s ]
INFO: [ view_parse ] --START--
INFO: ParseTemplate Behavior ::run [ RunTime:0.023704s ]
INFO: [ view_parse ] --END-- [ RunTime:0.023922s ]
INFO: [ view_filter ] --START--
INFO: ContentReplace Behavior ::run [ RunTime:0.001134s ]
INFO: TokenBuild Behavior ::run [ RunTime:0.001311s ]
INFO: WriteHtmlCache Behavior ::run [ RunTime:0.001416s ]
INFO: ShowRuntime Behavior ::run [ RunTime:0.001278s ]
INFO: [ view_filter ] --END-- [ RunTime:0.005750s ]
INFO: [ view_end ] --START--
INFO: ShowPageTrace Behavior ::run [ RunTime:0.001317s ]
INFO: [ view_end ] --END-- [ RunTime:0.001487s ]

[ 2018-03-08T17:45:05+08:00 ] 127.0.0.1 /wish2/index.php/Admin/Login/verify
INFO: [ route_check ] --START--
INFO: CheckRoute Behavior ::run [ RunTime:0.001400s ]
INFO: [ route_check ] --END-- [ RunTime:0.001632s ]
NOTIC: [8] Use of undefined constant Group_NAME - assumed 'Group_NAME' F:\weblx\www\phptest\wish2\App\Modules\Admin\Conf\config.php 第 5 行.
INFO: [ app_begin ] --START--
INFO: ReadHtmlCache Behavior ::run [ RunTime:0.001203s ]
INFO: [ app_begin ] --END-- [ RunTime:0.001481s ]

[ 2018-03-08T17:45:23+08:00 ] 127.0.0.1 /wish2/index.php/Admin/Login/login
INFO: [ route_check ] --START--
INFO: CheckRoute Behavior ::run [ RunTime:0.001724s ]
INFO: [ route_check ] --END-- [ RunTime:0.001973s ]
NOTIC: [8] Use of undefined constant Group_NAME - assumed 'Group_NAME' F:\weblx\www\phptest\wish2\App\Modules\Admin\Conf\config.php 第 5 行.
INFO: [ app_begin ] --START--
INFO: ReadHtmlCache Behavior ::run [ RunTime:0.001239s ]
INFO: [ app_begin ] --END-- [ RunTime:0.001417s ]
SQL: SHOW COLUMNS FROM `hd_user` [ RunTime:0.173676s ]
SQL: SELECT * FROM `hd_user` WHERE ( `username` = 'admin' ) LIMIT 1   [ RunTime:0.001147s ]
INFO: [ view_parse ] --START--
INFO: ParseTemplate Behavior ::run [ RunTime:0.028325s ]
INFO: [ view_parse ] --END-- [ RunTime:0.028546s ]
INFO: [ view_filter ] --START--
INFO: ContentReplace Behavior ::run [ RunTime:0.001145s ]
INFO: TokenBuild Behavior ::run [ RunTime:0.001143s ]
INFO: WriteHtmlCache Behavior ::run [ RunTime:0.000946s ]
INFO: ShowRuntime Behavior ::run [ RunTime:0.001301s ]
INFO: [ view_filter ] --END-- [ RunTime:0.005130s ]
INFO: [ view_end ] --START--
INFO: ShowPageTrace Behavior ::run [ RunTime:0.001375s ]
INFO: [ view_end ] --END-- [ RunTime:0.001543s ]

[ 2018-03-08T17:45:52+08:00 ] 127.0.0.1 /wish2/index.php/Admin/Login/index
INFO: [ route_check ] --START--
INFO: CheckRoute Behavior ::run [ RunTime:0.001742s ]
INFO: [ route_check ] --END-- [ RunTime:0.001949s ]
NOTIC: [8] Use of undefined constant Group_NAME - assumed 'Group_NAME' F:\weblx\www\phptest\wish2\App\Modules\Admin\Conf\config.php 第 5 行.
INFO: [ app_begin ] --START--
INFO: ReadHtmlCache Behavior ::run [ RunTime:0.001167s ]
INFO: [ app_begin ] --END-- [ RunTime:0.001343s ]
INFO: [ view_parse ] --START--
INFO: ParseTemplate Behavior ::run [ RunTime:0.014704s ]
INFO: [ view_parse ] --END-- [ RunTime:0.014987s ]
INFO: [ view_filter ] --START--
INFO: ContentReplace Behavior ::run [ RunTime:0.000926s ]
INFO: TokenBuild Behavior ::run [ RunTime:0.000957s ]
INFO: WriteHtmlCache Behavior ::run [ RunTime:0.000731s ]
INFO: ShowRuntime Behavior ::run [ RunTime:0.001125s ]
INFO: [ view_filter ] --END-- [ RunTime:0.004203s ]
INFO: [ view_end ] --START--
INFO: ShowPageTrace Behavior ::run [ RunTime:0.001253s ]
INFO: [ view_end ] --END-- [ RunTime:0.001421s ]

[ 2018-03-08T17:45:57+08:00 ] 127.0.0.1 /wish2/index.php/Admin/Login/index
INFO: [ route_check ] --START--
INFO: CheckRoute Behavior ::run [ RunTime:0.001801s ]
INFO: [ route_check ] --END-- [ RunTime:0.002432s ]
NOTIC: [8] Use of undefined constant Group_NAME - assumed 'Group_NAME' F:\weblx\www\phptest\wish2\App\Modules\Admin\Conf\config.php 第 5 行.
INFO: [ app_begin ] --START--
INFO: ReadHtmlCache Behavior ::run [ RunTime:0.001161s ]
INFO: [ app_begin ] --END-- [ RunTime:0.001337s ]
INFO: [ view_parse ] --START--
INFO: ParseTemplate Behavior ::run [ RunTime:0.012840s ]
INFO: [ view_parse ] --END-- [ RunTime:0.013093s ]
INFO: [ view_filter ] --START--
INFO: ContentReplace Behavior ::run [ RunTime:0.000739s ]
INFO: TokenBuild Behavior ::run [ RunTime:0.000795s ]
INFO: WriteHtmlCache Behavior ::run [ RunTime:0.000611s ]
INFO: ShowRuntime Behavior ::run [ RunTime:0.000942s ]
INFO: [ view_filter ] --END-- [ RunTime:0.003642s ]
INFO: [ view_end ] --START--
INFO: ShowPageTrace Behavior ::run [ RunTime:0.001127s ]
INFO: [ view_end ] --END-- [ RunTime:0.001314s ]

[ 2018-03-08T17:46:01+08:00 ] 127.0.0.1 /wish2/index.php/Admin/Login/verify
INFO: [ route_check ] --START--
INFO: CheckRoute Behavior ::run [ RunTime:0.001643s ]
INFO: [ route_check ] --END-- [ RunTime:0.001849s ]
NOTIC: [8] Use of undefined constant Group_NAME - assumed 'Group_NAME' F:\weblx\www\phptest\wish2\App\Modules\Admin\Conf\config.php 第 5 行.
INFO: [ app_begin ] --START--
INFO: ReadHtmlCache Behavior ::run [ RunTime:0.001341s ]
INFO: [ app_begin ] --END-- [ RunTime:0.001514s ]

[ 2018-03-08T17:47:17+08:00 ] 127.0.0.1 /wish2/index.php/Admin/Login/index
INFO: [ route_check ] --START--
INFO: CheckRoute Behavior ::run [ RunTime:0.002461s ]
INFO: [ route_check ] --END-- [ RunTime:0.002681s ]
INFO: [ app_begin ] --START--
INFO: ReadHtmlCache Behavior ::run [ RunTime:0.000996s ]
INFO: [ app_begin ] --END-- [ RunTime:0.001199s ]
INFO: [ view_parse ] --START--
INFO: ParseTemplate Behavior ::run [ RunTime:0.016396s ]
INFO: [ view_parse ] --END-- [ RunTime:0.016613s ]
INFO: [ view_filter ] --START--
INFO: ContentReplace Behavior ::run [ RunTime:0.001126s ]
INFO: TokenBuild Behavior ::run [ RunTime:0.001103s ]
INFO: WriteHtmlCache Behavior ::run [ RunTime:0.001853s ]
INFO: ShowRuntime Behavior ::run [ RunTime:0.001440s ]
INFO: [ view_filter ] --END-- [ RunTime:0.007473s ]
INFO: [ view_end ] --START--
INFO: ShowPageTrace Behavior ::run [ RunTime:0.001391s ]
INFO: [ view_end ] --END-- [ RunTime:0.001560s ]

[ 2018-03-08T17:47:24+08:00 ] 127.0.0.1 /wish2/index.php/Admin/Login/index
INFO: [ route_check ] --START--
INFO: CheckRoute Behavior ::run [ RunTime:0.001339s ]
INFO: [ route_check ] --END-- [ RunTime:0.001550s ]
INFO: [ app_begin ] --START--
INFO: ReadHtmlCache Behavior ::run [ RunTime:0.001038s ]
INFO: [ app_begin ] --END-- [ RunTime:0.001214s ]
INFO: [ view_parse ] --START--
INFO: ParseTemplate Behavior ::run [ RunTime:0.016578s ]
INFO: [ view_parse ] --END-- [ RunTime:0.016886s ]
INFO: [ view_filter ] --START--
INFO: ContentReplace Behavior ::run [ RunTime:0.001059s ]
INFO: TokenBuild Behavior ::run [ RunTime:0.001339s ]
INFO: WriteHtmlCache Behavior ::run [ RunTime:0.000933s ]
INFO: ShowRuntime Behavior ::run [ RunTime:0.001356s ]
INFO: [ view_filter ] --END-- [ RunTime:0.005160s ]
INFO: [ view_end ] --START--
INFO: ShowPageTrace Behavior ::run [ RunTime:0.001485s ]
INFO: [ view_end ] --END-- [ RunTime:0.001659s ]

[ 2018-03-08T17:47:28+08:00 ] 127.0.0.1 /wish2/index.php/Admin/Login/verify
INFO: [ route_check ] --START--
INFO: CheckRoute Behavior ::run [ RunTime:0.002314s ]
INFO: [ route_check ] --END-- [ RunTime:0.002530s ]
INFO: [ app_begin ] --START--
INFO: ReadHtmlCache Behavior ::run [ RunTime:0.001487s ]
INFO: [ app_begin ] --END-- [ RunTime:0.001685s ]

[ 2018-03-08T17:47:37+08:00 ] 127.0.0.1 /wish2/index.php/Admin/Login/login
INFO: [ route_check ] --START--
INFO: CheckRoute Behavior ::run [ RunTime:0.001617s ]
INFO: [ route_check ] --END-- [ RunTime:0.001854s ]
INFO: [ app_begin ] --START--
INFO: ReadHtmlCache Behavior ::run [ RunTime:0.001981s ]
INFO: [ app_begin ] --END-- [ RunTime:0.002165s ]
SQL: SHOW COLUMNS FROM `hd_user` [ RunTime:0.007467s ]
SQL: SELECT * FROM `hd_user` WHERE ( `username` = 'admin' ) LIMIT 1   [ RunTime:0.000491s ]
SQL: UPDATE `hd_user` SET `logintime`=1520502457,`loginip`='127.0.0.1' WHERE ( `id` = 1 ) [ RunTime:0.106974s ]

[ 2018-03-08T17:47:39+08:00 ] 127.0.0.1 /wish2/index.php/Admin/Index/index
INFO: [ route_check ] --START--
INFO: CheckRoute Behavior ::run [ RunTime:0.001822s ]
INFO: [ route_check ] --END-- [ RunTime:0.002041s ]
INFO: [ app_begin ] --START--
INFO: ReadHtmlCache Behavior ::run [ RunTime:0.001377s ]
INFO: [ app_begin ] --END-- [ RunTime:0.001595s ]
INFO: [ view_parse ] --START--
INFO: ParseTemplate Behavior ::run [ RunTime:0.024222s ]
INFO: [ view_parse ] --END-- [ RunTime:0.024459s ]
INFO: [ view_filter ] --START--
INFO: ContentReplace Behavior ::run [ RunTime:0.001213s ]
INFO: TokenBuild Behavior ::run [ RunTime:0.001133s ]
INFO: WriteHtmlCache Behavior ::run [ RunTime:0.000892s ]
INFO: ShowRuntime Behavior ::run [ RunTime:0.001267s ]
INFO: [ view_filter ] --END-- [ RunTime:0.004990s ]
INFO: [ view_end ] --START--
INFO: ShowPageTrace Behavior ::run [ RunTime:0.001425s ]
INFO: [ view_end ] --END-- [ RunTime:0.001597s ]

[ 2018-03-08T18:30:46+08:00 ] 127.0.0.1 /wish2/index.php/Admin/MsgManage/index
INFO: [ route_check ] --START--
INFO: CheckRoute Behavior ::run [ RunTime:0.005922s ]
INFO: [ route_check ] --END-- [ RunTime:0.006201s ]
INFO: [ app_begin ] --START--
INFO: ReadHtmlCache Behavior ::run [ RunTime:0.004791s ]
INFO: [ app_begin ] --END-- [ RunTime:0.005011s ]

[ 2018-03-08T18:30:49+08:00 ] 127.0.0.1 /wish2/index.php/Admin/Login/index
INFO: [ route_check ] --START--
INFO: CheckRoute Behavior ::run [ RunTime:0.002033s ]
INFO: [ route_check ] --END-- [ RunTime:0.002278s ]
INFO: [ app_begin ] --START--
INFO: ReadHtmlCache Behavior ::run [ RunTime:0.001614s ]
INFO: [ app_begin ] --END-- [ RunTime:0.001825s ]
INFO: [ view_parse ] --START--
INFO: ParseTemplate Behavior ::run [ RunTime:0.027275s ]
INFO: [ view_parse ] --END-- [ RunTime:0.027508s ]
INFO: [ view_filter ] --START--
INFO: ContentReplace Behavior ::run [ RunTime:0.001193s ]
INFO: TokenBuild Behavior ::run [ RunTime:0.001173s ]
INFO: WriteHtmlCache Behavior ::run [ RunTime:0.000949s ]
INFO: ShowRuntime Behavior ::run [ RunTime:0.001264s ]
INFO: [ view_filter ] --END-- [ RunTime:0.005366s ]
INFO: [ view_end ] --START--
INFO: ShowPageTrace Behavior ::run [ RunTime:0.002140s ]
INFO: [ view_end ] --END-- [ RunTime:0.002319s ]

[ 2018-03-08T18:30:52+08:00 ] 127.0.0.1 /wish2/index.php/Admin/Login/verify
INFO: [ route_check ] --START--
INFO: CheckRoute Behavior ::run [ RunTime:0.002126s ]
INFO: [ route_check ] --END-- [ RunTime:0.002341s ]
INFO: [ app_begin ] --START--
INFO: ReadHtmlCache Behavior ::run [ RunTime:0.001191s ]
INFO: [ app_begin ] --END-- [ RunTime:0.001372s ]

[ 2018-03-08T18:32:02+08:00 ] 127.0.0.1 /wish2/index.php/Admin/Index/index
INFO: [ route_check ] --START--
INFO: CheckRoute Behavior ::run [ RunTime:0.001362s ]
INFO: [ route_check ] --END-- [ RunTime:0.001588s ]
INFO: [ app_begin ] --START--
INFO: ReadHtmlCache Behavior ::run [ RunTime:0.001166s ]
INFO: [ app_begin ] --END-- [ RunTime:0.001953s ]

[ 2018-03-08T18:32:04+08:00 ] 127.0.0.1 /wish2/index.php/Admin/Login/index
INFO: [ route_check ] --START--
INFO: CheckRoute Behavior ::run [ RunTime:0.001373s ]
INFO: [ route_check ] --END-- [ RunTime:0.001583s ]
INFO: [ app_begin ] --START--
INFO: ReadHtmlCache Behavior ::run [ RunTime:0.001057s ]
INFO: [ app_begin ] --END-- [ RunTime:0.001232s ]
INFO: [ view_parse ] --START--
INFO: ParseTemplate Behavior ::run [ RunTime:0.018915s ]
INFO: [ view_parse ] --END-- [ RunTime:0.019136s ]
INFO: [ view_filter ] --START--
INFO: ContentReplace Behavior ::run [ RunTime:0.001243s ]
INFO: TokenBuild Behavior ::run [ RunTime:0.001141s ]
INFO: WriteHtmlCache Behavior ::run [ RunTime:0.000978s ]
INFO: ShowRuntime Behavior ::run [ RunTime:0.001378s ]
INFO: [ view_filter ] --END-- [ RunTime:0.005388s ]
INFO: [ view_end ] --START--
INFO: ShowPageTrace Behavior ::run [ RunTime:0.001414s ]
INFO: [ view_end ] --END-- [ RunTime:0.001586s ]

[ 2018-03-08T18:32:07+08:00 ] 127.0.0.1 /wish2/index.php/Admin/Login/verify
INFO: [ route_check ] --START--
INFO: CheckRoute Behavior ::run [ RunTime:0.001348s ]
INFO: [ route_check ] --END-- [ RunTime:0.001652s ]
INFO: [ app_begin ] --START--
INFO: ReadHtmlCache Behavior ::run [ RunTime:0.001057s ]
INFO: [ app_begin ] --END-- [ RunTime:0.001231s ]

[ 2018-03-08T18:32:15+08:00 ] 127.0.0.1 /wish2/index.php/Admin/Login/login
INFO: [ route_check ] --START--
INFO: CheckRoute Behavior ::run [ RunTime:0.001492s ]
INFO: [ route_check ] --END-- [ RunTime:0.001714s ]
INFO: [ app_begin ] --START--
INFO: ReadHtmlCache Behavior ::run [ RunTime:0.001062s ]
INFO: [ app_begin ] --END-- [ RunTime:0.001276s ]
SQL: SHOW COLUMNS FROM `hd_user` [ RunTime:0.007849s ]
SQL: SELECT * FROM `hd_user` WHERE ( `username` = 'admin' ) LIMIT 1   [ RunTime:0.000642s ]
SQL: UPDATE `hd_user` SET `logintime`=1520505135,`loginip`='127.0.0.1' WHERE ( `id` = 1 ) [ RunTime:0.000597s ]

[ 2018-03-08T18:32:17+08:00 ] 127.0.0.1 /wish2/index.php/Admin/Index/index
INFO: [ route_check ] --START--
INFO: CheckRoute Behavior ::run [ RunTime:0.001454s ]
INFO: [ route_check ] --END-- [ RunTime:0.001665s ]
INFO: [ app_begin ] --START--
INFO: ReadHtmlCache Behavior ::run [ RunTime:0.001115s ]
INFO: [ app_begin ] --END-- [ RunTime:0.001291s ]
INFO: [ view_parse ] --START--
INFO: ParseTemplate Behavior ::run [ RunTime:0.018036s ]
INFO: [ view_parse ] --END-- [ RunTime:0.018251s ]
INFO: [ view_filter ] --START--
INFO: ContentReplace Behavior ::run [ RunTime:0.001102s ]
INFO: TokenBuild Behavior ::run [ RunTime:0.001047s ]
INFO: WriteHtmlCache Behavior ::run [ RunTime:0.000915s ]
INFO: ShowRuntime Behavior ::run [ RunTime:0.001682s ]
INFO: [ view_filter ] --END-- [ RunTime:0.005240s ]
INFO: [ view_end ] --START--
INFO: ShowPageTrace Behavior ::run [ RunTime:0.001510s ]
INFO: [ view_end ] --END-- [ RunTime:0.001745s ]

[ 2018-03-08T18:32:24+08:00 ] 127.0.0.1 /wish2/index.php/Admin/MsgManage/index
INFO: [ route_check ] --START--
INFO: CheckRoute Behavior ::run [ RunTime:0.002113s ]
INFO: [ route_check ] --END-- [ RunTime:0.002334s ]
INFO: [ app_begin ] --START--
INFO: ReadHtmlCache Behavior ::run [ RunTime:0.001294s ]
INFO: [ app_begin ] --END-- [ RunTime:0.001545s ]
SQL: SHOW COLUMNS FROM `hd_wish` [ RunTime:0.007597s ]
SQL: SELECT COUNT(*) AS tp_count FROM `hd_wish` LIMIT 1   [ RunTime:0.172847s ]
SQL: SELECT * FROM `hd_wish` ORDER BY time DESC LIMIT 0,10   [ RunTime:0.030739s ]
INFO: [ view_parse ] --START--
INFO: ParseTemplate Behavior ::run [ RunTime:0.035780s ]
INFO: [ view_parse ] --END-- [ RunTime:0.036005s ]
INFO: [ view_filter ] --START--
INFO: ContentReplace Behavior ::run [ RunTime:0.001176s ]
INFO: TokenBuild Behavior ::run [ RunTime:0.001172s ]
INFO: WriteHtmlCache Behavior ::run [ RunTime:0.000878s ]
INFO: ShowRuntime Behavior ::run [ RunTime:0.001278s ]
INFO: [ view_filter ] --END-- [ RunTime:0.005006s ]
INFO: [ view_end ] --START--
INFO: ShowPageTrace Behavior ::run [ RunTime:0.001393s ]
INFO: [ view_end ] --END-- [ RunTime:0.001565s ]

[ 2018-03-08T18:32:31+08:00 ] 127.0.0.1 /wish2/index.php/Admin/MsgManage/index
INFO: [ route_check ] --START--
INFO: CheckRoute Behavior ::run [ RunTime:0.001279s ]
INFO: [ route_check ] --END-- [ RunTime:0.001488s ]
INFO: [ app_begin ] --START--
INFO: ReadHtmlCache Behavior ::run [ RunTime:0.001020s ]
INFO: [ app_begin ] --END-- [ RunTime:0.001195s ]
SQL: SHOW COLUMNS FROM `hd_wish` [ RunTime:0.015155s ]
SQL: SELECT COUNT(*) AS tp_count FROM `hd_wish` LIMIT 1   [ RunTime:0.000286s ]
SQL: SELECT * FROM `hd_wish` ORDER BY time DESC LIMIT 0,10   [ RunTime:0.000377s ]
INFO: [ view_parse ] --START--
INFO: ParseTemplate Behavior ::run [ RunTime:0.022473s ]
INFO: [ view_parse ] --END-- [ RunTime:0.022789s ]
INFO: [ view_filter ] --START--
INFO: ContentReplace Behavior ::run [ RunTime:0.001112s ]
INFO: TokenBuild Behavior ::run [ RunTime:0.001038s ]
INFO: WriteHtmlCache Behavior ::run [ RunTime:0.000880s ]
INFO: ShowRuntime Behavior ::run [ RunTime:0.001256s ]
INFO: [ view_filter ] --END-- [ RunTime:0.004775s ]
INFO: [ view_end ] --START--
INFO: ShowPageTrace Behavior ::run [ RunTime:0.001361s ]
INFO: [ view_end ] --END-- [ RunTime:0.001531s ]

[ 2018-03-08T19:39:12+08:00 ] 127.0.0.1 /wish2/
INFO: [ app_begin ] --START--
INFO: ReadHtmlCache Behavior ::run [ RunTime:0.002492s ]
INFO: [ app_begin ] --END-- [ RunTime:0.024068s ]
SQL: SHOW COLUMNS FROM `hd_wish` [ RunTime:0.070701s ]
SQL: SELECT * FROM `hd_wish`  [ RunTime:0.000651s ]
INFO: [ view_parse ] --START--
INFO: ParseTemplate Behavior ::run [ RunTime:0.079116s ]
INFO: [ view_parse ] --END-- [ RunTime:0.079349s ]
INFO: [ view_filter ] --START--
INFO: ContentReplace Behavior ::run [ RunTime:0.002916s ]
INFO: TokenBuild Behavior ::run [ RunTime:0.001437s ]
INFO: WriteHtmlCache Behavior ::run [ RunTime:0.001147s ]
INFO: ShowRuntime Behavior ::run [ RunTime:0.001519s ]
INFO: [ view_filter ] --END-- [ RunTime:0.007524s ]
INFO: [ view_end ] --START--
INFO: ShowPageTrace Behavior ::run [ RunTime:0.002299s ]
INFO: [ view_end ] --END-- [ RunTime:0.002497s ]

[ 2018-03-08T19:39:30+08:00 ] 127.0.0.1 /wish2/
INFO: [ app_begin ] --START--
INFO: ReadHtmlCache Behavior ::run [ RunTime:0.001602s ]
INFO: [ app_begin ] --END-- [ RunTime:0.001806s ]
SQL: SHOW COLUMNS FROM `hd_wish` [ RunTime:0.006812s ]
SQL: SELECT * FROM `hd_wish`  [ RunTime:0.000385s ]
INFO: [ view_parse ] --START--
INFO: ParseTemplate Behavior ::run [ RunTime:0.023773s ]
INFO: [ view_parse ] --END-- [ RunTime:0.023980s ]
INFO: [ view_filter ] --START--
INFO: ContentReplace Behavior ::run [ RunTime:0.001205s ]
INFO: TokenBuild Behavior ::run [ RunTime:0.001282s ]
INFO: WriteHtmlCache Behavior ::run [ RunTime:0.000944s ]
INFO: ShowRuntime Behavior ::run [ RunTime:0.001696s ]
INFO: [ view_filter ] --END-- [ RunTime:0.005608s ]
INFO: [ view_end ] --START--
INFO: ShowPageTrace Behavior ::run [ RunTime:0.001459s ]
INFO: [ view_end ] --END-- [ RunTime:0.002181s ]

[ 2018-03-08T19:39:40+08:00 ] 127.0.0.1 /wish2/index.php/Admin/Login/index
INFO: [ route_check ] --START--
INFO: CheckRoute Behavior ::run [ RunTime:0.060788s ]
INFO: [ route_check ] --END-- [ RunTime:0.061017s ]
INFO: [ app_begin ] --START--
INFO: ReadHtmlCache Behavior ::run [ RunTime:0.005216s ]
INFO: [ app_begin ] --END-- [ RunTime:0.005507s ]
INFO: [ view_parse ] --START--
INFO: ParseTemplate Behavior ::run [ RunTime:0.143049s ]
INFO: [ view_parse ] --END-- [ RunTime:0.143350s ]
INFO: [ view_filter ] --START--
INFO: ContentReplace Behavior ::run [ RunTime:0.000934s ]
INFO: TokenBuild Behavior ::run [ RunTime:0.000964s ]
INFO: WriteHtmlCache Behavior ::run [ RunTime:0.000720s ]
INFO: ShowRuntime Behavior ::run [ RunTime:0.001160s ]
INFO: [ view_filter ] --END-- [ RunTime:0.004252s ]
INFO: [ view_end ] --START--
INFO: ShowPageTrace Behavior ::run [ RunTime:0.001272s ]
INFO: [ view_end ] --END-- [ RunTime:0.001444s ]

[ 2018-03-08T19:39:45+08:00 ] 127.0.0.1 /wish2/index.php/Admin/Login/verify
INFO: [ route_check ] --START--
INFO: CheckRoute Behavior ::run [ RunTime:0.001813s ]
INFO: [ route_check ] --END-- [ RunTime:0.002023s ]
INFO: [ app_begin ] --START--
INFO: ReadHtmlCache Behavior ::run [ RunTime:0.002614s ]
INFO: [ app_begin ] --END-- [ RunTime:0.002803s ]

[ 2018-03-08T19:39:52+08:00 ] 127.0.0.1 /wish2/index.php/Admin/Login/login
INFO: [ route_check ] --START--
INFO: CheckRoute Behavior ::run [ RunTime:0.001442s ]
INFO: [ route_check ] --END-- [ RunTime:0.001672s ]
INFO: [ app_begin ] --START--
INFO: ReadHtmlCache Behavior ::run [ RunTime:0.001219s ]
INFO: [ app_begin ] --END-- [ RunTime:0.001393s ]
SQL: SHOW COLUMNS FROM `hd_user` [ RunTime:0.070016s ]
SQL: SELECT * FROM `hd_user` WHERE ( `username` = 'admin' ) LIMIT 1   [ RunTime:0.000651s ]
SQL: UPDATE `hd_user` SET `logintime`=1520509192,`loginip`='127.0.0.1' WHERE ( `id` = 1 ) [ RunTime:0.000788s ]

[ 2018-03-08T19:39:54+08:00 ] 127.0.0.1 /wish2/index.php/Admin/Index/index
INFO: [ route_check ] --START--
INFO: CheckRoute Behavior ::run [ RunTime:0.001409s ]
INFO: [ route_check ] --END-- [ RunTime:0.001615s ]
INFO: [ app_begin ] --START--
INFO: ReadHtmlCache Behavior ::run [ RunTime:0.001089s ]
INFO: [ app_begin ] --END-- [ RunTime:0.001262s ]
INFO: [ view_parse ] --START--
INFO: ParseTemplate Behavior ::run [ RunTime:0.020487s ]
INFO: [ view_parse ] --END-- [ RunTime:0.020704s ]
INFO: [ view_filter ] --START--
INFO: ContentReplace Behavior ::run [ RunTime:0.001037s ]
INFO: TokenBuild Behavior ::run [ RunTime:0.001171s ]
INFO: WriteHtmlCache Behavior ::run [ RunTime:0.000865s ]
INFO: ShowRuntime Behavior ::run [ RunTime:0.001342s ]
INFO: [ view_filter ] --END-- [ RunTime:0.004886s ]
INFO: [ view_end ] --START--
INFO: ShowPageTrace Behavior ::run [ RunTime:0.001329s ]
INFO: [ view_end ] --END-- [ RunTime:0.001498s ]

[ 2018-03-08T19:55:43+08:00 ] 127.0.0.1 /wish2/index.php/Admin/Index/index
INFO: [ route_check ] --START--
INFO: CheckRoute Behavior ::run [ RunTime:0.001827s ]
INFO: [ route_check ] --END-- [ RunTime:0.002041s ]
INFO: [ app_begin ] --START--
INFO: ReadHtmlCache Behavior ::run [ RunTime:0.001326s ]
INFO: [ app_begin ] --END-- [ RunTime:0.001512s ]
INFO: [ view_parse ] --START--
INFO: ParseTemplate Behavior ::run [ RunTime:0.017572s ]
INFO: [ view_parse ] --END-- [ RunTime:0.017787s ]
INFO: [ view_filter ] --START--
INFO: ContentReplace Behavior ::run [ RunTime:0.001048s ]
INFO: TokenBuild Behavior ::run [ RunTime:0.001523s ]
INFO: WriteHtmlCache Behavior ::run [ RunTime:0.000848s ]
INFO: ShowRuntime Behavior ::run [ RunTime:0.001221s ]
INFO: [ view_filter ] --END-- [ RunTime:0.005134s ]
INFO: [ view_end ] --START--
INFO: ShowPageTrace Behavior ::run [ RunTime:0.001313s ]
INFO: [ view_end ] --END-- [ RunTime:0.001478s ]

[ 2018-03-08T19:55:50+08:00 ] 127.0.0.1 /wish2/index.php/Admin/Rbac/addRole
INFO: [ route_check ] --START--
INFO: CheckRoute Behavior ::run [ RunTime:0.001430s ]
INFO: [ route_check ] --END-- [ RunTime:0.001634s ]
INFO: [ app_begin ] --START--
INFO: ReadHtmlCache Behavior ::run [ RunTime:0.001124s ]
INFO: [ app_begin ] --END-- [ RunTime:0.001298s ]
INFO: [ view_parse ] --START--
INFO: ParseTemplate Behavior ::run [ RunTime:0.031043s ]
INFO: [ view_parse ] --END-- [ RunTime:0.031272s ]
INFO: [ view_filter ] --START--
INFO: ContentReplace Behavior ::run [ RunTime:0.000873s ]
INFO: TokenBuild Behavior ::run [ RunTime:0.000895s ]
INFO: WriteHtmlCache Behavior ::run [ RunTime:0.000961s ]
INFO: ShowRuntime Behavior ::run [ RunTime:0.001035s ]
INFO: [ view_filter ] --END-- [ RunTime:0.004250s ]
INFO: [ view_end ] --START--
INFO: ShowPageTrace Behavior ::run [ RunTime:0.001157s ]
INFO: [ view_end ] --END-- [ RunTime:0.001325s ]

[ 2018-03-08T19:56:38+08:00 ] 127.0.0.1 /wish2/index.php/Admin/Index/index
INFO: [ route_check ] --START--
INFO: CheckRoute Behavior ::run [ RunTime:0.002611s ]
INFO: [ route_check ] --END-- [ RunTime:0.002835s ]
INFO: [ app_begin ] --START--
INFO: ReadHtmlCache Behavior ::run [ RunTime:0.001527s ]
INFO: [ app_begin ] --END-- [ RunTime:0.001736s ]
INFO: [ view_parse ] --START--
INFO: ParseTemplate Behavior ::run [ RunTime:0.017329s ]
INFO: [ view_parse ] --END-- [ RunTime:0.017552s ]
INFO: [ view_filter ] --START--
INFO: ContentReplace Behavior ::run [ RunTime:0.001115s ]
INFO: TokenBuild Behavior ::run [ RunTime:0.001101s ]
INFO: WriteHtmlCache Behavior ::run [ RunTime:0.001677s ]
INFO: ShowRuntime Behavior ::run [ RunTime:0.001541s ]
INFO: [ view_filter ] --END-- [ RunTime:0.009811s ]
INFO: [ view_end ] --START--
INFO: ShowPageTrace Behavior ::run [ RunTime:0.001930s ]
INFO: [ view_end ] --END-- [ RunTime:0.002126s ]

[ 2018-03-08T19:56:43+08:00 ] 127.0.0.1 /wish2/index.php/Admin/Rbac/addRole
INFO: [ route_check ] --START--
INFO: CheckRoute Behavior ::run [ RunTime:0.001438s ]
INFO: [ route_check ] --END-- [ RunTime:0.001641s ]
INFO: [ app_begin ] --START--
INFO: ReadHtmlCache Behavior ::run [ RunTime:0.001110s ]
INFO: [ app_begin ] --END-- [ RunTime:0.001283s ]
INFO: [ view_parse ] --START--
INFO: ParseTemplate Behavior ::run [ RunTime:0.012501s ]
INFO: [ view_parse ] --END-- [ RunTime:0.012724s ]
INFO: [ view_filter ] --START--
INFO: ContentReplace Behavior ::run [ RunTime:0.000867s ]
INFO: TokenBuild Behavior ::run [ RunTime:0.000887s ]
INFO: WriteHtmlCache Behavior ::run [ RunTime:0.000663s ]
INFO: ShowRuntime Behavior ::run [ RunTime:0.001044s ]
INFO: [ view_filter ] --END-- [ RunTime:0.003924s ]
INFO: [ view_end ] --START--
INFO: ShowPageTrace Behavior ::run [ RunTime:0.001248s ]
INFO: [ view_end ] --END-- [ RunTime:0.001444s ]

[ 2018-03-08T19:59:02+08:00 ] 127.0.0.1 /wish2/index.php/Admin/Index/index
INFO: [ route_check ] --START--
INFO: CheckRoute Behavior ::run [ RunTime:0.002135s ]
INFO: [ route_check ] --END-- [ RunTime:0.002500s ]
INFO: [ app_begin ] --START--
INFO: ReadHtmlCache Behavior ::run [ RunTime:0.003166s ]
INFO: [ app_begin ] --END-- [ RunTime:0.003406s ]
INFO: [ view_parse ] --START--
INFO: ParseTemplate Behavior ::run [ RunTime:0.018658s ]
INFO: [ view_parse ] --END-- [ RunTime:0.018912s ]
INFO: [ view_filter ] --START--
INFO: ContentReplace Behavior ::run [ RunTime:0.001295s ]
INFO: TokenBuild Behavior ::run [ RunTime:0.001163s ]
INFO: WriteHtmlCache Behavior ::run [ RunTime:0.000835s ]
INFO: ShowRuntime Behavior ::run [ RunTime:0.001256s ]
INFO: [ view_filter ] --END-- [ RunTime:0.005408s ]
INFO: [ view_end ] --START--
INFO: ShowPageTrace Behavior ::run [ RunTime:0.007673s ]
INFO: [ view_end ] --END-- [ RunTime:0.007879s ]

[ 2018-03-08T20:00:07+08:00 ] 127.0.0.1 /wish2/index.php/Admin/Index/index
INFO: [ route_check ] --START--
INFO: CheckRoute Behavior ::run [ RunTime:0.001819s ]
INFO: [ route_check ] --END-- [ RunTime:0.002030s ]
INFO: [ app_begin ] --START--
INFO: ReadHtmlCache Behavior ::run [ RunTime:0.001286s ]
INFO: [ app_begin ] --END-- [ RunTime:0.001466s ]
INFO: [ view_parse ] --START--
INFO: ParseTemplate Behavior ::run [ RunTime:0.019076s ]
INFO: [ view_parse ] --END-- [ RunTime:0.019300s ]
INFO: [ view_filter ] --START--
INFO: ContentReplace Behavior ::run [ RunTime:0.001086s ]
INFO: TokenBuild Behavior ::run [ RunTime:0.001130s ]
INFO: WriteHtmlCache Behavior ::run [ RunTime:0.000854s ]
INFO: ShowRuntime Behavior ::run [ RunTime:0.001963s ]
INFO: [ view_filter ] --END-- [ RunTime:0.005511s ]
INFO: [ view_end ] --START--
INFO: ShowPageTrace Behavior ::run [ RunTime:0.001924s ]
INFO: [ view_end ] --END-- [ RunTime:0.002098s ]

[ 2018-03-08T20:00:14+08:00 ] 127.0.0.1 /wish2/index.php/Admin/Rbac/addRole
INFO: [ route_check ] --START--
INFO: CheckRoute Behavior ::run [ RunTime:0.002083s ]
INFO: [ route_check ] --END-- [ RunTime:0.002298s ]
INFO: [ app_begin ] --START--
INFO: ReadHtmlCache Behavior ::run [ RunTime:0.001367s ]
INFO: [ app_begin ] --END-- [ RunTime:0.001564s ]
INFO: [ view_parse ] --START--
INFO: ParseTemplate Behavior ::run [ RunTime:0.016573s ]
INFO: [ view_parse ] --END-- [ RunTime:0.016796s ]
INFO: [ view_filter ] --START--
INFO: ContentReplace Behavior ::run [ RunTime:0.001047s ]
INFO: TokenBuild Behavior ::run [ RunTime:0.001082s ]
INFO: WriteHtmlCache Behavior ::run [ RunTime:0.001068s ]
INFO: ShowRuntime Behavior ::run [ RunTime:0.001214s ]
INFO: [ view_filter ] --END-- [ RunTime:0.005044s ]
INFO: [ view_end ] --START--
INFO: ShowPageTrace Behavior ::run [ RunTime:0.001428s ]
INFO: [ view_end ] --END-- [ RunTime:0.001603s ]

[ 2018-03-08T20:00:56+08:00 ] 127.0.0.1 /wish2/index.php/Admin/Rbac/addRoleHandle?name=Manager&remark=%E6%99%AE%E9%80%9A%E7%AE%A1%E7%90%86%E5%91%98&status=1
INFO: [ route_check ] --START--
INFO: CheckRoute Behavior ::run [ RunTime:0.001938s ]
INFO: [ route_check ] --END-- [ RunTime:0.002148s ]
INFO: [ app_begin ] --START--
INFO: ReadHtmlCache Behavior ::run [ RunTime:0.001565s ]
INFO: [ app_begin ] --END-- [ RunTime:0.001744s ]

[ 2018-03-08T20:02:14+08:00 ] 127.0.0.1 /wish2/index.php/Admin/Rbac/addRoleHandle?name=Manager&remark=%E6%99%AE%E9%80%9A%E7%AE%A1%E7%90%86%E5%91%98&status=1
INFO: [ route_check ] --START--
INFO: CheckRoute Behavior ::run [ RunTime:0.001737s ]
INFO: [ route_check ] --END-- [ RunTime:0.001941s ]
INFO: [ app_begin ] --START--
INFO: ReadHtmlCache Behavior ::run [ RunTime:0.001975s ]
INFO: [ app_begin ] --END-- [ RunTime:0.002149s ]

[ 2018-03-08T20:02:21+08:00 ] 127.0.0.1 /wish2/index.php/Admin/Index/index
INFO: [ route_check ] --START--
INFO: CheckRoute Behavior ::run [ RunTime:0.001415s ]
INFO: [ route_check ] --END-- [ RunTime:0.001621s ]
INFO: [ app_begin ] --START--
INFO: ReadHtmlCache Behavior ::run [ RunTime:0.001118s ]
INFO: [ app_begin ] --END-- [ RunTime:0.001296s ]
INFO: [ view_parse ] --START--
INFO: ParseTemplate Behavior ::run [ RunTime:0.015224s ]
INFO: [ view_parse ] --END-- [ RunTime:0.015436s ]
INFO: [ view_filter ] --START--
INFO: ContentReplace Behavior ::run [ RunTime:0.001037s ]
INFO: TokenBuild Behavior ::run [ RunTime:0.001059s ]
INFO: WriteHtmlCache Behavior ::run [ RunTime:0.000830s ]
INFO: ShowRuntime Behavior ::run [ RunTime:0.001233s ]
INFO: [ view_filter ] --END-- [ RunTime:0.004623s ]
INFO: [ view_end ] --START--
INFO: ShowPageTrace Behavior ::run [ RunTime:0.001378s ]
INFO: [ view_end ] --END-- [ RunTime:0.001545s ]

[ 2018-03-08T20:02:32+08:00 ] 127.0.0.1 /wish2/index.php/Admin/Rbac/addRole
INFO: [ route_check ] --START--
INFO: CheckRoute Behavior ::run [ RunTime:0.001792s ]
INFO: [ route_check ] --END-- [ RunTime:0.001998s ]
INFO: [ app_begin ] --START--
INFO: ReadHtmlCache Behavior ::run [ RunTime:0.001275s ]
INFO: [ app_begin ] --END-- [ RunTime:0.001447s ]
INFO: [ view_parse ] --START--
INFO: ParseTemplate Behavior ::run [ RunTime:0.013804s ]
INFO: [ view_parse ] --END-- [ RunTime:0.014022s ]
INFO: [ view_filter ] --START--
INFO: ContentReplace Behavior ::run [ RunTime:0.001004s ]
INFO: TokenBuild Behavior ::run [ RunTime:0.001080s ]
INFO: WriteHtmlCache Behavior ::run [ RunTime:0.000828s ]
INFO: ShowRuntime Behavior ::run [ RunTime:0.001241s ]
INFO: [ view_filter ] --END-- [ RunTime:0.004613s ]
INFO: [ view_end ] --START--
INFO: ShowPageTrace Behavior ::run [ RunTime:0.001435s ]
INFO: [ view_end ] --END-- [ RunTime:0.001627s ]

[ 2018-03-08T20:03:06+08:00 ] 127.0.0.1 /wish2/index.php/Admin/Rbac/addRoleHandle?name=Manager&remark=%E6%99%AE%E9%80%9A%E7%AE%A1%E7%90%86%E5%91%98&status=1
INFO: [ route_check ] --START--
INFO: CheckRoute Behavior ::run [ RunTime:0.001414s ]
INFO: [ route_check ] --END-- [ RunTime:0.001623s ]
INFO: [ app_begin ] --START--
INFO: ReadHtmlCache Behavior ::run [ RunTime:0.001101s ]
INFO: [ app_begin ] --END-- [ RunTime:0.001273s ]

[ 2018-03-08T20:03:31+08:00 ] 127.0.0.1 /wish2/index.php/Admin/Rbac/addRole
INFO: [ route_check ] --START--
INFO: CheckRoute Behavior ::run [ RunTime:0.001691s ]
INFO: [ route_check ] --END-- [ RunTime:0.001895s ]
INFO: [ app_begin ] --START--
INFO: ReadHtmlCache Behavior ::run [ RunTime:0.001086s ]
INFO: [ app_begin ] --END-- [ RunTime:0.001260s ]
INFO: [ view_parse ] --START--
INFO: ParseTemplate Behavior ::run [ RunTime:0.012338s ]
INFO: [ view_parse ] --END-- [ RunTime:0.012542s ]
INFO: [ view_filter ] --START--
INFO: ContentReplace Behavior ::run [ RunTime:0.001112s ]
INFO: TokenBuild Behavior ::run [ RunTime:0.000885s ]
INFO: WriteHtmlCache Behavior ::run [ RunTime:0.000657s ]
INFO: ShowRuntime Behavior ::run [ RunTime:0.002651s ]
INFO: [ view_filter ] --END-- [ RunTime:0.005988s ]
INFO: [ view_end ] --START--
INFO: ShowPageTrace Behavior ::run [ RunTime:0.001263s ]
INFO: [ view_end ] --END-- [ RunTime:0.001444s ]

[ 2018-03-08T20:03:46+08:00 ] 127.0.0.1 /wish2/index.php/Admin/Rbac/addRoleHandle
INFO: [ route_check ] --START--
INFO: CheckRoute Behavior ::run [ RunTime:0.001764s ]
INFO: [ route_check ] --END-- [ RunTime:0.001970s ]
INFO: [ app_begin ] --START--
INFO: ReadHtmlCache Behavior ::run [ RunTime:0.001264s ]
INFO: [ app_begin ] --END-- [ RunTime:0.001434s ]

[ 2018-03-08T20:03:54+08:00 ] 127.0.0.1 /wish2/index.php/Admin/Rbac/addRoleHandle
INFO: [ route_check ] --START--
INFO: CheckRoute Behavior ::run [ RunTime:0.001397s ]
INFO: [ route_check ] --END-- [ RunTime:0.001602s ]
INFO: [ app_begin ] --START--
INFO: ReadHtmlCache Behavior ::run [ RunTime:0.001107s ]
INFO: [ app_begin ] --END-- [ RunTime:0.001292s ]

[ 2018-03-08T20:09:21+08:00 ] 127.0.0.1 /wish2/index.php/Admin/Rbac/addRoleHandle
INFO: [ route_check ] --START--
INFO: CheckRoute Behavior ::run [ RunTime:0.001825s ]
INFO: [ route_check ] --END-- [ RunTime:0.002297s ]
INFO: [ app_begin ] --START--
INFO: ReadHtmlCache Behavior ::run [ RunTime:0.002841s ]
INFO: [ app_begin ] --END-- [ RunTime:0.003148s ]
SQL: SHOW COLUMNS FROM `hd_role` [ RunTime:0.010991s ]
SQL: INSERT INTO `hd_role` (`name`,`remark`,`status`) VALUES ('Manager','普通管理员',1) [ RunTime:0.000728s ]
INFO: [ view_parse ] --START--
INFO: ParseTemplate Behavior ::run [ RunTime:0.031814s ]
INFO: [ view_parse ] --END-- [ RunTime:0.032041s ]
INFO: [ view_filter ] --START--
INFO: ContentReplace Behavior ::run [ RunTime:0.001044s ]
INFO: TokenBuild Behavior ::run [ RunTime:0.001126s ]
INFO: WriteHtmlCache Behavior ::run [ RunTime:0.000861s ]
INFO: ShowRuntime Behavior ::run [ RunTime:0.001327s ]
INFO: [ view_filter ] --END-- [ RunTime:0.004826s ]
INFO: [ view_end ] --START--
INFO: ShowPageTrace Behavior ::run [ RunTime:0.001325s ]
INFO: [ view_end ] --END-- [ RunTime:0.001496s ]

[ 2018-03-08T20:09:26+08:00 ] 127.0.0.1 /wish2/index.php/Admin/Rbac/role
INFO: [ route_check ] --START--
INFO: CheckRoute Behavior ::run [ RunTime:0.002490s ]
INFO: [ route_check ] --END-- [ RunTime:0.002710s ]
INFO: [ app_begin ] --START--
INFO: ReadHtmlCache Behavior ::run [ RunTime:0.001426s ]
INFO: [ app_begin ] --END-- [ RunTime:0.001656s ]

[ 2018-03-08T20:10:59+08:00 ] 127.0.0.1 /wish2/index.php/Admin/Rbac/addRoleHandle
INFO: [ route_check ] --START--
INFO: CheckRoute Behavior ::run [ RunTime:0.001383s ]
INFO: [ route_check ] --END-- [ RunTime:0.001591s ]
INFO: [ app_begin ] --START--
INFO: ReadHtmlCache Behavior ::run [ RunTime:0.001079s ]
INFO: [ app_begin ] --END-- [ RunTime:0.001247s ]
SQL: SHOW COLUMNS FROM `hd_role` [ RunTime:0.006613s ]
SQL: INSERT INTO `hd_role` (`name`,`remark`,`status`) VALUES ('Editor','网站编辑',1) [ RunTime:0.000575s ]
INFO: [ view_parse ] --START--
INFO: ParseTemplate Behavior ::run [ RunTime:0.019933s ]
INFO: [ view_parse ] --END-- [ RunTime:0.020156s ]
INFO: [ view_filter ] --START--
INFO: ContentReplace Behavior ::run [ RunTime:0.000869s ]
INFO: TokenBuild Behavior ::run [ RunTime:0.000886s ]
INFO: WriteHtmlCache Behavior ::run [ RunTime:0.000667s ]
INFO: ShowRuntime Behavior ::run [ RunTime:0.001762s ]
INFO: [ view_filter ] --END-- [ RunTime:0.004654s ]
INFO: [ view_end ] --START--
INFO: ShowPageTrace Behavior ::run [ RunTime:0.001443s ]
INFO: [ view_end ] --END-- [ RunTime:0.001612s ]

[ 2018-03-08T20:11:04+08:00 ] 127.0.0.1 /wish2/index.php/Admin/Rbac/role
INFO: [ route_check ] --START--
INFO: CheckRoute Behavior ::run [ RunTime:0.001411s ]
INFO: [ route_check ] --END-- [ RunTime:0.001619s ]
INFO: [ app_begin ] --START--
INFO: ReadHtmlCache Behavior ::run [ RunTime:0.001073s ]
INFO: [ app_begin ] --END-- [ RunTime:0.001251s ]

[ 2018-03-08T20:13:50+08:00 ] 127.0.0.1 /wish2/index.php/Admin/Index/index
INFO: [ route_check ] --START--
INFO: CheckRoute Behavior ::run [ RunTime:0.001788s ]
INFO: [ route_check ] --END-- [ RunTime:0.002005s ]
INFO: [ app_begin ] --START--
INFO: ReadHtmlCache Behavior ::run [ RunTime:0.001284s ]
INFO: [ app_begin ] --END-- [ RunTime:0.001464s ]
INFO: [ view_parse ] --START--
INFO: ParseTemplate Behavior ::run [ RunTime:0.016763s ]
INFO: [ view_parse ] --END-- [ RunTime:0.016984s ]
INFO: [ view_filter ] --START--
INFO: ContentReplace Behavior ::run [ RunTime:0.001066s ]
INFO: TokenBuild Behavior ::run [ RunTime:0.001347s ]
INFO: WriteHtmlCache Behavior ::run [ RunTime:0.000984s ]
INFO: ShowRuntime Behavior ::run [ RunTime:0.001205s ]
INFO: [ view_filter ] --END-- [ RunTime:0.005081s ]
INFO: [ view_end ] --START--
INFO: ShowPageTrace Behavior ::run [ RunTime:0.001315s ]
INFO: [ view_end ] --END-- [ RunTime:0.001483s ]

[ 2018-03-08T20:14:06+08:00 ] 127.0.0.1 /wish2/index.php/Admin/Rbac/role
INFO: [ route_check ] --START--
INFO: CheckRoute Behavior ::run [ RunTime:0.001466s ]
INFO: [ route_check ] --END-- [ RunTime:0.001676s ]
INFO: [ app_begin ] --START--
INFO: ReadHtmlCache Behavior ::run [ RunTime:0.001083s ]
INFO: [ app_begin ] --END-- [ RunTime:0.001256s ]
SQL: SHOW COLUMNS FROM `hd_role` [ RunTime:0.006311s ]
SQL: SELECT * FROM `hd_role`  [ RunTime:0.000520s ]

[ 2018-03-08T20:39:40+08:00 ] 127.0.0.1 /wish2/index.php/Admin/Index/index
INFO: [ route_check ] --START--
INFO: CheckRoute Behavior ::run [ RunTime:0.001678s ]
INFO: [ route_check ] --END-- [ RunTime:0.001891s ]
INFO: [ app_begin ] --START--
INFO: ReadHtmlCache Behavior ::run [ RunTime:0.001208s ]
INFO: [ app_begin ] --END-- [ RunTime:0.002570s ]

[ 2018-03-08T20:39:43+08:00 ] 127.0.0.1 /wish2/index.php/Admin/Login/index
INFO: [ route_check ] --START--
INFO: CheckRoute Behavior ::run [ RunTime:0.001345s ]
INFO: [ route_check ] --END-- [ RunTime:0.001585s ]
INFO: [ app_begin ] --START--
INFO: ReadHtmlCache Behavior ::run [ RunTime:0.001033s ]
INFO: [ app_begin ] --END-- [ RunTime:0.001280s ]
INFO: [ view_parse ] --START--
INFO: ParseTemplate Behavior ::run [ RunTime:0.016831s ]
INFO: [ view_parse ] --END-- [ RunTime:0.017054s ]
INFO: [ view_filter ] --START--
INFO: ContentReplace Behavior ::run [ RunTime:0.001409s ]
INFO: TokenBuild Behavior ::run [ RunTime:0.000984s ]
INFO: WriteHtmlCache Behavior ::run [ RunTime:0.000738s ]
INFO: ShowRuntime Behavior ::run [ RunTime:0.001146s ]
INFO: [ view_filter ] --END-- [ RunTime:0.004742s ]
INFO: [ view_end ] --START--
INFO: ShowPageTrace Behavior ::run [ RunTime:0.002104s ]
INFO: [ view_end ] --END-- [ RunTime:0.002292s ]

[ 2018-03-08T20:39:46+08:00 ] 127.0.0.1 /wish2/index.php/Admin/Login/verify
INFO: [ route_check ] --START--
INFO: CheckRoute Behavior ::run [ RunTime:0.001649s ]
INFO: [ route_check ] --END-- [ RunTime:0.001859s ]
INFO: [ app_begin ] --START--
INFO: ReadHtmlCache Behavior ::run [ RunTime:0.001018s ]
INFO: [ app_begin ] --END-- [ RunTime:0.001193s ]

[ 2018-03-08T20:39:56+08:00 ] 127.0.0.1 /wish2/index.php/Admin/Login/login
INFO: [ route_check ] --START--
INFO: CheckRoute Behavior ::run [ RunTime:0.001309s ]
INFO: [ route_check ] --END-- [ RunTime:0.001517s ]
INFO: [ app_begin ] --START--
INFO: ReadHtmlCache Behavior ::run [ RunTime:0.000958s ]
INFO: [ app_begin ] --END-- [ RunTime:0.001133s ]
SQL: SHOW COLUMNS FROM `hd_user` [ RunTime:0.007069s ]
SQL: SELECT * FROM `hd_user` WHERE ( `username` = 'admin' ) LIMIT 1   [ RunTime:0.000920s ]
SQL: UPDATE `hd_user` SET `logintime`=1520512796,`loginip`='127.0.0.1' WHERE ( `id` = 1 ) [ RunTime:0.000602s ]

[ 2018-03-08T20:39:58+08:00 ] 127.0.0.1 /wish2/index.php/Admin/Index/index
INFO: [ route_check ] --START--
INFO: CheckRoute Behavior ::run [ RunTime:0.001276s ]
INFO: [ route_check ] --END-- [ RunTime:0.001484s ]
INFO: [ app_begin ] --START--
INFO: ReadHtmlCache Behavior ::run [ RunTime:0.000965s ]
INFO: [ app_begin ] --END-- [ RunTime:0.001139s ]
INFO: [ view_parse ] --START--
INFO: ParseTemplate Behavior ::run [ RunTime:0.016338s ]
INFO: [ view_parse ] --END-- [ RunTime:0.016557s ]
INFO: [ view_filter ] --START--
INFO: ContentReplace Behavior ::run [ RunTime:0.000898s ]
INFO: TokenBuild Behavior ::run [ RunTime:0.000835s ]
INFO: WriteHtmlCache Behavior ::run [ RunTime:0.000552s ]
INFO: ShowRuntime Behavior ::run [ RunTime:0.000925s ]
INFO: [ view_filter ] --END-- [ RunTime:0.003728s ]
INFO: [ view_end ] --START--
INFO: ShowPageTrace Behavior ::run [ RunTime:0.001160s ]
INFO: [ view_end ] --END-- [ RunTime:0.001327s ]

[ 2018-03-08T20:40:07+08:00 ] 127.0.0.1 /wish2/index.php/Admin/Rbac/role
INFO: [ route_check ] --START--
INFO: CheckRoute Behavior ::run [ RunTime:0.002013s ]
INFO: [ route_check ] --END-- [ RunTime:0.002236s ]
INFO: [ app_begin ] --START--
INFO: ReadHtmlCache Behavior ::run [ RunTime:0.001637s ]
INFO: [ app_begin ] --END-- [ RunTime:0.001827s ]
SQL: SHOW COLUMNS FROM `hd_role` [ RunTime:0.008252s ]
SQL: SELECT * FROM `hd_role`  [ RunTime:0.000361s ]
INFO: [ view_parse ] --START--
INFO: ParseTemplate Behavior ::run [ RunTime:0.022326s ]
INFO: [ view_parse ] --END-- [ RunTime:0.022569s ]
INFO: [ view_filter ] --START--
INFO: ContentReplace Behavior ::run [ RunTime:0.001225s ]
INFO: TokenBuild Behavior ::run [ RunTime:0.001125s ]
INFO: WriteHtmlCache Behavior ::run [ RunTime:0.000901s ]
INFO: ShowRuntime Behavior ::run [ RunTime:0.001275s ]
INFO: [ view_filter ] --END-- [ RunTime:0.005025s ]
INFO: [ view_end ] --START--
INFO: ShowPageTrace Behavior ::run [ RunTime:0.001411s ]
INFO: [ view_end ] --END-- [ RunTime:0.001584s ]

[ 2018-03-08T22:08:19+08:00 ] 127.0.0.1 /wish2/
INFO: [ app_begin ] --START--
INFO: ReadHtmlCache Behavior ::run [ RunTime:0.001769s ]
INFO: [ app_begin ] --END-- [ RunTime:0.001995s ]
SQL: SHOW COLUMNS FROM `hd_wish` [ RunTime:0.027170s ]
SQL: SELECT * FROM `hd_wish`  [ RunTime:0.000432s ]
INFO: [ view_parse ] --START--
INFO: ParseTemplate Behavior ::run [ RunTime:0.045611s ]
INFO: [ view_parse ] --END-- [ RunTime:0.045830s ]
INFO: [ view_filter ] --START--
INFO: ContentReplace Behavior ::run [ RunTime:0.001265s ]
INFO: TokenBuild Behavior ::run [ RunTime:0.001205s ]
INFO: WriteHtmlCache Behavior ::run [ RunTime:0.000993s ]
INFO: ShowRuntime Behavior ::run [ RunTime:0.001652s ]
INFO: [ view_filter ] --END-- [ RunTime:0.005604s ]
INFO: [ view_end ] --START--
INFO: ShowPageTrace Behavior ::run [ RunTime:0.001556s ]
INFO: [ view_end ] --END-- [ RunTime:0.001740s ]

[ 2018-03-08T22:08:42+08:00 ] 127.0.0.1 /wish2/index.php/Admin/Rbac/addNode
INFO: [ route_check ] --START--
INFO: CheckRoute Behavior ::run [ RunTime:0.001761s ]
INFO: [ route_check ] --END-- [ RunTime:0.002024s ]
INFO: [ app_begin ] --START--
INFO: ReadHtmlCache Behavior ::run [ RunTime:0.001376s ]
INFO: [ app_begin ] --END-- [ RunTime:0.001568s ]

[ 2018-03-08T22:08:45+08:00 ] 127.0.0.1 /wish2/index.php/Admin/Login/index
INFO: [ route_check ] --START--
INFO: CheckRoute Behavior ::run [ RunTime:0.001785s ]
INFO: [ route_check ] --END-- [ RunTime:0.002030s ]
INFO: [ app_begin ] --START--
INFO: ReadHtmlCache Behavior ::run [ RunTime:0.001413s ]
INFO: [ app_begin ] --END-- [ RunTime:0.001614s ]
INFO: [ view_parse ] --START--
INFO: ParseTemplate Behavior ::run [ RunTime:0.016920s ]
INFO: [ view_parse ] --END-- [ RunTime:0.017163s ]
INFO: [ view_filter ] --START--
INFO: ContentReplace Behavior ::run [ RunTime:0.001148s ]
INFO: TokenBuild Behavior ::run [ RunTime:0.001178s ]
INFO: WriteHtmlCache Behavior ::run [ RunTime:0.000927s ]
INFO: ShowRuntime Behavior ::run [ RunTime:0.001333s ]
INFO: [ view_filter ] --END-- [ RunTime:0.005120s ]
INFO: [ view_end ] --START--
INFO: ShowPageTrace Behavior ::run [ RunTime:0.001507s ]
INFO: [ view_end ] --END-- [ RunTime:0.001690s ]

[ 2018-03-08T22:08:48+08:00 ] 127.0.0.1 /wish2/index.php/Admin/Login/verify
INFO: [ route_check ] --START--
INFO: CheckRoute Behavior ::run [ RunTime:0.002009s ]
INFO: [ route_check ] --END-- [ RunTime:0.002232s ]
INFO: [ app_begin ] --START--
INFO: ReadHtmlCache Behavior ::run [ RunTime:0.002175s ]
INFO: [ app_begin ] --END-- [ RunTime:0.002368s ]

[ 2018-03-08T22:08:59+08:00 ] 127.0.0.1 /wish2/index.php/Admin/Login/login
INFO: [ route_check ] --START--
INFO: CheckRoute Behavior ::run [ RunTime:0.001997s ]
INFO: [ route_check ] --END-- [ RunTime:0.002216s ]
INFO: [ app_begin ] --START--
INFO: ReadHtmlCache Behavior ::run [ RunTime:0.001390s ]
INFO: [ app_begin ] --END-- [ RunTime:0.001574s ]
SQL: SHOW COLUMNS FROM `hd_user` [ RunTime:0.008170s ]
SQL: SELECT * FROM `hd_user` WHERE ( `username` = 'admin' ) LIMIT 1   [ RunTime:0.000645s ]
SQL: UPDATE `hd_user` SET `logintime`=1520518139,`loginip`='127.0.0.1' WHERE ( `id` = 1 ) [ RunTime:0.000618s ]

[ 2018-03-08T22:09:01+08:00 ] 127.0.0.1 /wish2/index.php/Admin/Index/index
INFO: [ route_check ] --START--
INFO: CheckRoute Behavior ::run [ RunTime:0.001669s ]
INFO: [ route_check ] --END-- [ RunTime:0.001889s ]
INFO: [ app_begin ] --START--
INFO: ReadHtmlCache Behavior ::run [ RunTime:0.001905s ]
INFO: [ app_begin ] --END-- [ RunTime:0.002086s ]
INFO: [ view_parse ] --START--
INFO: ParseTemplate Behavior ::run [ RunTime:0.019926s ]
INFO: [ view_parse ] --END-- [ RunTime:0.020159s ]
INFO: [ view_filter ] --START--
INFO: ContentReplace Behavior ::run [ RunTime:0.001182s ]
INFO: TokenBuild Behavior ::run [ RunTime:0.001159s ]
INFO: WriteHtmlCache Behavior ::run [ RunTime:0.000930s ]
INFO: ShowRuntime Behavior ::run [ RunTime:0.001281s ]
INFO: [ view_filter ] --END-- [ RunTime:0.005071s ]
INFO: [ view_end ] --START--
INFO: ShowPageTrace Behavior ::run [ RunTime:0.001707s ]
INFO: [ view_end ] --END-- [ RunTime:0.001886s ]

[ 2018-03-08T22:09:11+08:00 ] 127.0.0.1 /wish2/index.php/Admin/Rbac/addNode
INFO: [ route_check ] --START--
INFO: CheckRoute Behavior ::run [ RunTime:0.002753s ]
INFO: [ route_check ] --END-- [ RunTime:0.003061s ]
INFO: [ app_begin ] --START--
INFO: ReadHtmlCache Behavior ::run [ RunTime:0.001367s ]
INFO: [ app_begin ] --END-- [ RunTime:0.001546s ]
INFO: [ view_parse ] --START--
INFO: ParseTemplate Behavior ::run [ RunTime:0.018756s ]
INFO: [ view_parse ] --END-- [ RunTime:0.019003s ]
INFO: [ view_filter ] --START--
INFO: ContentReplace Behavior ::run [ RunTime:0.001255s ]
INFO: TokenBuild Behavior ::run [ RunTime:0.001364s ]
INFO: WriteHtmlCache Behavior ::run [ RunTime:0.000956s ]
INFO: ShowRuntime Behavior ::run [ RunTime:0.001568s ]
INFO: [ view_filter ] --END-- [ RunTime:0.005690s ]
INFO: [ view_end ] --START--
INFO: ShowPageTrace Behavior ::run [ RunTime:0.001470s ]
INFO: [ view_end ] --END-- [ RunTime:0.001648s ]

[ 2018-03-08T22:10:10+08:00 ] 127.0.0.1 /wish2/index.php/Admin/Rbac/addNode
INFO: [ route_check ] --START--
INFO: CheckRoute Behavior ::run [ RunTime:0.001876s ]
INFO: [ route_check ] --END-- [ RunTime:0.002094s ]
INFO: [ app_begin ] --START--
INFO: ReadHtmlCache Behavior ::run [ RunTime:0.003444s ]
INFO: [ app_begin ] --END-- [ RunTime:0.003862s ]
INFO: [ view_parse ] --START--
INFO: ParseTemplate Behavior ::run [ RunTime:0.018194s ]
INFO: [ view_parse ] --END-- [ RunTime:0.019677s ]
INFO: [ view_filter ] --START--
INFO: ContentReplace Behavior ::run [ RunTime:0.001724s ]
INFO: TokenBuild Behavior ::run [ RunTime:0.001370s ]
INFO: WriteHtmlCache Behavior ::run [ RunTime:0.003752s ]
INFO: ShowRuntime Behavior ::run [ RunTime:0.001882s ]
INFO: [ view_filter ] --END-- [ RunTime:0.009255s ]
INFO: [ view_end ] --START--
INFO: ShowPageTrace Behavior ::run [ RunTime:0.001628s ]
INFO: [ view_end ] --END-- [ RunTime:0.001820s ]

[ 2018-03-08T22:12:16+08:00 ] 127.0.0.1 /wish2/index.php/Admin/Rbac/addNodeHandle
INFO: [ route_check ] --START--
INFO: CheckRoute Behavior ::run [ RunTime:0.002011s ]
INFO: [ route_check ] --END-- [ RunTime:0.002225s ]
INFO: [ app_begin ] --START--
INFO: ReadHtmlCache Behavior ::run [ RunTime:0.002034s ]
INFO: [ app_begin ] --END-- [ RunTime:0.002218s ]

[ 2018-03-08T22:12:26+08:00 ] 127.0.0.1 /wish2/index.php/Admin/Rbac/addNodeHandle
INFO: [ route_check ] --START--
INFO: CheckRoute Behavior ::run [ RunTime:0.001995s ]
INFO: [ route_check ] --END-- [ RunTime:0.002208s ]
INFO: [ app_begin ] --START--
INFO: ReadHtmlCache Behavior ::run [ RunTime:0.001644s ]
INFO: [ app_begin ] --END-- [ RunTime:0.001822s ]

[ 2018-03-08T22:15:47+08:00 ] 127.0.0.1 /wish2/index.php/Admin/Rbac/addNodeHandle
INFO: [ route_check ] --START--
INFO: CheckRoute Behavior ::run [ RunTime:0.002092s ]
INFO: [ route_check ] --END-- [ RunTime:0.002314s ]
INFO: [ app_begin ] --START--
INFO: ReadHtmlCache Behavior ::run [ RunTime:0.001805s ]
INFO: [ app_begin ] --END-- [ RunTime:0.001993s ]
SQL: SHOW COLUMNS FROM `hd_node` [ RunTime:0.007518s ]
SQL: INSERT INTO `hd_node` (`name`,`title`,`status`,`sort`,`pid`,`level`) VALUES ('Admin','后台应用',1,1,0,1) [ RunTime:0.001055s ]
INFO: [ view_parse ] --START--
INFO: ParseTemplate Behavior ::run [ RunTime:0.043676s ]
INFO: [ view_parse ] --END-- [ RunTime:0.043918s ]
INFO: [ view_filter ] --START--
INFO: ContentReplace Behavior ::run [ RunTime:0.001343s ]
INFO: TokenBuild Behavior ::run [ RunTime:0.001358s ]
INFO: WriteHtmlCache Behavior ::run [ RunTime:0.003972s ]
INFO: ShowRuntime Behavior ::run [ RunTime:0.001552s ]
INFO: [ view_filter ] --END-- [ RunTime:0.008738s ]
INFO: [ view_end ] --START--
INFO: ShowPageTrace Behavior ::run [ RunTime:0.001624s ]
INFO: [ view_end ] --END-- [ RunTime:0.001803s ]

[ 2018-03-08T22:15:53+08:00 ] 127.0.0.1 /wish2/index.php/Admin/Rbac/node
INFO: [ route_check ] --START--
INFO: CheckRoute Behavior ::run [ RunTime:0.002229s ]
INFO: [ route_check ] --END-- [ RunTime:0.002469s ]
INFO: [ app_begin ] --START--
INFO: ReadHtmlCache Behavior ::run [ RunTime:0.001575s ]
INFO: [ app_begin ] --END-- [ RunTime:0.001766s ]

[ 2018-03-08T22:16:26+08:00 ] 127.0.0.1 /wish2/index.php/Admin/Rbac/node
INFO: [ route_check ] --START--
INFO: CheckRoute Behavior ::run [ RunTime:0.001929s ]
INFO: [ route_check ] --END-- [ RunTime:0.002164s ]
INFO: [ app_begin ] --START--
INFO: ReadHtmlCache Behavior ::run [ RunTime:0.005655s ]
INFO: [ app_begin ] --END-- [ RunTime:0.006137s ]

[ 2018-03-08T22:16:49+08:00 ] 127.0.0.1 /wish2/index.php/Admin/Rbac/addNodeHandle
INFO: [ route_check ] --START--
INFO: CheckRoute Behavior ::run [ RunTime:0.006908s ]
INFO: [ route_check ] --END-- [ RunTime:0.007158s ]
INFO: [ app_begin ] --START--
INFO: ReadHtmlCache Behavior ::run [ RunTime:0.001210s ]
INFO: [ app_begin ] --END-- [ RunTime:0.001392s ]
SQL: SHOW COLUMNS FROM `hd_node` [ RunTime:0.011482s ]
SQL: INSERT INTO `hd_node` (`name`,`title`,`status`,`sort`,`pid`,`level`) VALUES ('Index','前台应用',1,1,0,1) [ RunTime:0.000772s ]
INFO: [ view_parse ] --START--
INFO: ParseTemplate Behavior ::run [ RunTime:0.015934s ]
INFO: [ view_parse ] --END-- [ RunTime:0.016167s ]
INFO: [ view_filter ] --START--
INFO: ContentReplace Behavior ::run [ RunTime:0.002356s ]
INFO: TokenBuild Behavior ::run [ RunTime:0.001190s ]
INFO: WriteHtmlCache Behavior ::run [ RunTime:0.000736s ]
INFO: ShowRuntime Behavior ::run [ RunTime:0.010707s ]
INFO: [ view_filter ] --END-- [ RunTime:0.015538s ]
INFO: [ view_end ] --START--
INFO: ShowPageTrace Behavior ::run [ RunTime:0.001388s ]
INFO: [ view_end ] --END-- [ RunTime:0.001605s ]

[ 2018-03-08T22:16:55+08:00 ] 127.0.0.1 /wish2/index.php/Admin/Rbac/node
INFO: [ route_check ] --START--
INFO: CheckRoute Behavior ::run [ RunTime:0.001372s ]
INFO: [ route_check ] --END-- [ RunTime:0.001586s ]
INFO: [ app_begin ] --START--
INFO: ReadHtmlCache Behavior ::run [ RunTime:0.000996s ]
INFO: [ app_begin ] --END-- [ RunTime:0.001302s ]

[ 2018-03-08T22:20:09+08:00 ] 127.0.0.1 /wish2/index.php/Admin/Index/index
INFO: [ route_check ] --START--
INFO: CheckRoute Behavior ::run [ RunTime:0.001848s ]
INFO: [ route_check ] --END-- [ RunTime:0.002066s ]
INFO: [ app_begin ] --START--
INFO: ReadHtmlCache Behavior ::run [ RunTime:0.001143s ]
INFO: [ app_begin ] --END-- [ RunTime:0.001345s ]
INFO: [ view_parse ] --START--
INFO: ParseTemplate Behavior ::run [ RunTime:0.018200s ]
INFO: [ view_parse ] --END-- [ RunTime:0.018457s ]
INFO: [ view_filter ] --START--
INFO: ContentReplace Behavior ::run [ RunTime:0.002333s ]
INFO: TokenBuild Behavior ::run [ RunTime:0.001065s ]
INFO: WriteHtmlCache Behavior ::run [ RunTime:0.000768s ]
INFO: ShowRuntime Behavior ::run [ RunTime:0.001131s ]
INFO: [ view_filter ] --END-- [ RunTime:0.005775s ]
INFO: [ view_end ] --START--
INFO: ShowPageTrace Behavior ::run [ RunTime:0.001428s ]
INFO: [ view_end ] --END-- [ RunTime:0.001658s ]

[ 2018-03-08T22:20:15+08:00 ] 127.0.0.1 /wish2/index.php/Admin/Index/index
INFO: [ route_check ] --START--
INFO: CheckRoute Behavior ::run [ RunTime:0.001290s ]
INFO: [ route_check ] --END-- [ RunTime:0.001502s ]
INFO: [ app_begin ] --START--
INFO: ReadHtmlCache Behavior ::run [ RunTime:0.000981s ]
INFO: [ app_begin ] --END-- [ RunTime:0.001159s ]
INFO: [ view_parse ] --START--
INFO: ParseTemplate Behavior ::run [ RunTime:0.015058s ]
INFO: [ view_parse ] --END-- [ RunTime:0.015271s ]
INFO: [ view_filter ] --START--
INFO: ContentReplace Behavior ::run [ RunTime:0.000760s ]
INFO: TokenBuild Behavior ::run [ RunTime:0.000779s ]
INFO: WriteHtmlCache Behavior ::run [ RunTime:0.000565s ]
INFO: ShowRuntime Behavior ::run [ RunTime:0.000963s ]
INFO: [ view_filter ] --END-- [ RunTime:0.003526s ]
INFO: [ view_end ] --START--
INFO: ShowPageTrace Behavior ::run [ RunTime:0.001062s ]
INFO: [ view_end ] --END-- [ RunTime:0.001231s ]

[ 2018-03-08T22:20:20+08:00 ] 127.0.0.1 /wish2/index.php/Admin/Rbac/node
INFO: [ route_check ] --START--
INFO: CheckRoute Behavior ::run [ RunTime:0.001476s ]
INFO: [ route_check ] --END-- [ RunTime:0.001703s ]
INFO: [ app_begin ] --START--
INFO: ReadHtmlCache Behavior ::run [ RunTime:0.001017s ]
INFO: [ app_begin ] --END-- [ RunTime:0.001193s ]
SQL: SHOW COLUMNS FROM `hd_node` [ RunTime:0.006935s ]
SQL: SELECT * FROM `hd_node` ORDER BY sort  [ RunTime:0.000576s ]

[ 2018-03-08T22:20:22+08:00 ] 127.0.0.1 /wish2/index.php/Admin/Rbac/node
INFO: [ route_check ] --START--
INFO: CheckRoute Behavior ::run [ RunTime:0.001887s ]
INFO: [ route_check ] --END-- [ RunTime:0.002107s ]
INFO: [ app_begin ] --START--
INFO: ReadHtmlCache Behavior ::run [ RunTime:0.001358s ]
INFO: [ app_begin ] --END-- [ RunTime:0.001538s ]
SQL: SHOW COLUMNS FROM `hd_node` [ RunTime:0.009315s ]
SQL: SELECT * FROM `hd_node` ORDER BY sort  [ RunTime:0.000396s ]

[ 2018-03-08T22:28:19+08:00 ] 127.0.0.1 /wish2/index.php/Admin/Index/index
INFO: [ route_check ] --START--
INFO: CheckRoute Behavior ::run [ RunTime:0.001910s ]
INFO: [ route_check ] --END-- [ RunTime:0.002173s ]
INFO: [ app_begin ] --START--
INFO: ReadHtmlCache Behavior ::run [ RunTime:0.001621s ]
INFO: [ app_begin ] --END-- [ RunTime:0.001811s ]
INFO: [ view_parse ] --START--
INFO: ParseTemplate Behavior ::run [ RunTime:0.018681s ]
INFO: [ view_parse ] --END-- [ RunTime:0.018909s ]
INFO: [ view_filter ] --START--
INFO: ContentReplace Behavior ::run [ RunTime:0.001119s ]
INFO: TokenBuild Behavior ::run [ RunTime:0.001133s ]
INFO: WriteHtmlCache Behavior ::run [ RunTime:0.000932s ]
INFO: ShowRuntime Behavior ::run [ RunTime:0.002369s ]
INFO: [ view_filter ] --END-- [ RunTime:0.006079s ]
INFO: [ view_end ] --START--
INFO: ShowPageTrace Behavior ::run [ RunTime:0.001562s ]
INFO: [ view_end ] --END-- [ RunTime:0.001748s ]

[ 2018-03-08T22:28:25+08:00 ] 127.0.0.1 /wish2/index.php/Admin/Rbac/node
INFO: [ route_check ] --START--
INFO: CheckRoute Behavior ::run [ RunTime:0.001928s ]
INFO: [ route_check ] --END-- [ RunTime:0.002151s ]
INFO: [ app_begin ] --START--
INFO: ReadHtmlCache Behavior ::run [ RunTime:0.001342s ]
INFO: [ app_begin ] --END-- [ RunTime:0.001523s ]
SQL: SHOW COLUMNS FROM `hd_node` [ RunTime:0.006900s ]
SQL: SELECT * FROM `hd_node` ORDER BY sort  [ RunTime:0.000386s ]
INFO: [ view_parse ] --START--
INFO: ParseTemplate Behavior ::run [ RunTime:0.018578s ]
INFO: [ view_parse ] --END-- [ RunTime:0.018811s ]
INFO: [ view_filter ] --START--
INFO: ContentReplace Behavior ::run [ RunTime:0.001150s ]
INFO: TokenBuild Behavior ::run [ RunTime:0.001164s ]
INFO: WriteHtmlCache Behavior ::run [ RunTime:0.000920s ]
INFO: ShowRuntime Behavior ::run [ RunTime:0.001350s ]
INFO: [ view_filter ] --END-- [ RunTime:0.005079s ]
INFO: [ view_end ] --START--
INFO: ShowPageTrace Behavior ::run [ RunTime:0.001494s ]
INFO: [ view_end ] --END-- [ RunTime:0.001678s ]

[ 2018-03-08T22:28:33+08:00 ] 127.0.0.1 /wish2/index.php/Admin/Rbac/node
INFO: [ route_check ] --START--
INFO: CheckRoute Behavior ::run [ RunTime:0.001690s ]
INFO: [ route_check ] --END-- [ RunTime:0.001907s ]
INFO: [ app_begin ] --START--
INFO: ReadHtmlCache Behavior ::run [ RunTime:0.001354s ]
INFO: [ app_begin ] --END-- [ RunTime:0.001534s ]
SQL: SHOW COLUMNS FROM `hd_node` [ RunTime:0.007031s ]
SQL: SELECT * FROM `hd_node` ORDER BY sort  [ RunTime:0.000347s ]
INFO: [ view_parse ] --START--
INFO: ParseTemplate Behavior ::run [ RunTime:0.017760s ]
INFO: [ view_parse ] --END-- [ RunTime:0.017982s ]
INFO: [ view_filter ] --START--
INFO: ContentReplace Behavior ::run [ RunTime:0.001165s ]
INFO: TokenBuild Behavior ::run [ RunTime:0.001142s ]
INFO: WriteHtmlCache Behavior ::run [ RunTime:0.000912s ]
INFO: ShowRuntime Behavior ::run [ RunTime:0.001357s ]
INFO: [ view_filter ] --END-- [ RunTime:0.005072s ]
INFO: [ view_end ] --START--
INFO: ShowPageTrace Behavior ::run [ RunTime:0.001539s ]
INFO: [ view_end ] --END-- [ RunTime:0.001722s ]

[ 2018-03-08T22:28:41+08:00 ] 127.0.0.1 /wish2/index.php/Admin/Rbac/node
INFO: [ route_check ] --START--
INFO: CheckRoute Behavior ::run [ RunTime:0.003214s ]
INFO: [ route_check ] --END-- [ RunTime:0.003515s ]
INFO: [ app_begin ] --START--
INFO: ReadHtmlCache Behavior ::run [ RunTime:0.001904s ]
INFO: [ app_begin ] --END-- [ RunTime:0.002094s ]
SQL: SHOW COLUMNS FROM `hd_node` [ RunTime:0.006408s ]
SQL: SELECT * FROM `hd_node` ORDER BY sort  [ RunTime:0.000318s ]
INFO: [ view_parse ] --START--
INFO: ParseTemplate Behavior ::run [ RunTime:0.032443s ]
INFO: [ view_parse ] --END-- [ RunTime:0.032679s ]
INFO: [ view_filter ] --START--
INFO: ContentReplace Behavior ::run [ RunTime:0.001303s ]
INFO: TokenBuild Behavior ::run [ RunTime:0.001183s ]
INFO: WriteHtmlCache Behavior ::run [ RunTime:0.011272s ]
INFO: ShowRuntime Behavior ::run [ RunTime:0.001346s ]
INFO: [ view_filter ] --END-- [ RunTime:0.015642s ]
INFO: [ view_end ] --START--
INFO: ShowPageTrace Behavior ::run [ RunTime:0.001498s ]
INFO: [ view_end ] --END-- [ RunTime:0.001692s ]

[ 2018-03-08T22:36:08+08:00 ] 127.0.0.1 /wish2/index.php/Admin/Rbac/node
INFO: [ route_check ] --START--
INFO: CheckRoute Behavior ::run [ RunTime:0.009479s ]
INFO: [ route_check ] --END-- [ RunTime:0.009735s ]
INFO: [ app_begin ] --START--
INFO: ReadHtmlCache Behavior ::run [ RunTime:0.001887s ]
INFO: [ app_begin ] --END-- [ RunTime:0.002095s ]
SQL: SHOW COLUMNS FROM `hd_node` [ RunTime:0.007050s ]
SQL: SELECT * FROM `hd_node` ORDER BY sort  [ RunTime:0.000375s ]
INFO: [ view_parse ] --START--

[ 2018-03-08T22:36:23+08:00 ] 127.0.0.1 /wish2/index.php/Admin/Rbac/node
INFO: [ route_check ] --START--
INFO: CheckRoute Behavior ::run [ RunTime:0.001782s ]
INFO: [ route_check ] --END-- [ RunTime:0.002007s ]
INFO: [ app_begin ] --START--
INFO: ReadHtmlCache Behavior ::run [ RunTime:0.001469s ]
INFO: [ app_begin ] --END-- [ RunTime:0.001658s ]
SQL: SHOW COLUMNS FROM `hd_node` [ RunTime:0.007959s ]
SQL: SELECT * FROM `hd_node` ORDER BY sort  [ RunTime:0.000398s ]
INFO: [ view_parse ] --START--

[ 2018-03-08T22:37:14+08:00 ] 127.0.0.1 /wish2/index.php/Admin/Rbac/node
INFO: [ route_check ] --START--
INFO: CheckRoute Behavior ::run [ RunTime:0.001680s ]
INFO: [ route_check ] --END-- [ RunTime:0.001898s ]
INFO: [ app_begin ] --START--
INFO: ReadHtmlCache Behavior ::run [ RunTime:0.001318s ]
INFO: [ app_begin ] --END-- [ RunTime:0.001505s ]
SQL: SHOW COLUMNS FROM `hd_node` [ RunTime:0.006322s ]
SQL: SELECT * FROM `hd_node` ORDER BY sort  [ RunTime:0.000374s ]
INFO: [ view_parse ] --START--

[ 2018-03-08T22:37:14+08:00 ] 127.0.0.1 /wish2/index.php/Admin/Rbac/node
INFO: [ route_check ] --START--
INFO: CheckRoute Behavior ::run [ RunTime:0.001986s ]
INFO: [ route_check ] --END-- [ RunTime:0.002202s ]
INFO: [ app_begin ] --START--
INFO: ReadHtmlCache Behavior ::run [ RunTime:0.001542s ]
INFO: [ app_begin ] --END-- [ RunTime:0.001722s ]
SQL: SHOW COLUMNS FROM `hd_node` [ RunTime:0.007157s ]
SQL: SELECT * FROM `hd_node` ORDER BY sort  [ RunTime:0.000415s ]
INFO: [ view_parse ] --START--

[ 2018-03-08T22:37:14+08:00 ] 127.0.0.1 /wish2/index.php/Admin/Rbac/node
INFO: [ route_check ] --START--
INFO: CheckRoute Behavior ::run [ RunTime:0.002042s ]
INFO: [ route_check ] --END-- [ RunTime:0.002270s ]
INFO: [ app_begin ] --START--
INFO: ReadHtmlCache Behavior ::run [ RunTime:0.002177s ]
INFO: [ app_begin ] --END-- [ RunTime:0.002399s ]
SQL: SHOW COLUMNS FROM `hd_node` [ RunTime:0.006398s ]
SQL: SELECT * FROM `hd_node` ORDER BY sort  [ RunTime:0.000401s ]
INFO: [ view_parse ] --START--

[ 2018-03-08T22:37:14+08:00 ] 127.0.0.1 /wish2/index.php/Admin/Rbac/node
INFO: [ route_check ] --START--
INFO: CheckRoute Behavior ::run [ RunTime:0.002011s ]
INFO: [ route_check ] --END-- [ RunTime:0.002226s ]
INFO: [ app_begin ] --START--
INFO: ReadHtmlCache Behavior ::run [ RunTime:0.001683s ]
INFO: [ app_begin ] --END-- [ RunTime:0.001898s ]
SQL: SHOW COLUMNS FROM `hd_node` [ RunTime:0.006340s ]
SQL: SELECT * FROM `hd_node` ORDER BY sort  [ RunTime:0.000380s ]
INFO: [ view_parse ] --START--

[ 2018-03-08T22:37:14+08:00 ] 127.0.0.1 /wish2/index.php/Admin/Rbac/node
INFO: [ route_check ] --START--
INFO: CheckRoute Behavior ::run [ RunTime:0.001744s ]
INFO: [ route_check ] --END-- [ RunTime:0.001960s ]
INFO: [ app_begin ] --START--
INFO: ReadHtmlCache Behavior ::run [ RunTime:0.001131s ]
INFO: [ app_begin ] --END-- [ RunTime:0.001306s ]
SQL: SHOW COLUMNS FROM `hd_node` [ RunTime:0.006444s ]
SQL: SELECT * FROM `hd_node` ORDER BY sort  [ RunTime:0.000366s ]
INFO: [ view_parse ] --START--

[ 2018-03-08T22:37:15+08:00 ] 127.0.0.1 /wish2/index.php/Admin/Rbac/node
INFO: [ route_check ] --START--
INFO: CheckRoute Behavior ::run [ RunTime:0.001693s ]
INFO: [ route_check ] --END-- [ RunTime:0.001918s ]
INFO: [ app_begin ] --START--
INFO: ReadHtmlCache Behavior ::run [ RunTime:0.001195s ]
INFO: [ app_begin ] --END-- [ RunTime:0.001380s ]
SQL: SHOW COLUMNS FROM `hd_node` [ RunTime:0.054343s ]
SQL: SELECT * FROM `hd_node` ORDER BY sort  [ RunTime:0.000559s ]
INFO: [ view_parse ] --START--

[ 2018-03-08T22:37:15+08:00 ] 127.0.0.1 /wish2/index.php/Admin/Rbac/node
INFO: [ route_check ] --START--
INFO: CheckRoute Behavior ::run [ RunTime:0.001675s ]
INFO: [ route_check ] --END-- [ RunTime:0.001893s ]
INFO: [ app_begin ] --START--
INFO: ReadHtmlCache Behavior ::run [ RunTime:0.001373s ]
INFO: [ app_begin ] --END-- [ RunTime:0.001630s ]
SQL: SHOW COLUMNS FROM `hd_node` [ RunTime:0.008467s ]
SQL: SELECT * FROM `hd_node` ORDER BY sort  [ RunTime:0.000389s ]
INFO: [ view_parse ] --START--

[ 2018-03-08T22:37:15+08:00 ] 127.0.0.1 /wish2/index.php/Admin/Rbac/node
INFO: [ route_check ] --START--
INFO: CheckRoute Behavior ::run [ RunTime:0.001676s ]
INFO: [ route_check ] --END-- [ RunTime:0.001880s ]
INFO: [ app_begin ] --START--
INFO: ReadHtmlCache Behavior ::run [ RunTime:0.001327s ]
INFO: [ app_begin ] --END-- [ RunTime:0.001501s ]
SQL: SHOW COLUMNS FROM `hd_node` [ RunTime:0.006725s ]
SQL: SELECT * FROM `hd_node` ORDER BY sort  [ RunTime:0.000442s ]
INFO: [ view_parse ] --START--

[ 2018-03-08T22:37:22+08:00 ] 127.0.0.1 /wish2/index.php/Admin/Index/index
INFO: [ route_check ] --START--
INFO: CheckRoute Behavior ::run [ RunTime:0.001299s ]
INFO: [ route_check ] --END-- [ RunTime:0.001507s ]
INFO: [ app_begin ] --START--
INFO: ReadHtmlCache Behavior ::run [ RunTime:0.001016s ]
INFO: [ app_begin ] --END-- [ RunTime:0.001252s ]
INFO: [ view_parse ] --START--
INFO: ParseTemplate Behavior ::run [ RunTime:0.015349s ]
INFO: [ view_parse ] --END-- [ RunTime:0.015562s ]
INFO: [ view_filter ] --START--
INFO: ContentReplace Behavior ::run [ RunTime:0.002343s ]
INFO: TokenBuild Behavior ::run [ RunTime:0.001202s ]
INFO: WriteHtmlCache Behavior ::run [ RunTime:0.001416s ]
INFO: ShowRuntime Behavior ::run [ RunTime:0.001154s ]
INFO: [ view_filter ] --END-- [ RunTime:0.006806s ]
INFO: [ view_end ] --START--
INFO: ShowPageTrace Behavior ::run [ RunTime:0.001260s ]
INFO: [ view_end ] --END-- [ RunTime:0.001429s ]

[ 2018-03-08T22:37:28+08:00 ] 127.0.0.1 /wish2/index.php/Admin/Rbac/node
INFO: [ route_check ] --START--
INFO: CheckRoute Behavior ::run [ RunTime:0.001308s ]
INFO: [ route_check ] --END-- [ RunTime:0.001510s ]
INFO: [ app_begin ] --START--
INFO: ReadHtmlCache Behavior ::run [ RunTime:0.000964s ]
INFO: [ app_begin ] --END-- [ RunTime:0.001137s ]
SQL: SHOW COLUMNS FROM `hd_node` [ RunTime:0.006131s ]
SQL: SELECT * FROM `hd_node` ORDER BY sort  [ RunTime:0.000367s ]
INFO: [ view_parse ] --START--

[ 2018-03-08T22:39:34+08:00 ] 127.0.0.1 /wish2/index.php/Admin/Index/index
INFO: [ route_check ] --START--
INFO: CheckRoute Behavior ::run [ RunTime:0.001691s ]
INFO: [ route_check ] --END-- [ RunTime:0.001914s ]
INFO: [ app_begin ] --START--
INFO: ReadHtmlCache Behavior ::run [ RunTime:0.001307s ]
INFO: [ app_begin ] --END-- [ RunTime:0.001485s ]
INFO: [ view_parse ] --START--
INFO: ParseTemplate Behavior ::run [ RunTime:0.016116s ]
INFO: [ view_parse ] --END-- [ RunTime:0.016348s ]
INFO: [ view_filter ] --START--
INFO: ContentReplace Behavior ::run [ RunTime:0.001125s ]
INFO: TokenBuild Behavior ::run [ RunTime:0.001045s ]
INFO: WriteHtmlCache Behavior ::run [ RunTime:0.000736s ]
INFO: ShowRuntime Behavior ::run [ RunTime:0.001163s ]
INFO: [ view_filter ] --END-- [ RunTime:0.004654s ]
INFO: [ view_end ] --START--
INFO: ShowPageTrace Behavior ::run [ RunTime:0.002822s ]
INFO: [ view_end ] --END-- [ RunTime:0.003025s ]

[ 2018-03-08T22:39:39+08:00 ] 127.0.0.1 /wish2/index.php/Admin/Rbac/node
INFO: [ route_check ] --START--
INFO: CheckRoute Behavior ::run [ RunTime:0.001288s ]
INFO: [ route_check ] --END-- [ RunTime:0.001552s ]
INFO: [ app_begin ] --START--
INFO: ReadHtmlCache Behavior ::run [ RunTime:0.001014s ]
INFO: [ app_begin ] --END-- [ RunTime:0.001191s ]
SQL: SHOW COLUMNS FROM `hd_node` [ RunTime:0.006807s ]
SQL: SELECT * FROM `hd_node` ORDER BY sort  [ RunTime:0.000306s ]
INFO: [ view_parse ] --START--
INFO: ParseTemplate Behavior ::run [ RunTime:0.014897s ]
INFO: [ view_parse ] --END-- [ RunTime:0.015112s ]
INFO: [ view_filter ] --START--
INFO: ContentReplace Behavior ::run [ RunTime:0.000734s ]
INFO: TokenBuild Behavior ::run [ RunTime:0.000794s ]
INFO: WriteHtmlCache Behavior ::run [ RunTime:0.000557s ]
INFO: ShowRuntime Behavior ::run [ RunTime:0.000975s ]
INFO: [ view_filter ] --END-- [ RunTime:0.003692s ]
INFO: [ view_end ] --START--
INFO: ShowPageTrace Behavior ::run [ RunTime:0.001165s ]
INFO: [ view_end ] --END-- [ RunTime:0.001335s ]

[ 2018-03-08T22:39:52+08:00 ] 127.0.0.1 /wish2/index.php/Admin/Rbac/node
INFO: [ route_check ] --START--
INFO: CheckRoute Behavior ::run [ RunTime:0.001962s ]
INFO: [ route_check ] --END-- [ RunTime:0.002184s ]
INFO: [ app_begin ] --START--
INFO: ReadHtmlCache Behavior ::run [ RunTime:0.002200s ]
INFO: [ app_begin ] --END-- [ RunTime:0.002418s ]
SQL: SHOW COLUMNS FROM `hd_node` [ RunTime:0.007290s ]
SQL: SELECT * FROM `hd_node` ORDER BY sort  [ RunTime:0.000375s ]
INFO: [ view_parse ] --START--
INFO: ParseTemplate Behavior ::run [ RunTime:0.018109s ]
INFO: [ view_parse ] --END-- [ RunTime:0.018328s ]
INFO: [ view_filter ] --START--
INFO: ContentReplace Behavior ::run [ RunTime:0.001002s ]
INFO: TokenBuild Behavior ::run [ RunTime:0.000961s ]
INFO: WriteHtmlCache Behavior ::run [ RunTime:0.000752s ]
INFO: ShowRuntime Behavior ::run [ RunTime:0.001163s ]
INFO: [ view_filter ] --END-- [ RunTime:0.004348s ]
INFO: [ view_end ] --START--
INFO: ShowPageTrace Behavior ::run [ RunTime:0.001436s ]
INFO: [ view_end ] --END-- [ RunTime:0.001606s ]

[ 2018-03-08T22:40:01+08:00 ] 127.0.0.1 /wish2/index.php/Admin/Rbac/addNode/pid/1/level/2
INFO: [ route_check ] --START--
INFO: CheckRoute Behavior ::run [ RunTime:0.001731s ]
INFO: [ route_check ] --END-- [ RunTime:0.001950s ]
INFO: [ app_begin ] --START--
INFO: ReadHtmlCache Behavior ::run [ RunTime:0.001397s ]
INFO: [ app_begin ] --END-- [ RunTime:0.001639s ]

[ 2018-03-08T22:40:11+08:00 ] 127.0.0.1 /wish2/index.php/Admin/Rbac/addNode
INFO: [ route_check ] --START--
INFO: CheckRoute Behavior ::run [ RunTime:0.001330s ]
INFO: [ route_check ] --END-- [ RunTime:0.001550s ]
INFO: [ app_begin ] --START--
INFO: ReadHtmlCache Behavior ::run [ RunTime:0.001023s ]
INFO: [ app_begin ] --END-- [ RunTime:0.001200s ]

[ 2018-03-08T22:41:30+08:00 ] 127.0.0.1 /wish2/index.php/Admin/Rbac/addNode/pid/1/level/2
INFO: [ route_check ] --START--
INFO: CheckRoute Behavior ::run [ RunTime:0.001272s ]
INFO: [ route_check ] --END-- [ RunTime:0.001478s ]
INFO: [ app_begin ] --START--
INFO: ReadHtmlCache Behavior ::run [ RunTime:0.000960s ]
INFO: [ app_begin ] --END-- [ RunTime:0.001136s ]

[ 2018-03-08T22:41:37+08:00 ] 127.0.0.1 /wish2/index.php/Admin/Rbac/addNode
INFO: [ route_check ] --START--
INFO: CheckRoute Behavior ::run [ RunTime:0.001298s ]
INFO: [ route_check ] --END-- [ RunTime:0.001528s ]
INFO: [ app_begin ] --START--
INFO: ReadHtmlCache Behavior ::run [ RunTime:0.001011s ]
INFO: [ app_begin ] --END-- [ RunTime:0.001189s ]

[ 2018-03-08T22:41:43+08:00 ] 127.0.0.1 /wish2/index.php/Admin/Rbac/addNode
INFO: [ route_check ] --START--
INFO: CheckRoute Behavior ::run [ RunTime:0.001323s ]
INFO: [ route_check ] --END-- [ RunTime:0.001531s ]
INFO: [ app_begin ] --START--
INFO: ReadHtmlCache Behavior ::run [ RunTime:0.000977s ]
INFO: [ app_begin ] --END-- [ RunTime:0.001154s ]

[ 2018-03-08T22:41:47+08:00 ] 127.0.0.1 /wish2/index.php/Admin/Rbac/addNode/pid/1/level/2
INFO: [ route_check ] --START--
INFO: CheckRoute Behavior ::run [ RunTime:0.001316s ]
INFO: [ route_check ] --END-- [ RunTime:0.001523s ]
INFO: [ app_begin ] --START--
INFO: ReadHtmlCache Behavior ::run [ RunTime:0.000968s ]
INFO: [ app_begin ] --END-- [ RunTime:0.001145s ]

[ 2018-03-08T22:42:03+08:00 ] 127.0.0.1 /wish2/index.php/Admin/Rbac/addNode/pid/2/level/2
INFO: [ route_check ] --START--
INFO: CheckRoute Behavior ::run [ RunTime:0.001689s ]
INFO: [ route_check ] --END-- [ RunTime:0.001909s ]
INFO: [ app_begin ] --START--
INFO: ReadHtmlCache Behavior ::run [ RunTime:0.001189s ]
INFO: [ app_begin ] --END-- [ RunTime:0.001378s ]

[ 2018-03-08T22:53:10+08:00 ] 127.0.0.1 /wish2/index.php/Admin/Rbac/addNode
INFO: [ route_check ] --START--
INFO: CheckRoute Behavior ::run [ RunTime:0.003054s ]
INFO: [ route_check ] --END-- [ RunTime:0.003293s ]
INFO: [ app_begin ] --START--
INFO: ReadHtmlCache Behavior ::run [ RunTime:0.001217s ]
INFO: [ app_begin ] --END-- [ RunTime:0.001399s ]
INFO: [ view_parse ] --START--
INFO: ParseTemplate Behavior ::run [ RunTime:0.014795s ]
INFO: [ view_parse ] --END-- [ RunTime:0.015025s ]
INFO: [ view_filter ] --START--
INFO: ContentReplace Behavior ::run [ RunTime:0.000939s ]
INFO: TokenBuild Behavior ::run [ RunTime:0.001254s ]
INFO: WriteHtmlCache Behavior ::run [ RunTime:0.000741s ]
INFO: ShowRuntime Behavior ::run [ RunTime:0.001113s ]
INFO: [ view_filter ] --END-- [ RunTime:0.004729s ]
INFO: [ view_end ] --START--
INFO: ShowPageTrace Behavior ::run [ RunTime:0.001210s ]
INFO: [ view_end ] --END-- [ RunTime:0.001381s ]

[ 2018-03-08T22:53:16+08:00 ] 127.0.0.1 /wish2/index.php/Admin/Rbac/addNode/pid/1/level/2
INFO: [ route_check ] --START--
INFO: CheckRoute Behavior ::run [ RunTime:0.001285s ]
INFO: [ route_check ] --END-- [ RunTime:0.001503s ]
INFO: [ app_begin ] --START--
INFO: ReadHtmlCache Behavior ::run [ RunTime:0.000994s ]
INFO: [ app_begin ] --END-- [ RunTime:0.001171s ]
INFO: [ view_parse ] --START--
INFO: ParseTemplate Behavior ::run [ RunTime:0.016601s ]
INFO: [ view_parse ] --END-- [ RunTime:0.016829s ]
INFO: [ view_filter ] --START--
INFO: ContentReplace Behavior ::run [ RunTime:0.000759s ]
INFO: TokenBuild Behavior ::run [ RunTime:0.000944s ]
INFO: WriteHtmlCache Behavior ::run [ RunTime:0.000673s ]
INFO: ShowRuntime Behavior ::run [ RunTime:0.001007s ]
INFO: [ view_filter ] --END-- [ RunTime:0.003904s ]
INFO: [ view_end ] --START--
INFO: ShowPageTrace Behavior ::run [ RunTime:0.001442s ]
INFO: [ view_end ] --END-- [ RunTime:0.001638s ]

[ 2018-03-08T22:53:23+08:00 ] 127.0.0.1 /wish2/index.php/Admin/Rbac/addNode/pid/2/level/2
INFO: [ route_check ] --START--
INFO: CheckRoute Behavior ::run [ RunTime:0.001299s ]
INFO: [ route_check ] --END-- [ RunTime:0.001516s ]
INFO: [ app_begin ] --START--
INFO: ReadHtmlCache Behavior ::run [ RunTime:0.001179s ]
INFO: [ app_begin ] --END-- [ RunTime:0.001366s ]
INFO: [ view_parse ] --START--
INFO: ParseTemplate Behavior ::run [ RunTime:0.013552s ]
INFO: [ view_parse ] --END-- [ RunTime:0.013780s ]
INFO: [ view_filter ] --START--
INFO: ContentReplace Behavior ::run [ RunTime:0.000777s ]
INFO: TokenBuild Behavior ::run [ RunTime:0.000786s ]
INFO: WriteHtmlCache Behavior ::run [ RunTime:0.000556s ]
INFO: ShowRuntime Behavior ::run [ RunTime:0.004789s ]
INFO: [ view_filter ] --END-- [ RunTime:0.007596s ]
INFO: [ view_end ] --START--
INFO: ShowPageTrace Behavior ::run [ RunTime:0.001282s ]
INFO: [ view_end ] --END-- [ RunTime:0.001460s ]

